2019-04-19 09:33:46,341 	 [DEBUG | template.py:63] > Added node order (service)
2019-04-19 09:33:46,341 	 [DEBUG | template.py:63] > Added node rabbitmq (micro.nodes.MessageBroker)
2019-04-19 09:33:46,341 	 [DEBUG | template.py:63] > Added node shipping (service)
2019-04-19 09:33:46,342 	 [DEBUG | template.py:63] > Added node order_db (database)
2019-04-19 09:33:46,342 	 [DEBUG | template.py:63] > Added node gateway (micro.nodes.ApiGateway)
2019-04-19 09:33:46,342 	 [INFO | yml.py:71] > Adding relationship from order (service) to order_db (database)
2019-04-19 09:33:46,342 	 [DEBUG | nodes.py:92] > order (service): adding runtime link to order_db (database)
2019-04-19 09:33:46,342 	 [INFO | yml.py:71] > Adding relationship from order (service) to rabbitmq (micro.nodes.MessageBroker)
2019-04-19 09:33:46,343 	 [DEBUG | nodes.py:92] > order (service): adding runtime link to rabbitmq (micro.nodes.MessageBroker)
2019-04-19 09:33:46,343 	 [INFO | yml.py:79] > Adding Timeout relationship from order (service) to shipping (service)
2019-04-19 09:33:46,343 	 [DEBUG | nodes.py:92] > order (service): adding runtime link to shipping (service)
2019-04-19 09:33:46,343 	 [INFO | yml.py:71] > Adding relationship from order (service) to order_db (database)
2019-04-19 09:33:46,343 	 [DEBUG | nodes.py:100] > order (service): adding deployment link to order_db (database)
2019-04-19 09:33:46,343 	 [INFO | yml.py:71] > Adding relationship from order (service) to shipping (service)
2019-04-19 09:33:46,344 	 [DEBUG | nodes.py:100] > order (service): adding deployment link to shipping (service)
2019-04-19 09:33:46,344 	 [INFO | yml.py:71] > Adding relationship from shipping (service) to rabbitmq (micro.nodes.MessageBroker)
2019-04-19 09:33:46,344 	 [DEBUG | nodes.py:92] > shipping (service): adding runtime link to rabbitmq (micro.nodes.MessageBroker)
2019-04-19 09:33:46,344 	 [INFO | yml.py:71] > Adding relationship from shipping (service) to order_db (database)
2019-04-19 09:33:46,344 	 [DEBUG | nodes.py:92] > shipping (service): adding runtime link to order_db (database)
2019-04-19 09:33:46,345 	 [INFO | yml.py:71] > Adding relationship from shipping (service) to order_db (database)
2019-04-19 09:33:46,345 	 [DEBUG | nodes.py:100] > shipping (service): adding deployment link to order_db (database)
2019-04-19 09:33:46,345 	 [INFO | yml.py:71] > Adding relationship from gateway (micro.nodes.ApiGateway) to shipping (service)
2019-04-19 09:33:46,345 	 [DEBUG | nodes.py:92] > gateway (micro.nodes.ApiGateway): adding runtime link to shipping (service)
2019-04-19 09:33:46,345 	 [DEBUG | template.py:74] > Added group edgenodes (edge)
2019-04-19 09:39:40,851 	 [INFO | json.py:16] > Loading JSON file: data/examples/helloworld.json
2019-04-19 09:39:40,852 	 [DEBUG | template.py:63] > Added node shipping (service)
2019-04-19 09:39:40,852 	 [DEBUG | template.py:63] > Added node order_db (database)
2019-04-19 09:39:40,852 	 [DEBUG | template.py:63] > Added node order (service)
2019-04-19 09:39:40,852 	 [DEBUG | template.py:63] > Added node rabbitmq (micro.nodes.MessageBroker)
2019-04-19 09:39:40,852 	 [DEBUG | template.py:63] > Added node gateway (micro.nodes.ApiGateway)
2019-04-19 09:39:40,852 	 [DEBUG | nodes.py:92] > shipping (service): adding runtime link to order_db (database)
2019-04-19 09:39:40,853 	 [DEBUG | nodes.py:92] > shipping (service): adding runtime link to rabbitmq (micro.nodes.MessageBroker)
2019-04-19 09:39:40,853 	 [DEBUG | nodes.py:100] > shipping (service): adding deployment link to order_db (database)
2019-04-19 09:39:40,853 	 [DEBUG | nodes.py:92] > order (service): adding runtime link to shipping (service)
2019-04-19 09:39:40,853 	 [DEBUG | nodes.py:92] > order (service): adding runtime link to order_db (database)
2019-04-19 09:39:40,853 	 [DEBUG | nodes.py:92] > order (service): adding runtime link to rabbitmq (micro.nodes.MessageBroker)
2019-04-19 09:39:40,853 	 [DEBUG | nodes.py:100] > order (service): adding deployment link to shipping (service)
2019-04-19 09:39:40,853 	 [DEBUG | nodes.py:100] > order (service): adding deployment link to order_db (database)
2019-04-19 09:39:40,854 	 [DEBUG | nodes.py:92] > gateway (micro.nodes.ApiGateway): adding runtime link to shipping (service)
2019-04-19 09:39:40,854 	 [INFO | json.py:73] > Added shipping to group:edgegroup  name:edgenodes
2019-04-19 09:39:40,854 	 [INFO | json.py:73] > Added order to group:edgegroup  name:edgenodes
2019-04-19 09:39:40,854 	 [INFO | json.py:73] > Added gateway to group:edgegroup  name:edgenodes
2019-04-19 09:39:40,854 	 [DEBUG | template.py:74] > Added group edgenodes (edge)
2019-04-19 10:08:37,163 	 [DEBUG | template.py:63] > Added node order (service)
2019-04-19 10:08:37,163 	 [DEBUG | template.py:63] > Added node rabbitmq (micro.nodes.MessageBroker)
2019-04-19 10:08:37,163 	 [DEBUG | template.py:63] > Added node shipping (service)
2019-04-19 10:08:37,164 	 [DEBUG | template.py:63] > Added node order_db (database)
2019-04-19 10:08:37,164 	 [DEBUG | template.py:63] > Added node gateway (micro.nodes.ApiGateway)
2019-04-19 10:08:37,164 	 [INFO | yml.py:71] > Adding relationship from order (service) to order_db (database)
2019-04-19 10:08:37,164 	 [DEBUG | nodes.py:92] > order (service): adding runtime link to order_db (database)
2019-04-19 10:08:37,164 	 [INFO | yml.py:71] > Adding relationship from order (service) to rabbitmq (micro.nodes.MessageBroker)
2019-04-19 10:08:37,164 	 [DEBUG | nodes.py:92] > order (service): adding runtime link to rabbitmq (micro.nodes.MessageBroker)
2019-04-19 10:08:37,164 	 [INFO | yml.py:79] > Adding Timeout relationship from order (service) to shipping (service)
2019-04-19 10:08:37,165 	 [DEBUG | nodes.py:92] > order (service): adding runtime link to shipping (service)
2019-04-19 10:08:37,165 	 [INFO | yml.py:71] > Adding relationship from order (service) to order_db (database)
2019-04-19 10:08:37,165 	 [DEBUG | nodes.py:100] > order (service): adding deployment link to order_db (database)
2019-04-19 10:08:37,165 	 [INFO | yml.py:71] > Adding relationship from order (service) to shipping (service)
2019-04-19 10:08:37,165 	 [DEBUG | nodes.py:100] > order (service): adding deployment link to shipping (service)
2019-04-19 10:08:37,165 	 [INFO | yml.py:71] > Adding relationship from shipping (service) to rabbitmq (micro.nodes.MessageBroker)
2019-04-19 10:08:37,165 	 [DEBUG | nodes.py:92] > shipping (service): adding runtime link to rabbitmq (micro.nodes.MessageBroker)
2019-04-19 10:08:37,166 	 [INFO | yml.py:71] > Adding relationship from shipping (service) to order_db (database)
2019-04-19 10:08:37,166 	 [DEBUG | nodes.py:92] > shipping (service): adding runtime link to order_db (database)
2019-04-19 10:08:37,166 	 [INFO | yml.py:71] > Adding relationship from shipping (service) to order_db (database)
2019-04-19 10:08:37,166 	 [DEBUG | nodes.py:100] > shipping (service): adding deployment link to order_db (database)
2019-04-19 10:08:37,166 	 [INFO | yml.py:71] > Adding relationship from gateway (micro.nodes.ApiGateway) to shipping (service)
2019-04-19 10:08:37,166 	 [DEBUG | nodes.py:92] > gateway (micro.nodes.ApiGateway): adding runtime link to shipping (service)
2019-04-19 10:08:37,167 	 [DEBUG | template.py:74] > Added group edgenodes (edge)
2019-04-19 10:09:14,343 	 [DEBUG | template.py:63] > Added node order (service)
2019-04-19 10:09:14,343 	 [DEBUG | template.py:63] > Added node rabbitmq (micro.nodes.MessageBroker)
2019-04-19 10:09:14,344 	 [DEBUG | template.py:63] > Added node shipping (service)
2019-04-19 10:09:14,344 	 [DEBUG | template.py:63] > Added node order_db (database)
2019-04-19 10:09:14,344 	 [DEBUG | template.py:63] > Added node gateway (micro.nodes.ApiGateway)
2019-04-19 10:09:14,344 	 [INFO | yml.py:71] > Adding relationship from order (service) to order_db (database)
2019-04-19 10:09:14,345 	 [DEBUG | nodes.py:92] > order (service): adding runtime link to order_db (database)
2019-04-19 10:09:14,345 	 [INFO | yml.py:71] > Adding relationship from order (service) to rabbitmq (micro.nodes.MessageBroker)
2019-04-19 10:09:14,345 	 [DEBUG | nodes.py:92] > order (service): adding runtime link to rabbitmq (micro.nodes.MessageBroker)
2019-04-19 10:09:14,345 	 [INFO | yml.py:79] > Adding Timeout relationship from order (service) to shipping (service)
2019-04-19 10:09:14,345 	 [DEBUG | nodes.py:92] > order (service): adding runtime link to shipping (service)
2019-04-19 10:09:14,346 	 [INFO | yml.py:71] > Adding relationship from order (service) to order_db (database)
2019-04-19 10:09:14,346 	 [DEBUG | nodes.py:100] > order (service): adding deployment link to order_db (database)
2019-04-19 10:09:14,346 	 [INFO | yml.py:71] > Adding relationship from order (service) to shipping (service)
2019-04-19 10:09:14,346 	 [DEBUG | nodes.py:100] > order (service): adding deployment link to shipping (service)
2019-04-19 10:09:14,346 	 [INFO | yml.py:71] > Adding relationship from shipping (service) to rabbitmq (micro.nodes.MessageBroker)
2019-04-19 10:09:14,346 	 [DEBUG | nodes.py:92] > shipping (service): adding runtime link to rabbitmq (micro.nodes.MessageBroker)
2019-04-19 10:09:14,347 	 [INFO | yml.py:71] > Adding relationship from shipping (service) to order_db (database)
2019-04-19 10:09:14,347 	 [DEBUG | nodes.py:92] > shipping (service): adding runtime link to order_db (database)
2019-04-19 10:09:14,347 	 [INFO | yml.py:71] > Adding relationship from shipping (service) to order_db (database)
2019-04-19 10:09:14,347 	 [DEBUG | nodes.py:100] > shipping (service): adding deployment link to order_db (database)
2019-04-19 10:09:14,347 	 [INFO | yml.py:71] > Adding relationship from gateway (micro.nodes.ApiGateway) to shipping (service)
2019-04-19 10:09:14,347 	 [DEBUG | nodes.py:92] > gateway (micro.nodes.ApiGateway): adding runtime link to shipping (service)
2019-04-19 10:09:14,348 	 [DEBUG | template.py:74] > Added group edgenodes (edge)
2019-04-19 10:14:01,755 	 [DEBUG | template.py:63] > Added node order (service)
2019-04-19 10:14:01,755 	 [DEBUG | template.py:63] > Added node rabbitmq (micro.nodes.MessageBroker)
2019-04-19 10:14:01,755 	 [DEBUG | template.py:63] > Added node shipping (service)
2019-04-19 10:14:01,755 	 [DEBUG | template.py:63] > Added node order_db (database)
2019-04-19 10:14:01,755 	 [DEBUG | template.py:63] > Added node gateway (micro.nodes.ApiGateway)
2019-04-19 10:14:01,756 	 [INFO | yml.py:71] > Adding relationship from order (service) to order_db (database)
2019-04-19 10:14:01,756 	 [DEBUG | nodes.py:92] > order (service): adding runtime link to order_db (database)
2019-04-19 10:14:01,756 	 [INFO | yml.py:71] > Adding relationship from order (service) to rabbitmq (micro.nodes.MessageBroker)
2019-04-19 10:14:01,756 	 [DEBUG | nodes.py:92] > order (service): adding runtime link to rabbitmq (micro.nodes.MessageBroker)
2019-04-19 10:14:01,756 	 [INFO | yml.py:79] > Adding Timeout relationship from order (service) to shipping (service)
2019-04-19 10:14:01,756 	 [DEBUG | nodes.py:92] > order (service): adding runtime link to shipping (service)
2019-04-19 10:14:01,756 	 [INFO | yml.py:71] > Adding relationship from order (service) to order_db (database)
2019-04-19 10:14:01,756 	 [DEBUG | nodes.py:100] > order (service): adding deployment link to order_db (database)
2019-04-19 10:14:01,756 	 [INFO | yml.py:71] > Adding relationship from order (service) to shipping (service)
2019-04-19 10:14:01,757 	 [DEBUG | nodes.py:100] > order (service): adding deployment link to shipping (service)
2019-04-19 10:14:01,757 	 [INFO | yml.py:71] > Adding relationship from shipping (service) to rabbitmq (micro.nodes.MessageBroker)
2019-04-19 10:14:01,757 	 [DEBUG | nodes.py:92] > shipping (service): adding runtime link to rabbitmq (micro.nodes.MessageBroker)
2019-04-19 10:14:01,757 	 [INFO | yml.py:71] > Adding relationship from shipping (service) to order_db (database)
2019-04-19 10:14:01,757 	 [DEBUG | nodes.py:92] > shipping (service): adding runtime link to order_db (database)
2019-04-19 10:14:01,758 	 [INFO | yml.py:71] > Adding relationship from shipping (service) to order_db (database)
2019-04-19 10:14:01,758 	 [DEBUG | nodes.py:100] > shipping (service): adding deployment link to order_db (database)
2019-04-19 10:14:01,758 	 [INFO | yml.py:71] > Adding relationship from gateway (micro.nodes.ApiGateway) to shipping (service)
2019-04-19 10:14:01,758 	 [DEBUG | nodes.py:92] > gateway (micro.nodes.ApiGateway): adding runtime link to shipping (service)
2019-04-19 10:14:01,758 	 [DEBUG | template.py:74] > Added group edgenodes (edge)
2019-04-19 10:14:06,187 	 [DEBUG | template.py:63] > Added node order (service)
2019-04-19 10:14:06,187 	 [DEBUG | template.py:63] > Added node rabbitmq (micro.nodes.MessageBroker)
2019-04-19 10:14:06,187 	 [DEBUG | template.py:63] > Added node shipping (service)
2019-04-19 10:14:06,187 	 [DEBUG | template.py:63] > Added node order_db (database)
2019-04-19 10:14:06,188 	 [DEBUG | template.py:63] > Added node gateway (micro.nodes.ApiGateway)
2019-04-19 10:14:06,188 	 [INFO | yml.py:71] > Adding relationship from order (service) to order_db (database)
2019-04-19 10:14:06,188 	 [DEBUG | nodes.py:92] > order (service): adding runtime link to order_db (database)
2019-04-19 10:14:06,188 	 [INFO | yml.py:71] > Adding relationship from order (service) to rabbitmq (micro.nodes.MessageBroker)
2019-04-19 10:14:06,188 	 [DEBUG | nodes.py:92] > order (service): adding runtime link to rabbitmq (micro.nodes.MessageBroker)
2019-04-19 10:14:06,189 	 [INFO | yml.py:79] > Adding Timeout relationship from order (service) to shipping (service)
2019-04-19 10:14:06,189 	 [DEBUG | nodes.py:92] > order (service): adding runtime link to shipping (service)
2019-04-19 10:14:06,189 	 [INFO | yml.py:71] > Adding relationship from order (service) to order_db (database)
2019-04-19 10:14:06,189 	 [DEBUG | nodes.py:100] > order (service): adding deployment link to order_db (database)
2019-04-19 10:14:06,189 	 [INFO | yml.py:71] > Adding relationship from order (service) to shipping (service)
2019-04-19 10:14:06,189 	 [DEBUG | nodes.py:100] > order (service): adding deployment link to shipping (service)
2019-04-19 10:14:06,190 	 [INFO | yml.py:71] > Adding relationship from shipping (service) to rabbitmq (micro.nodes.MessageBroker)
2019-04-19 10:14:06,190 	 [DEBUG | nodes.py:92] > shipping (service): adding runtime link to rabbitmq (micro.nodes.MessageBroker)
2019-04-19 10:14:06,190 	 [INFO | yml.py:71] > Adding relationship from shipping (service) to order_db (database)
2019-04-19 10:14:06,190 	 [DEBUG | nodes.py:92] > shipping (service): adding runtime link to order_db (database)
2019-04-19 10:14:06,190 	 [INFO | yml.py:71] > Adding relationship from shipping (service) to order_db (database)
2019-04-19 10:14:06,190 	 [DEBUG | nodes.py:100] > shipping (service): adding deployment link to order_db (database)
2019-04-19 10:14:06,191 	 [INFO | yml.py:71] > Adding relationship from gateway (micro.nodes.ApiGateway) to shipping (service)
2019-04-19 10:14:06,191 	 [DEBUG | nodes.py:92] > gateway (micro.nodes.ApiGateway): adding runtime link to shipping (service)
2019-04-19 10:14:06,191 	 [DEBUG | template.py:74] > Added group edgenodes (edge)
2019-04-19 10:14:06,195 	 [INFO | json.py:16] > Loading JSON file: data/examples/helloworld.json
2019-04-19 10:14:06,195 	 [DEBUG | template.py:63] > Added node shipping (service)
2019-04-19 10:14:06,196 	 [DEBUG | template.py:63] > Added node order_db (database)
2019-04-19 10:14:06,196 	 [DEBUG | template.py:63] > Added node order (service)
2019-04-19 10:14:06,196 	 [DEBUG | template.py:63] > Added node rabbitmq (micro.nodes.MessageBroker)
2019-04-19 10:14:06,196 	 [DEBUG | template.py:63] > Added node gateway (micro.nodes.ApiGateway)
2019-04-19 10:14:06,196 	 [DEBUG | nodes.py:92] > shipping (service): adding runtime link to order_db (database)
2019-04-19 10:14:06,196 	 [DEBUG | nodes.py:92] > shipping (service): adding runtime link to rabbitmq (micro.nodes.MessageBroker)
2019-04-19 10:14:06,197 	 [DEBUG | nodes.py:100] > shipping (service): adding deployment link to order_db (database)
2019-04-19 10:14:06,197 	 [DEBUG | nodes.py:92] > order (service): adding runtime link to shipping (service)
2019-04-19 10:14:06,197 	 [DEBUG | nodes.py:92] > order (service): adding runtime link to order_db (database)
2019-04-19 10:14:06,197 	 [DEBUG | nodes.py:92] > order (service): adding runtime link to rabbitmq (micro.nodes.MessageBroker)
2019-04-19 10:14:06,197 	 [DEBUG | nodes.py:100] > order (service): adding deployment link to shipping (service)
2019-04-19 10:14:06,197 	 [DEBUG | nodes.py:100] > order (service): adding deployment link to order_db (database)
2019-04-19 10:14:06,197 	 [DEBUG | nodes.py:92] > gateway (micro.nodes.ApiGateway): adding runtime link to shipping (service)
2019-04-19 10:14:06,198 	 [INFO | json.py:73] > Added shipping to group:edgegroup  name:edgenodes
2019-04-19 10:14:06,198 	 [INFO | json.py:73] > Added order to group:edgegroup  name:edgenodes
2019-04-19 10:14:06,198 	 [INFO | json.py:73] > Added gateway to group:edgegroup  name:edgenodes
2019-04-19 10:14:06,198 	 [DEBUG | template.py:74] > Added group edgenodes (edge)
2019-04-19 10:14:06,233 	 [DEBUG | template.py:63] > Added node order (service)
2019-04-19 10:14:06,233 	 [DEBUG | template.py:63] > Added node rabbitmq (micro.nodes.MessageBroker)
2019-04-19 10:14:06,234 	 [DEBUG | template.py:63] > Added node shipping (service)
2019-04-19 10:14:06,234 	 [DEBUG | template.py:63] > Added node order_db (database)
2019-04-19 10:14:06,235 	 [DEBUG | template.py:63] > Added node gateway (micro.nodes.ApiGateway)
2019-04-19 10:14:06,235 	 [INFO | yml.py:71] > Adding relationship from order (service) to order_db (database)
2019-04-19 10:14:06,236 	 [DEBUG | nodes.py:92] > order (service): adding runtime link to order_db (database)
2019-04-19 10:14:06,236 	 [INFO | yml.py:71] > Adding relationship from order (service) to rabbitmq (micro.nodes.MessageBroker)
2019-04-19 10:14:06,236 	 [DEBUG | nodes.py:92] > order (service): adding runtime link to rabbitmq (micro.nodes.MessageBroker)
2019-04-19 10:14:06,236 	 [INFO | yml.py:79] > Adding Timeout relationship from order (service) to shipping (service)
2019-04-19 10:14:06,237 	 [DEBUG | nodes.py:92] > order (service): adding runtime link to shipping (service)
2019-04-19 10:14:06,237 	 [INFO | yml.py:71] > Adding relationship from order (service) to order_db (database)
2019-04-19 10:14:06,237 	 [DEBUG | nodes.py:100] > order (service): adding deployment link to order_db (database)
2019-04-19 10:14:06,237 	 [INFO | yml.py:71] > Adding relationship from order (service) to shipping (service)
2019-04-19 10:14:06,237 	 [DEBUG | nodes.py:100] > order (service): adding deployment link to shipping (service)
2019-04-19 10:14:06,238 	 [INFO | yml.py:71] > Adding relationship from shipping (service) to rabbitmq (micro.nodes.MessageBroker)
2019-04-19 10:14:06,238 	 [DEBUG | nodes.py:92] > shipping (service): adding runtime link to rabbitmq (micro.nodes.MessageBroker)
2019-04-19 10:14:06,238 	 [INFO | yml.py:71] > Adding relationship from shipping (service) to order_db (database)
2019-04-19 10:14:06,238 	 [DEBUG | nodes.py:92] > shipping (service): adding runtime link to order_db (database)
2019-04-19 10:14:06,238 	 [INFO | yml.py:71] > Adding relationship from shipping (service) to order_db (database)
2019-04-19 10:14:06,239 	 [DEBUG | nodes.py:100] > shipping (service): adding deployment link to order_db (database)
2019-04-19 10:14:06,239 	 [INFO | yml.py:71] > Adding relationship from gateway (micro.nodes.ApiGateway) to shipping (service)
2019-04-19 10:14:06,239 	 [DEBUG | nodes.py:92] > gateway (micro.nodes.ApiGateway): adding runtime link to shipping (service)
2019-04-19 10:14:06,239 	 [DEBUG | template.py:74] > Added group edgenodes (edge)
2019-04-19 10:14:06,272 	 [DEBUG | template.py:63] > Added node order (service)
2019-04-19 10:14:06,273 	 [DEBUG | template.py:63] > Added node rabbitmq (micro.nodes.MessageBroker)
2019-04-19 10:14:06,273 	 [DEBUG | template.py:63] > Added node shipping (service)
2019-04-19 10:14:06,273 	 [DEBUG | template.py:63] > Added node order_db (database)
2019-04-19 10:14:06,273 	 [DEBUG | template.py:63] > Added node gateway (micro.nodes.ApiGateway)
2019-04-19 10:14:06,273 	 [INFO | yml.py:71] > Adding relationship from order (service) to order_db (database)
2019-04-19 10:14:06,273 	 [DEBUG | nodes.py:92] > order (service): adding runtime link to order_db (database)
2019-04-19 10:14:06,274 	 [INFO | yml.py:71] > Adding relationship from order (service) to rabbitmq (micro.nodes.MessageBroker)
2019-04-19 10:14:06,274 	 [DEBUG | nodes.py:92] > order (service): adding runtime link to rabbitmq (micro.nodes.MessageBroker)
2019-04-19 10:14:06,274 	 [INFO | yml.py:79] > Adding Timeout relationship from order (service) to shipping (service)
2019-04-19 10:14:06,274 	 [DEBUG | nodes.py:92] > order (service): adding runtime link to shipping (service)
2019-04-19 10:14:06,274 	 [INFO | yml.py:71] > Adding relationship from order (service) to order_db (database)
2019-04-19 10:14:06,275 	 [DEBUG | nodes.py:100] > order (service): adding deployment link to order_db (database)
2019-04-19 10:14:06,275 	 [INFO | yml.py:71] > Adding relationship from order (service) to shipping (service)
2019-04-19 10:14:06,275 	 [DEBUG | nodes.py:100] > order (service): adding deployment link to shipping (service)
2019-04-19 10:14:06,275 	 [INFO | yml.py:71] > Adding relationship from shipping (service) to rabbitmq (micro.nodes.MessageBroker)
2019-04-19 10:14:06,275 	 [DEBUG | nodes.py:92] > shipping (service): adding runtime link to rabbitmq (micro.nodes.MessageBroker)
2019-04-19 10:14:06,276 	 [INFO | yml.py:71] > Adding relationship from shipping (service) to order_db (database)
2019-04-19 10:14:06,276 	 [DEBUG | nodes.py:92] > shipping (service): adding runtime link to order_db (database)
2019-04-19 10:14:06,276 	 [INFO | yml.py:71] > Adding relationship from shipping (service) to order_db (database)
2019-04-19 10:14:06,276 	 [DEBUG | nodes.py:100] > shipping (service): adding deployment link to order_db (database)
2019-04-19 10:14:06,276 	 [INFO | yml.py:71] > Adding relationship from gateway (micro.nodes.ApiGateway) to shipping (service)
2019-04-19 10:14:06,277 	 [DEBUG | nodes.py:92] > gateway (micro.nodes.ApiGateway): adding runtime link to shipping (service)
2019-04-19 10:14:06,277 	 [DEBUG | template.py:74] > Added group edgenodes (edge)
2019-04-19 10:14:06,300 	 [DEBUG | template.py:63] > Added node order (service)
2019-04-19 10:14:06,301 	 [DEBUG | template.py:63] > Added node rabbitmq (micro.nodes.MessageBroker)
2019-04-19 10:14:06,301 	 [DEBUG | template.py:63] > Added node shipping (service)
2019-04-19 10:14:06,301 	 [DEBUG | template.py:63] > Added node order_db (database)
2019-04-19 10:14:06,301 	 [DEBUG | template.py:63] > Added node gateway (micro.nodes.ApiGateway)
2019-04-19 10:14:06,301 	 [INFO | yml.py:71] > Adding relationship from order (service) to order_db (database)
2019-04-19 10:14:06,301 	 [DEBUG | nodes.py:92] > order (service): adding runtime link to order_db (database)
2019-04-19 10:14:06,301 	 [INFO | yml.py:71] > Adding relationship from order (service) to rabbitmq (micro.nodes.MessageBroker)
2019-04-19 10:14:06,302 	 [DEBUG | nodes.py:92] > order (service): adding runtime link to rabbitmq (micro.nodes.MessageBroker)
2019-04-19 10:14:06,302 	 [INFO | yml.py:79] > Adding Timeout relationship from order (service) to shipping (service)
2019-04-19 10:14:06,302 	 [DEBUG | nodes.py:92] > order (service): adding runtime link to shipping (service)
2019-04-19 10:14:06,302 	 [INFO | yml.py:71] > Adding relationship from order (service) to order_db (database)
2019-04-19 10:14:06,302 	 [DEBUG | nodes.py:100] > order (service): adding deployment link to order_db (database)
2019-04-19 10:14:06,302 	 [INFO | yml.py:71] > Adding relationship from order (service) to shipping (service)
2019-04-19 10:14:06,302 	 [DEBUG | nodes.py:100] > order (service): adding deployment link to shipping (service)
2019-04-19 10:14:06,303 	 [INFO | yml.py:71] > Adding relationship from shipping (service) to rabbitmq (micro.nodes.MessageBroker)
2019-04-19 10:14:06,303 	 [DEBUG | nodes.py:92] > shipping (service): adding runtime link to rabbitmq (micro.nodes.MessageBroker)
2019-04-19 10:14:06,303 	 [INFO | yml.py:71] > Adding relationship from shipping (service) to order_db (database)
2019-04-19 10:14:06,303 	 [DEBUG | nodes.py:92] > shipping (service): adding runtime link to order_db (database)
2019-04-19 10:14:06,303 	 [INFO | yml.py:71] > Adding relationship from shipping (service) to order_db (database)
2019-04-19 10:14:06,303 	 [DEBUG | nodes.py:100] > shipping (service): adding deployment link to order_db (database)
2019-04-19 10:14:06,303 	 [INFO | yml.py:71] > Adding relationship from gateway (micro.nodes.ApiGateway) to shipping (service)
2019-04-19 10:14:06,304 	 [DEBUG | nodes.py:92] > gateway (micro.nodes.ApiGateway): adding runtime link to shipping (service)
2019-04-19 10:14:06,304 	 [DEBUG | template.py:74] > Added group edgenodes (edge)
2019-04-19 10:14:06,340 	 [DEBUG | template.py:63] > Added node order (service)
2019-04-19 10:14:06,340 	 [DEBUG | template.py:63] > Added node rabbitmq (micro.nodes.MessageBroker)
2019-04-19 10:14:06,340 	 [DEBUG | template.py:63] > Added node shipping (service)
2019-04-19 10:14:06,340 	 [DEBUG | template.py:63] > Added node order_db (database)
2019-04-19 10:14:06,340 	 [DEBUG | template.py:63] > Added node gateway (micro.nodes.ApiGateway)
2019-04-19 10:14:06,341 	 [INFO | yml.py:71] > Adding relationship from order (service) to order_db (database)
2019-04-19 10:14:06,341 	 [DEBUG | nodes.py:92] > order (service): adding runtime link to order_db (database)
2019-04-19 10:14:06,341 	 [INFO | yml.py:71] > Adding relationship from order (service) to rabbitmq (micro.nodes.MessageBroker)
2019-04-19 10:14:06,341 	 [DEBUG | nodes.py:92] > order (service): adding runtime link to rabbitmq (micro.nodes.MessageBroker)
2019-04-19 10:14:06,341 	 [INFO | yml.py:79] > Adding Timeout relationship from order (service) to shipping (service)
2019-04-19 10:14:06,341 	 [DEBUG | nodes.py:92] > order (service): adding runtime link to shipping (service)
2019-04-19 10:14:06,342 	 [INFO | yml.py:71] > Adding relationship from order (service) to order_db (database)
2019-04-19 10:14:06,342 	 [DEBUG | nodes.py:100] > order (service): adding deployment link to order_db (database)
2019-04-19 10:14:06,342 	 [INFO | yml.py:71] > Adding relationship from order (service) to shipping (service)
2019-04-19 10:14:06,342 	 [DEBUG | nodes.py:100] > order (service): adding deployment link to shipping (service)
2019-04-19 10:14:06,342 	 [INFO | yml.py:71] > Adding relationship from shipping (service) to rabbitmq (micro.nodes.MessageBroker)
2019-04-19 10:14:06,342 	 [DEBUG | nodes.py:92] > shipping (service): adding runtime link to rabbitmq (micro.nodes.MessageBroker)
2019-04-19 10:14:06,343 	 [INFO | yml.py:71] > Adding relationship from shipping (service) to order_db (database)
2019-04-19 10:14:06,343 	 [DEBUG | nodes.py:92] > shipping (service): adding runtime link to order_db (database)
2019-04-19 10:14:06,343 	 [INFO | yml.py:71] > Adding relationship from shipping (service) to order_db (database)
2019-04-19 10:14:06,343 	 [DEBUG | nodes.py:100] > shipping (service): adding deployment link to order_db (database)
2019-04-19 10:14:06,343 	 [INFO | yml.py:71] > Adding relationship from gateway (micro.nodes.ApiGateway) to shipping (service)
2019-04-19 10:14:06,343 	 [DEBUG | nodes.py:92] > gateway (micro.nodes.ApiGateway): adding runtime link to shipping (service)
2019-04-19 10:14:06,344 	 [DEBUG | template.py:74] > Added group edgenodes (edge)
