2019-05-13 11:00:08,946 	 [INFO | ymlloader.py:22] > Loading YML file data/examples/helloworld.yml
2019-05-13 11:01:53,517 	 [INFO | ymlloader.py:22] > Loading YML file data/examples/helloworld.yml
2019-05-13 11:12:11,024 	 [INFO | ymlloader.py:22] > Loading YML file data/examples/test_sniffer_ebsi.yml
2019-05-13 11:12:17,254 	 [INFO | ymlloader.py:22] > Loading YML file data/examples/test_sniffer_ebsi.yml
2019-05-13 11:12:30,716 	 [INFO | ymlloader.py:22] > Loading YML file data/examples/test_sniffer_ebsi.yml
2019-05-13 11:13:02,799 	 [INFO | ymlloader.py:22] > Loading YML file data/examples/test_sniffer_ebsi.yml
2019-05-13 11:13:12,905 	 [INFO | ymlloader.py:22] > Loading YML file data/examples/test_sniffer_ebsi.yml
2019-05-13 11:13:49,606 	 [INFO | ymlloader.py:22] > Loading YML file data/examples/test_sniffer_ebsi.yml
2019-05-13 11:15:15,584 	 [INFO | ymlloader.py:22] > Loading YML file data/examples/test_sniffer_ebsi.yml
2019-05-13 11:16:26,473 	 [INFO | ymlloader.py:22] > Loading YML file data/examples/test_sniffer_ebsi.yml
2019-05-13 11:17:43,768 	 [INFO | ymlloader.py:22] > Loading YML file data/examples/test_sniffer_ebsi.yml
2019-05-13 11:19:30,565 	 [INFO | ymlloader.py:22] > Loading YML file data/examples/test_sniffer_ebsi.yml
2019-05-13 11:33:46,275 	 [INFO | ymlloader.py:22] > Loading YML file data/examples/test_sniffer_ebsi.yml
2019-05-13 11:37:10,594 	 [INFO | ymlloader.py:22] > Loading YML file data/examples/test_sniffer_ebsi.yml
2019-05-13 11:39:40,090 	 [INFO | ymlloader.py:22] > Loading YML file data/examples/test_sniffer_ebsi.yml
2019-05-13 11:39:48,831 	 [INFO | ymlloader.py:22] > Loading YML file data/examples/test_sniffer_ebsi.yml
2019-05-13 11:42:54,722 	 [INFO | ymlloader.py:22] > Loading YML file data/examples/test_sniffer_ebsi.yml
2019-05-13 11:44:27,524 	 [INFO | ymlloader.py:22] > Loading YML file data/examples/test_sniffer_ebsi.yml
2019-05-13 11:45:37,759 	 [INFO | ymlloader.py:22] > Loading YML file data/examples/test_sniffer_ebsi.yml
2019-05-13 11:46:10,583 	 [INFO | ymlloader.py:22] > Loading YML file data/examples/test_sniffer_ebsi.yml
2019-05-13 11:46:18,220 	 [INFO | ymlloader.py:22] > Loading YML file data/examples/test_sniffer_ebsi.yml
2019-05-13 11:47:23,875 	 [INFO | ymlloader.py:22] > Loading YML file data/examples/test_sniffer_ebsi.yml
2019-05-13 11:47:34,603 	 [INFO | ymlloader.py:22] > Loading YML file data/examples/test_sniffer_ebsi.yml
2019-05-13 11:53:04,611 	 [INFO | ymlloader.py:22] > Loading YML file data/examples/test_sniffer_ebsi.yml
2019-05-13 11:53:26,326 	 [INFO | ymlloader.py:22] > Loading YML file data/examples/test_sniffer_ebsi.yml
2019-05-13 11:54:07,089 	 [INFO | ymlloader.py:22] > Loading YML file data/examples/test_sniffer_ebsi.yml
2019-05-13 11:54:15,396 	 [INFO | ymlloader.py:22] > Loading YML file data/examples/test_sniffer_ebsi.yml
2019-05-13 11:58:44,243 	 [INFO | ymlloader.py:22] > Loading YML file data/examples/test_sniffer_ebsi.yml
2019-05-13 11:59:09,361 	 [INFO | ymlloader.py:22] > Loading YML file data/examples/test_sniffer_ebsi.yml
2019-05-13 11:59:41,248 	 [INFO | ymlloader.py:22] > Loading YML file data/examples/test_sniffer_ebsi.yml
2019-05-13 12:13:49,417 	 [INFO | ymlloader.py:22] > Loading YML file data/examples/test_sniffer_ebsi.yml
2019-05-13 12:14:00,690 	 [INFO | ymlloader.py:22] > Loading YML file data/examples/test_sniffer_ebsi.yml
2019-05-13 12:14:27,442 	 [INFO | ymlloader.py:22] > Loading YML file data/examples/test_sniffer_ebsi.yml
2019-05-13 12:14:42,628 	 [INFO | ymlloader.py:22] > Loading YML file data/examples/test_sniffer_ebsi.yml
2019-05-13 12:15:08,844 	 [INFO | ymlloader.py:22] > Loading YML file data/examples/test_sniffer_ebsi.yml
2019-05-13 12:21:06,207 	 [INFO | ymlloader.py:22] > Loading YML file data/examples/helloworld.yml
2019-05-13 12:21:25,523 	 [INFO | ymlloader.py:22] > Loading YML file data/examples/helloworld.yml
2019-05-13 12:22:14,654 	 [INFO | ymlloader.py:22] > Loading YML file data/examples/test_sniffer_ebsi.yml
2019-05-13 12:22:37,952 	 [INFO | ymlloader.py:22] > Loading YML file data/examples/test_sniffer_ebsi.yml
2019-05-13 12:24:04,626 	 [INFO | ymlloader.py:22] > Loading YML file data/examples/test_relationship.yml
2019-05-13 12:28:48,828 	 [INFO | ymlloader.py:22] > Loading YML file data/examples/test_relationship.yml
2019-05-13 12:29:52,606 	 [INFO | ymlloader.py:22] > Loading YML file data/examples/test_relationship.yml
2019-05-13 12:29:59,453 	 [INFO | ymlloader.py:22] > Loading YML file data/examples/test_relationship.yml
2019-05-13 12:30:04,977 	 [INFO | ymlloader.py:22] > Loading YML file data/examples/test_relationship.yml
2019-05-13 12:31:23,377 	 [INFO | ymlloader.py:22] > Loading YML file data/examples/test_relationship.yml
2019-05-13 12:32:23,940 	 [INFO | ymlloader.py:22] > Loading YML file data/examples/test_relationship.yml
2019-05-13 12:32:50,656 	 [INFO | ymlloader.py:22] > Loading YML file data/examples/test_relationship.yml
2019-05-13 12:33:00,663 	 [INFO | ymlloader.py:22] > Loading YML file data/examples/test_relationship.yml
2019-05-13 12:33:19,727 	 [INFO | ymlloader.py:22] > Loading YML file data/examples/test_relationship.yml
2019-05-13 15:59:13,009 	 [INFO | ymlloader.py:22] > Loading YML file data/examples/test_sniffer_ebsi.yml
2019-05-13 15:59:41,248 	 [INFO | ymlloader.py:22] > Loading YML file data/examples/test_sniffer_ebsi.yml
2019-05-13 16:00:12,667 	 [INFO | ymlloader.py:22] > Loading YML file data/examples/test_sniffer_ebsi.yml
2019-05-13 16:02:59,869 	 [INFO | ymlloader.py:22] > Loading YML file data/examples/test_sniffer_ebsi.yml
2019-05-13 16:03:27,985 	 [INFO | ymlloader.py:22] > Loading YML file data/examples/test_sniffer_ebsi.yml
2019-05-13 16:04:00,997 	 [INFO | ymlloader.py:22] > Loading YML file data/examples/helloworld.yml
2019-05-13 16:04:01,040 	 [INFO | analyser.py:42] > Group Sniffer NoApiGatewaySmellSniffer(<microanalyser.analyser.sniffer.NoApiGatewaySmellSniffer object at 0x7fee25483ef0>) added
2019-05-13 16:04:01,041 	 [INFO | analyser.py:34] > Node Sniffer SharedPersistencySmellSniffer(<microanalyser.analyser.sniffer.SharedPersistencySmellSniffer object at 0x7fee25483d30>) added
2019-05-13 16:04:01,042 	 [INFO | analyser.py:42] > Group Sniffer SingleLayerTeamSmellSniffer(<microanalyser.analyser.sniffer.SingleLayerTeamSmellSniffer object at 0x7fee25483d30>) added
2019-05-13 16:04:01,043 	 [INFO | analyser.py:34] > Node Sniffer WobblyServiceInteractionSmellSniffer(<microanalyser.analyser.sniffer.WobblyServiceInteractionSmellSniffer object at 0x7fee25483dd8>) added
2019-05-13 16:04:01,043 	 [INFO | analyser.py:34] > Node Sniffer SharedPersistencySmellSniffer(<microanalyser.analyser.sniffer.SharedPersistencySmellSniffer object at 0x7fee25483dd8>) added
2019-05-13 16:04:01,044 	 [INFO | ymlloader.py:22] > Loading YML file data/examples/helloworld.yml
2019-05-13 16:04:01,092 	 [INFO | analyser.py:34] > Node Sniffer WobblyServiceInteractionSmellSniffer(<microanalyser.analyser.sniffer.WobblyServiceInteractionSmellSniffer object at 0x7fee25434a90>) added
2019-05-13 16:04:01,093 	 [INFO | analyser.py:42] > Group Sniffer NoApiGatewaySmellSniffer(<microanalyser.analyser.sniffer.NoApiGatewaySmellSniffer object at 0x7fee254349b0>) added
2019-05-13 16:04:01,093 	 [INFO | analyser.py:34] > Node Sniffer EndpointBasedServiceInteractionSniffer(<microanalyser.analyser.sniffer.EndpointBasedServiceInteractionSmellSniffer object at 0x7fee254347b8>) added
2019-05-13 16:04:01,094 	 [INFO | analyser.py:34] > Node Sniffer WobblyServiceInteractionSmellSniffer(<microanalyser.analyser.sniffer.WobblyServiceInteractionSmellSniffer object at 0x7fee25434c18>) added
2019-05-13 16:04:01,094 	 [INFO | analyser.py:34] > Node Sniffer SharedPersistencySmellSniffer(<microanalyser.analyser.sniffer.SharedPersistencySmellSniffer object at 0x7fee25434978>) added
2019-05-13 16:04:01,095 	 [INFO | jsonloader.py:17] > Loading JSON file: data/examples/helloworld.json
2019-05-13 16:04:01,098 	 [INFO | jsonloader.py:17] > Loading JSON file: data/examples/test_relationship.json
2019-05-13 16:04:01,101 	 [INFO | ymlloader.py:22] > Loading YML file data/examples/helloworld.yml
2019-05-13 16:04:01,141 	 [INFO | ymlloader.py:22] > Loading YML file data/examples/test_relationship.yml
2019-05-13 16:04:01,189 	 [INFO | ymlloader.py:22] > Loading YML file data/examples/helloworld.yml
2019-05-13 16:04:01,225 	 [INFO | ymlloader.py:22] > Loading YML file data/examples/test_sniffer_ebsi.yml
2019-05-13 16:04:01,291 	 [INFO | ymlloader.py:22] > Loading YML file data/examples/helloworld.yml
2019-05-13 16:04:01,330 	 [INFO | ymlloader.py:22] > Loading YML file data/examples/test_relationship.yml
2019-05-13 16:04:01,383 	 [INFO | ymlloader.py:22] > Loading YML file data/examples/helloworld.yml
2019-05-13 16:04:16,047 	 [INFO | ymlloader.py:22] > Loading YML file data/examples/helloworld.yml
2019-05-13 16:04:16,087 	 [INFO | analyser.py:42] > Group Sniffer NoApiGatewaySmellSniffer(<microanalyser.analyser.sniffer.NoApiGatewaySmellSniffer object at 0x7ff950dc1e10>) added
2019-05-13 16:04:16,087 	 [INFO | analyser.py:34] > Node Sniffer SharedPersistencySmellSniffer(<microanalyser.analyser.sniffer.SharedPersistencySmellSniffer object at 0x7ff950dc1c50>) added
2019-05-13 16:04:16,088 	 [INFO | analyser.py:42] > Group Sniffer SingleLayerTeamSmellSniffer(<microanalyser.analyser.sniffer.SingleLayerTeamSmellSniffer object at 0x7ff950dc1c50>) added
2019-05-13 16:04:16,089 	 [INFO | analyser.py:34] > Node Sniffer WobblyServiceInteractionSmellSniffer(<microanalyser.analyser.sniffer.WobblyServiceInteractionSmellSniffer object at 0x7ff950dc1cc0>) added
2019-05-13 16:04:16,089 	 [INFO | analyser.py:34] > Node Sniffer SharedPersistencySmellSniffer(<microanalyser.analyser.sniffer.SharedPersistencySmellSniffer object at 0x7ff950dc1cc0>) added
2019-05-13 16:04:21,266 	 [INFO | ymlloader.py:22] > Loading YML file data/examples/helloworld.yml
2019-05-13 16:04:21,302 	 [INFO | analyser.py:34] > Node Sniffer WobblyServiceInteractionSmellSniffer(<microanalyser.analyser.sniffer.WobblyServiceInteractionSmellSniffer object at 0x7f7d48cdaa58>) added
2019-05-13 16:04:21,303 	 [INFO | analyser.py:42] > Group Sniffer NoApiGatewaySmellSniffer(<microanalyser.analyser.sniffer.NoApiGatewaySmellSniffer object at 0x7f7d48cdada0>) added
2019-05-13 16:04:21,303 	 [INFO | analyser.py:34] > Node Sniffer EndpointBasedServiceInteractionSniffer(<microanalyser.analyser.sniffer.EndpointBasedServiceInteractionSmellSniffer object at 0x7f7d48cdabe0>) added
2019-05-13 16:04:21,303 	 [INFO | analyser.py:34] > Node Sniffer WobblyServiceInteractionSmellSniffer(<microanalyser.analyser.sniffer.WobblyServiceInteractionSmellSniffer object at 0x7f7d48cdac18>) added
2019-05-13 16:04:21,304 	 [INFO | analyser.py:34] > Node Sniffer SharedPersistencySmellSniffer(<microanalyser.analyser.sniffer.SharedPersistencySmellSniffer object at 0x7f7d48cdaba8>) added
2019-05-13 16:05:30,344 	 [INFO | ymlloader.py:22] > Loading YML file data/examples/helloworld.yml
2019-05-13 16:05:30,380 	 [INFO | analyser.py:34] > Node Sniffer WobblyServiceInteractionSmellSniffer(<microanalyser.analyser.sniffer.WobblyServiceInteractionSmellSniffer object at 0x7f70f2ada198>) added
2019-05-13 16:05:30,381 	 [INFO | analyser.py:42] > Group Sniffer NoApiGatewaySmellSniffer(<microanalyser.analyser.sniffer.NoApiGatewaySmellSniffer object at 0x7f70f2adaf60>) added
2019-05-13 16:05:30,381 	 [INFO | analyser.py:34] > Node Sniffer EndpointBasedServiceInteractionSniffer(<microanalyser.analyser.sniffer.EndpointBasedServiceInteractionSmellSniffer object at 0x7f70f2adae48>) added
2019-05-13 16:05:30,381 	 [INFO | analyser.py:34] > Node Sniffer WobblyServiceInteractionSmellSniffer(<microanalyser.analyser.sniffer.WobblyServiceInteractionSmellSniffer object at 0x7f70f2adaef0>) added
2019-05-13 16:05:30,382 	 [INFO | analyser.py:34] > Node Sniffer SharedPersistencySmellSniffer(<microanalyser.analyser.sniffer.SharedPersistencySmellSniffer object at 0x7f70f2ada240>) added
2019-05-13 16:05:51,239 	 [INFO | ymlloader.py:22] > Loading YML file data/examples/helloworld.yml
2019-05-13 16:05:51,274 	 [INFO | analyser.py:42] > Group Sniffer NoApiGatewaySmellSniffer(<microanalyser.analyser.sniffer.NoApiGatewaySmellSniffer object at 0x7f49e6772d68>) added
2019-05-13 16:09:47,646 	 [INFO | ymlloader.py:22] > Loading YML file data/examples/helloworld.yml
2019-05-13 16:09:47,687 	 [INFO | analyser.py:42] > Group Sniffer NoApiGatewaySmellSniffer(<microanalyser.analyser.sniffer.NoApiGatewaySmellSniffer object at 0x7f5c2f66df28>) added
2019-05-13 16:11:07,603 	 [INFO | ymlloader.py:22] > Loading YML file data/examples/helloworld.yml
2019-05-13 16:11:07,639 	 [INFO | analyser.py:42] > Group Sniffer NoApiGatewaySmellSniffer(<microanalyser.analyser.sniffer.NoApiGatewaySmellSniffer object at 0x7f3970aaf080>) added
2019-05-13 16:30:11,832 	 [INFO | ymlloader.py:22] > Loading YML file data/examples/test_sniffer_nagw.yml
2019-05-13 16:31:54,006 	 [INFO | ymlloader.py:22] > Loading YML file data/examples/test_sniffer_nagw.yml
2019-05-13 16:32:03,716 	 [INFO | ymlloader.py:22] > Loading YML file data/examples/test_sniffer_nagw.yml
2019-05-13 16:34:13,766 	 [INFO | ymlloader.py:22] > Loading YML file data/examples/test_sniffer_nagw.yml
2019-05-13 16:35:01,128 	 [INFO | ymlloader.py:22] > Loading YML file data/examples/helloworld.yml
2019-05-13 16:37:26,215 	 [INFO | ymlloader.py:22] > Loading YML file data/examples/helloworld.yml
2019-05-13 16:37:28,419 	 [INFO | ymlloader.py:22] > Loading YML file data/examples/test_sniffer_nagw.yml
2019-05-13 17:13:14,768 	 [INFO | ymlloader.py:22] > Loading YML file data/examples/test_sniffer_nagw.yml
2019-05-13 17:14:33,312 	 [INFO | ymlloader.py:22] > Loading YML file data/examples/test_sniffer_nagw.yml
2019-05-13 17:15:10,553 	 [INFO | ymlloader.py:22] > Loading YML file data/examples/test_sniffer_nagw.yml
2019-05-13 17:16:04,767 	 [INFO | ymlloader.py:22] > Loading YML file data/examples/test_sniffer_nagw.yml
2019-05-13 17:20:34,826 	 [INFO | ymlloader.py:22] > Loading YML file data/examples/test_sniffer_nagw.yml
2019-05-13 17:22:20,967 	 [INFO | ymlloader.py:22] > Loading YML file data/examples/test_sniffer_nagw.yml
