2019-05-09 11:43:32,328 	 [INFO | yml.py:20] > Loading YML file data/examples/helloworld.yml
2019-05-09 11:43:32,355 	 [INFO | analyser.py:42] > Group Sniffer NoApiGatewaySmellSniffer(<microanalyser.analyser.sniffer.NoApiGatewaySmellSniffer object at 0x7feee9ccabe0>) added
2019-05-09 11:43:32,356 	 [INFO | analyser.py:46] > Running analysis
2019-05-09 11:43:32,356 	 [INFO | analyser.py:34] > Node Sniffer SharedPersistencySmellSniffer(<microanalyser.analyser.sniffer.SharedPersistencySmellSniffer object at 0x7feee9ccad30>) added
2019-05-09 11:43:32,356 	 [INFO | analyser.py:46] > Running analysis
2019-05-09 11:43:32,357 	 [INFO | analyser.py:42] > Group Sniffer CrossTeamDataManagement(<microanalyser.analyser.sniffer.CrossTeamDataManagement object at 0x7feee9ccad30>) added
2019-05-09 11:43:32,357 	 [INFO | analyser.py:46] > Running analysis
2019-05-09 11:43:32,357 	 [INFO | analyser.py:34] > Node Sniffer WobblyServiceInteractionSmellSniffer(<microanalyser.analyser.sniffer.WobblyServiceInteractionSmellSniffer object at 0x7feee9cca518>) added
2019-05-09 11:43:32,358 	 [INFO | analyser.py:46] > Running analysis
2019-05-09 11:43:32,358 	 [INFO | analyser.py:34] > Node Sniffer SharedPersistencySmellSniffer(<microanalyser.analyser.sniffer.SharedPersistencySmellSniffer object at 0x7feee9cca518>) added
2019-05-09 11:43:32,359 	 [INFO | yml.py:20] > Loading YML file data/examples/helloworld.yml
2019-05-09 11:43:32,389 	 [INFO | analyser.py:34] > Node Sniffer WobblyServiceInteractionSmellSniffer(<microanalyser.analyser.sniffer.WobblyServiceInteractionSmellSniffer object at 0x7feee9d26a90>) added
2019-05-09 11:43:32,389 	 [INFO | analyser.py:42] > Group Sniffer NoApiGatewaySmellSniffer(<microanalyser.analyser.sniffer.NoApiGatewaySmellSniffer object at 0x7feee9d26e80>) added
2019-05-09 11:43:32,389 	 [INFO | analyser.py:34] > Node Sniffer DirectInteraction(<microanalyser.analyser.sniffer.EndpointBasedServiceInteractionSmellSniffer object at 0x7feee9d26b70>) added
2019-05-09 11:43:32,389 	 [INFO | analyser.py:34] > Node Sniffer WobblyServiceInteractionSmellSniffer(<microanalyser.analyser.sniffer.WobblyServiceInteractionSmellSniffer object at 0x7feee9ccad30>) added
2019-05-09 11:43:32,389 	 [INFO | analyser.py:34] > Node Sniffer SharedPersistencySmellSniffer(<microanalyser.analyser.sniffer.SharedPersistencySmellSniffer object at 0x7feee9cca518>) added
2019-05-09 11:43:32,390 	 [INFO | json.py:16] > Loading JSON file: data/examples/helloworld.json
2019-05-09 11:43:32,394 	 [INFO | yml.py:20] > Loading YML file data/examples/helloworld.yml
2019-05-09 11:43:32,433 	 [INFO | yml.py:20] > Loading YML file data/examples/helloworld.yml
2019-05-09 11:43:32,465 	 [INFO | yml.py:20] > Loading YML file data/examples/helloworld.yml
2019-05-09 11:43:32,496 	 [INFO | yml.py:20] > Loading YML file data/examples/helloworld.yml
2019-05-09 11:43:57,390 	 [INFO | yml.py:20] > Loading YML file data/examples/helloworld.yml
2019-05-09 11:44:28,274 	 [INFO | yml.py:20] > Loading YML file data/examples/helloworld.yml
