2019-04-12 13:13:31,172 	 [DEBUG | template.py:63] > Added node order (service)
2019-04-12 13:13:31,172 	 [DEBUG | template.py:63] > Added node rabbitmq (micro.nodes.MessageBroker)
2019-04-12 13:13:31,172 	 [DEBUG | template.py:63] > Added node shipping (service)
2019-04-12 13:13:31,172 	 [DEBUG | template.py:63] > Added node order_db (database)
2019-04-12 13:13:31,173 	 [DEBUG | template.py:63] > Added node gateway (micro.nodes.ApiGateway)
2019-04-12 13:13:31,173 	 [INFO | yml.py:51] > Adding relationship from order (service) to order_db (database)
2019-04-12 13:13:31,173 	 [DEBUG | nodes.py:92] > order (service): adding runtime link to order_db (database)
2019-04-12 13:13:31,173 	 [INFO | yml.py:51] > Adding relationship from order (service) to rabbitmq (micro.nodes.MessageBroker)
2019-04-12 13:13:31,173 	 [DEBUG | nodes.py:92] > order (service): adding runtime link to rabbitmq (micro.nodes.MessageBroker)
2019-04-12 13:13:31,173 	 [INFO | yml.py:51] > Adding relationship from order (service) to shipping (service)
2019-04-12 13:13:31,174 	 [DEBUG | nodes.py:92] > order (service): adding runtime link to shipping (service)
2019-04-12 13:13:31,174 	 [INFO | yml.py:51] > Adding relationship from order (service) to order_db (database)
2019-04-12 13:13:31,174 	 [DEBUG | nodes.py:100] > order (service): adding deployment link to order_db (database)
2019-04-12 13:13:31,174 	 [INFO | yml.py:51] > Adding relationship from order (service) to shipping (service)
2019-04-12 13:13:31,174 	 [DEBUG | nodes.py:100] > order (service): adding deployment link to shipping (service)
2019-04-12 13:13:31,175 	 [INFO | yml.py:51] > Adding relationship from shipping (service) to rabbitmq (micro.nodes.MessageBroker)
2019-04-12 13:13:31,175 	 [DEBUG | nodes.py:92] > shipping (service): adding runtime link to rabbitmq (micro.nodes.MessageBroker)
2019-04-12 13:13:31,175 	 [INFO | yml.py:51] > Adding relationship from shipping (service) to order_db (database)
2019-04-12 13:13:31,175 	 [DEBUG | nodes.py:92] > shipping (service): adding runtime link to order_db (database)
2019-04-12 13:13:31,175 	 [INFO | yml.py:51] > Adding relationship from shipping (service) to order_db (database)
2019-04-12 13:13:31,175 	 [DEBUG | nodes.py:100] > shipping (service): adding deployment link to order_db (database)
2019-04-12 13:13:31,176 	 [INFO | yml.py:51] > Adding relationship from gateway (micro.nodes.ApiGateway) to shipping (service)
2019-04-12 13:13:31,176 	 [DEBUG | nodes.py:92] > gateway (micro.nodes.ApiGateway): adding runtime link to shipping (service)
2019-04-12 13:13:31,176 	 [DEBUG | template.py:74] > Added group edgenodes (edge)
