2019-04-29 18:15:43,178 	 [INFO | yml.py:20] > Loading YML file data/examples/helloworld.yml
2019-04-29 18:15:43,210 	 [INFO | analyser.py:35] > Group Sniffer NoApiGatewaySmellSniffer(<microanalyser.analyser.sniffer.NoApiGatewaySmellSniffer object at 0x7fa2f7edcb00>) added
2019-04-29 18:15:43,210 	 [INFO | analyser.py:39] > Running analysis
2019-04-29 18:15:43,211 	 [INFO | analyser.py:30] > Node Sniffer SharedPersistencySmellSniffer(<microanalyser.analyser.sniffer.SharedPersistencySmellSniffer object at 0x7fa2f7edca90>) added
2019-04-29 18:15:43,212 	 [INFO | analyser.py:39] > Running analysis
2019-04-29 18:15:43,213 	 [INFO | analyser.py:35] > Group Sniffer CrossTeamDataManagement(<microanalyser.analyser.sniffer.CrossTeamDataManagement object at 0x7fa2f7edca90>) added
2019-04-29 18:15:43,213 	 [INFO | analyser.py:39] > Running analysis
2019-04-29 18:15:43,214 	 [INFO | analyser.py:30] > Node Sniffer SharedPersistencySmellSniffer(<microanalyser.analyser.sniffer.SharedPersistencySmellSniffer object at 0x7fa2f7edc978>) added
2019-04-29 18:15:43,215 	 [INFO | json.py:16] > Loading JSON file: data/examples/helloworld.json
2019-04-29 18:15:43,219 	 [INFO | yml.py:20] > Loading YML file data/examples/helloworld.yml
2019-04-29 18:15:43,250 	 [INFO | yml.py:20] > Loading YML file data/examples/helloworld.yml
2019-04-29 18:15:43,277 	 [INFO | yml.py:20] > Loading YML file data/examples/helloworld.yml
2019-04-29 18:15:43,306 	 [INFO | yml.py:20] > Loading YML file data/examples/helloworld.yml
2019-04-29 18:35:47,229 	 [INFO | yml.py:20] > Loading YML file data/examples/helloworld.yml
2019-04-29 18:35:47,265 	 [INFO | analyser.py:35] > Group Sniffer NoApiGatewaySmellSniffer(<microanalyser.analyser.sniffer.NoApiGatewaySmellSniffer object at 0x7f44633f6b00>) added
2019-04-29 18:35:47,265 	 [INFO | analyser.py:39] > Running analysis
2019-04-29 18:35:47,266 	 [INFO | analyser.py:30] > Node Sniffer SharedPersistencySmellSniffer(<microanalyser.analyser.sniffer.SharedPersistencySmellSniffer object at 0x7f44633f6a90>) added
2019-04-29 18:35:47,266 	 [INFO | analyser.py:39] > Running analysis
2019-04-29 18:35:47,267 	 [INFO | analyser.py:35] > Group Sniffer CrossTeamDataManagement(<microanalyser.analyser.sniffer.CrossTeamDataManagement object at 0x7f44633f6a90>) added
2019-04-29 18:35:47,267 	 [INFO | analyser.py:39] > Running analysis
2019-04-29 18:35:47,268 	 [INFO | analyser.py:30] > Node Sniffer SharedPersistencySmellSniffer(<microanalyser.analyser.sniffer.SharedPersistencySmellSniffer object at 0x7f44633f6978>) added
2019-04-29 18:35:47,269 	 [INFO | json.py:16] > Loading JSON file: data/examples/helloworld.json
2019-04-29 18:35:47,273 	 [INFO | yml.py:20] > Loading YML file data/examples/helloworld.yml
2019-04-29 18:35:47,312 	 [INFO | yml.py:20] > Loading YML file data/examples/helloworld.yml
2019-04-29 18:35:47,343 	 [INFO | yml.py:20] > Loading YML file data/examples/helloworld.yml
2019-04-29 18:35:47,377 	 [INFO | yml.py:20] > Loading YML file data/examples/helloworld.yml
2019-04-29 18:36:03,859 	 [INFO | yml.py:20] > Loading YML file data/examples/helloworld.yml
2019-04-29 19:53:49,779 	 [INFO | yml.py:20] > Loading YML file data/examples/helloworld.yml
2019-04-29 19:54:02,380 	 [INFO | yml.py:20] > Loading YML file data/examples/helloworld.yml
2019-04-29 19:54:14,672 	 [INFO | yml.py:20] > Loading YML file data/examples/helloworld.yml
2019-04-29 19:54:14,700 	 [INFO | analyser.py:39] > Group Sniffer NoApiGatewaySmellSniffer(<microanalyser.analyser.sniffer.NoApiGatewaySmellSniffer object at 0x7f964c044e10>) added
2019-04-29 19:55:44,531 	 [INFO | yml.py:20] > Loading YML file data/examples/helloworld.yml
2019-04-29 19:55:44,558 	 [INFO | analyser.py:31] > Node Sniffer DirectInteraction(<microanalyser.analyser.sniffer.EndpointBasedServiceInteractionSmellSniffer object at 0x7f6423413e48>) added
2019-04-29 19:56:40,657 	 [INFO | yml.py:20] > Loading YML file data/examples/helloworld.yml
2019-04-29 19:56:40,691 	 [INFO | analyser.py:31] > Node Sniffer DirectInteraction(<microanalyser.analyser.sniffer.EndpointBasedServiceInteractionSmellSniffer object at 0x7f9a352fde48>) added
2019-04-29 20:58:18,337 	 [INFO | yml.py:20] > Loading YML file data/examples/helloworld.yml
2019-04-29 20:58:18,372 	 [INFO | analyser.py:31] > Node Sniffer WobblyServiceInteractionSmellSniffer(<microanalyser.analyser.sniffer.WobblyServiceInteractionSmellSniffer object at 0x7fa897b21dd8>) added
2019-04-29 21:04:39,965 	 [INFO | yml.py:20] > Loading YML file data/examples/helloworld.yml
2019-04-29 21:04:39,995 	 [INFO | analyser.py:34] > Node Sniffer WobblyServiceInteractionSmellSniffer(<microanalyser.analyser.sniffer.WobblyServiceInteractionSmellSniffer object at 0x7fb7c6eb6ef0>) added
2019-04-29 21:05:14,897 	 [INFO | yml.py:20] > Loading YML file data/examples/helloworld.yml
2019-04-29 21:05:14,930 	 [INFO | analyser.py:34] > Node Sniffer WobblyServiceInteractionSmellSniffer(<microanalyser.analyser.sniffer.WobblyServiceInteractionSmellSniffer object at 0x7ffa16f7ef98>) added
