2019-05-14 12:00:48,708 	 [INFO | jsonloader.py:17] > Loading JSON file: data/examples/test_relationship.json
2019-05-14 12:00:52,055 	 [INFO | jsonloader.py:17] > Loading JSON file: data/examples/helloworld.json
2019-05-14 12:00:57,348 	 [INFO | ymlloader.py:22] > Loading YML file data/examples/helloworld.yml
2019-05-14 12:01:02,852 	 [INFO | ymlloader.py:22] > Loading YML file data/examples/test_relationship.yml
2019-05-14 12:01:45,835 	 [INFO | ymlloader.py:22] > Loading YML file data/examples/helloworld.yml
2019-05-14 12:03:20,963 	 [INFO | ymlloader.py:22] > Loading YML file data/examples/test_relationship.yml
2019-05-14 12:03:24,957 	 [INFO | ymlloader.py:22] > Loading YML file data/examples/helloworld.yml
2019-05-14 12:03:33,948 	 [INFO | ymlloader.py:22] > Loading YML file data/examples/helloworld.yml
2019-05-14 12:04:29,333 	 [INFO | ymlloader.py:22] > Loading YML file data/examples/helloworld.yml
2019-05-14 12:04:45,769 	 [INFO | ymlloader.py:22] > Loading YML file data/examples/helloworld.yml
2019-05-14 12:05:22,575 	 [INFO | ymlloader.py:22] > Loading YML file data/examples/helloworld.yml
2019-05-14 12:06:56,811 	 [INFO | ymlloader.py:22] > Loading YML file data/examples/helloworld.yml
2019-05-14 12:07:12,461 	 [INFO | ymlloader.py:22] > Loading YML file data/examples/helloworld.yml
2019-05-14 12:07:12,502 	 [INFO | analyser.py:42] > Group Sniffer NoApiGatewaySmellSniffer(<microanalyser.analyser.sniffer.NoApiGatewaySmellSniffer object at 0x7fb1c89a7470>) added
2019-05-14 12:07:29,121 	 [INFO | ymlloader.py:22] > Loading YML file data/examples/helloworld.yml
2019-05-14 12:21:24,211 	 [INFO | ymlloader.py:22] > Loading YML file data/examples/test_nodes.yml
2019-05-14 12:36:13,759 	 [INFO | ymlloader.py:24] > Loading YML file data/examples/test_nodes.yml
2019-05-14 12:36:35,180 	 [INFO | ymlloader.py:24] > Loading YML file data/examples/test_nodes.yml
2019-05-14 12:38:11,911 	 [INFO | ymlloader.py:24] > Loading YML file data/examples/test_nodes.yml
2019-05-14 12:38:44,409 	 [INFO | ymlloader.py:24] > Loading YML file data/examples/test_nodes.yml
2019-05-14 12:40:04,085 	 [INFO | ymlloader.py:24] > Loading YML file data/examples/test_nodes.yml
2019-05-14 12:40:27,307 	 [INFO | ymlloader.py:24] > Loading YML file data/examples/test_nodes.yml
2019-05-14 12:41:09,528 	 [INFO | ymlloader.py:24] > Loading YML file data/examples/test_nodes.yml
2019-05-14 12:41:31,170 	 [INFO | ymlloader.py:24] > Loading YML file data/examples/test_nodes.yml
2019-05-14 12:41:51,501 	 [INFO | ymlloader.py:24] > Loading YML file data/examples/test_nodes.yml
2019-05-14 12:42:08,522 	 [INFO | ymlloader.py:24] > Loading YML file data/examples/test_nodes.yml
2019-05-14 12:42:55,132 	 [INFO | ymlloader.py:24] > Loading YML file data/examples/test_nodes.yml
2019-05-14 12:43:40,233 	 [INFO | ymlloader.py:24] > Loading YML file data/examples/test_nodes.yml
2019-05-14 12:44:03,982 	 [INFO | ymlloader.py:24] > Loading YML file data/examples/test_nodes.yml
2019-05-14 12:45:45,138 	 [INFO | ymlloader.py:24] > Loading YML file data/examples/test_nodes.yml
2019-05-14 12:45:45,150 	 [INFO | template.py:63] > Added node my_service (service)
2019-05-14 12:45:45,150 	 [INFO | template.py:63] > Added node MB (CP)
2019-05-14 12:45:45,150 	 [INFO | template.py:63] > Added node MR (CP)
2019-05-14 12:45:45,151 	 [INFO | template.py:63] > Added node my_database (database)
2019-05-14 12:46:44,100 	 [INFO | ymlloader.py:24] > Loading YML file data/examples/test_nodes.yml
2019-05-14 12:46:44,109 	 [INFO | template.py:63] > Added node my_service (service)
2019-05-14 12:46:44,110 	 [INFO | template.py:63] > Added node my_messagebroker (MB)
2019-05-14 12:46:44,110 	 [INFO | template.py:63] > Added node my_messagerouter (MR)
2019-05-14 12:46:44,110 	 [INFO | template.py:63] > Added node my_database (database)
2019-05-14 12:47:11,162 	 [INFO | ymlloader.py:24] > Loading YML file data/examples/test_nodes.yml
2019-05-14 12:47:11,172 	 [INFO | template.py:63] > Added node my_service (service)
2019-05-14 12:47:11,172 	 [INFO | template.py:63] > Added node my_messagebroker (MB)
2019-05-14 12:47:11,173 	 [INFO | template.py:63] > Added node my_messagerouter (MR)
2019-05-14 12:47:11,173 	 [INFO | template.py:63] > Added node my_database (database)
2019-05-14 13:01:42,955 	 [INFO | ymlloader.py:25] > Loading YML file data/examples/helloworld.yml
2019-05-14 13:01:42,993 	 [INFO | template.py:63] > Added node order (service)
2019-05-14 13:01:42,994 	 [INFO | template.py:63] > Added node rabbitmq (MB)
2019-05-14 13:01:42,994 	 [INFO | template.py:63] > Added node shipping (service)
2019-05-14 13:01:42,994 	 [INFO | template.py:63] > Added node order_db (database)
2019-05-14 13:02:15,293 	 [INFO | ymlloader.py:25] > Loading YML file data/examples/test_nodes.yml
2019-05-14 13:02:15,308 	 [INFO | template.py:63] > Added node my_service (service)
2019-05-14 13:02:15,308 	 [INFO | template.py:63] > Added node my_messagebroker (MB)
2019-05-14 13:02:15,308 	 [INFO | template.py:63] > Added node my_messagerouter (MR)
2019-05-14 13:02:15,308 	 [INFO | template.py:63] > Added node my_database (database)
2019-05-14 13:02:29,734 	 [INFO | ymlloader.py:25] > Loading YML file data/examples/test_nodes.yml
2019-05-14 13:02:29,750 	 [INFO | template.py:63] > Added node my_service (service)
2019-05-14 13:02:29,751 	 [INFO | template.py:63] > Added node my_messagebroker (MB)
2019-05-14 13:02:29,751 	 [INFO | template.py:63] > Added node my_messagerouter (MR)
2019-05-14 13:02:29,751 	 [INFO | template.py:63] > Added node my_database (database)
2019-05-14 13:03:38,579 	 [INFO | ymlloader.py:25] > Loading YML file data/examples/test_nodes.yml
2019-05-14 13:03:38,596 	 [INFO | template.py:63] > Added node my_service (service)
2019-05-14 13:03:38,596 	 [INFO | template.py:63] > Added node my_messagebroker (MB)
2019-05-14 13:03:38,596 	 [INFO | template.py:63] > Added node my_messagerouter (MR)
2019-05-14 13:03:38,597 	 [INFO | template.py:63] > Added node my_database (database)
2019-05-14 14:25:01,427 	 [INFO | ymlloader.py:25] > Loading YML file data/examples/test_nodes.yml
2019-05-14 14:25:01,443 	 [INFO | template.py:63] > Added node my_service (service)
2019-05-14 14:25:01,444 	 [INFO | template.py:63] > Added node my_messagebroker (MB)
2019-05-14 14:25:01,444 	 [INFO | template.py:63] > Added node my_messagerouter (MR)
2019-05-14 14:25:01,444 	 [INFO | template.py:63] > Added node my_database (database)
2019-05-14 14:26:30,912 	 [INFO | ymlloader.py:25] > Loading YML file data/examples/test_nodes.yml
2019-05-14 14:26:30,923 	 [INFO | template.py:64] > Added node my_service (service)
2019-05-14 14:26:30,923 	 [INFO | template.py:64] > Added node my_messagebroker (MB)
2019-05-14 14:26:30,923 	 [INFO | template.py:64] > Added node my_messagerouter (MR)
2019-05-14 14:26:30,924 	 [INFO | template.py:64] > Added node my_database (database)
2019-05-14 14:28:22,954 	 [INFO | ymlloader.py:25] > Loading YML file data/examples/test_sniffer_wbsi.yml
2019-05-14 14:28:23,013 	 [INFO | template.py:64] > Added node target (service)
2019-05-14 14:28:23,013 	 [INFO | template.py:64] > Added node source (service)
2019-05-14 14:28:23,014 	 [INFO | template.py:64] > Added node source_t (service)
2019-05-14 14:28:23,014 	 [INFO | template.py:64] > Added node source_c (service)
2019-05-14 14:28:23,014 	 [INFO | template.py:64] > Added node source_d (service)
2019-05-14 14:28:23,014 	 [INFO | template.py:64] > Added node source_tc (service)
2019-05-14 14:28:23,015 	 [INFO | template.py:64] > Added node source_td (service)
2019-05-14 14:28:23,015 	 [INFO | template.py:64] > Added node source_cd (service)
2019-05-14 14:28:23,015 	 [INFO | template.py:64] > Added node source_tcd (service)
2019-05-14 14:28:23,015 	 [INFO | template.py:64] > Added node source_mr (service)
2019-05-14 14:28:23,015 	 [INFO | template.py:64] > Added node source_mr_t (service)
2019-05-14 14:28:23,016 	 [INFO | template.py:64] > Added node source_mr_c (service)
2019-05-14 14:28:23,016 	 [INFO | template.py:64] > Added node source_mr_d (service)
2019-05-14 14:28:23,016 	 [INFO | template.py:64] > Added node source_mr_tc (service)
2019-05-14 14:28:23,016 	 [INFO | template.py:64] > Added node source_mr_td (service)
2019-05-14 14:28:23,017 	 [INFO | template.py:64] > Added node source_mr_cd (service)
2019-05-14 14:28:23,017 	 [INFO | template.py:64] > Added node source_mr_tcd (service)
2019-05-14 14:28:23,017 	 [INFO | template.py:64] > Added node mr (MR)
2019-05-14 14:30:32,371 	 [INFO | ymlloader.py:25] > Loading YML file data/examples/test_sniffer_wbsi.yml
2019-05-14 14:30:32,438 	 [INFO | template.py:64] > Added node target (service)
2019-05-14 14:30:32,439 	 [INFO | template.py:64] > Added node source (service)
2019-05-14 14:30:32,439 	 [INFO | template.py:64] > Added node source_t (service)
2019-05-14 14:30:32,439 	 [INFO | template.py:64] > Added node source_c (service)
2019-05-14 14:30:32,439 	 [INFO | template.py:64] > Added node source_d (service)
2019-05-14 14:30:32,439 	 [INFO | template.py:64] > Added node source_tc (service)
2019-05-14 14:30:32,440 	 [INFO | template.py:64] > Added node source_td (service)
2019-05-14 14:30:32,440 	 [INFO | template.py:64] > Added node source_cd (service)
2019-05-14 14:30:32,440 	 [INFO | template.py:64] > Added node source_tcd (service)
2019-05-14 14:30:32,440 	 [INFO | template.py:64] > Added node source_mr (service)
2019-05-14 14:30:32,440 	 [INFO | template.py:64] > Added node source_mr_t (service)
2019-05-14 14:30:32,441 	 [INFO | template.py:64] > Added node source_mr_c (service)
2019-05-14 14:30:32,441 	 [INFO | template.py:64] > Added node source_mr_d (service)
2019-05-14 14:30:32,441 	 [INFO | template.py:64] > Added node source_mr_tc (service)
2019-05-14 14:30:32,441 	 [INFO | template.py:64] > Added node source_mr_td (service)
2019-05-14 14:30:32,441 	 [INFO | template.py:64] > Added node source_mr_cd (service)
2019-05-14 14:30:32,442 	 [INFO | template.py:64] > Added node source_mr_tcd (service)
2019-05-14 14:30:32,442 	 [INFO | template.py:64] > Added node mr (MR)
2019-05-14 14:31:19,786 	 [INFO | ymlloader.py:25] > Loading YML file data/examples/test_sniffer_wbsi.yml
2019-05-14 14:31:30,040 	 [INFO | ymlloader.py:25] > Loading YML file data/examples/test_sniffer_nagw.yml
2019-05-14 14:31:43,864 	 [INFO | ymlloader.py:25] > Loading YML file data/examples/test_sniffer_nagw.yml
2019-05-14 14:32:10,304 	 [INFO | ymlloader.py:25] > Loading YML file data/examples/test_sniffer_nagw.yml
