2019-04-09 20:07:44,052 	 [INFO | json.py:16] > Loading JSON file: data/examples/helloworld.json
2019-04-09 20:07:44,053 	 [DEBUG | template.py:63] > Added node shipping (service)
2019-04-09 20:07:44,053 	 [DEBUG | template.py:63] > Added node order_db (database)
2019-04-09 20:07:44,053 	 [DEBUG | template.py:63] > Added node order (service)
2019-04-09 20:08:33,460 	 [INFO | json.py:16] > Loading JSON file: data/examples/helloworld.json
2019-04-09 20:08:33,461 	 [DEBUG | template.py:63] > Added node shipping (service)
2019-04-09 20:08:33,473 	 [DEBUG | template.py:63] > Added node order_db (database)
2019-04-09 20:08:33,473 	 [DEBUG | template.py:63] > Added node order (service)
2019-04-09 20:08:33,474 	 [DEBUG | template.py:63] > Added node rabbitmq (micro.nodes.MessageBroker)
2019-04-09 20:09:01,744 	 [INFO | json.py:16] > Loading JSON file: data/examples/helloworld.json
2019-04-09 20:09:01,744 	 [DEBUG | template.py:63] > Added node shipping (service)
2019-04-09 20:09:01,744 	 [DEBUG | template.py:63] > Added node order_db (database)
2019-04-09 20:09:01,744 	 [DEBUG | template.py:63] > Added node order (service)
2019-04-09 20:09:01,745 	 [DEBUG | template.py:63] > Added node rabbitmq (micro.nodes.MessageBroker)
2019-04-09 20:09:01,745 	 [DEBUG | template.py:63] > Added node gateway (micro.nodes.ApiGateway)
2019-04-09 20:09:01,745 	 [DEBUG | nodes.py:92] > shipping (service): adding runtime link to order_db (database)
2019-04-09 20:09:01,745 	 [DEBUG | nodes.py:92] > shipping (service): adding runtime link to rabbitmq (micro.nodes.MessageBroker)
2019-04-09 20:09:01,745 	 [DEBUG | nodes.py:100] > shipping (service): adding deployment link to order_db (database)
2019-04-09 20:09:01,745 	 [DEBUG | nodes.py:92] > order (service): adding runtime link to shipping (service)
2019-04-09 20:09:01,745 	 [DEBUG | nodes.py:92] > order (service): adding runtime link to order_db (database)
2019-04-09 20:09:01,745 	 [DEBUG | nodes.py:92] > order (service): adding runtime link to rabbitmq (micro.nodes.MessageBroker)
2019-04-09 20:09:01,745 	 [DEBUG | nodes.py:100] > order (service): adding deployment link to shipping (service)
2019-04-09 20:09:01,746 	 [DEBUG | nodes.py:100] > order (service): adding deployment link to order_db (database)
2019-04-09 20:09:01,746 	 [DEBUG | nodes.py:92] > gateway (micro.nodes.ApiGateway): adding runtime link to shipping (service)
2019-04-09 20:09:01,746 	 [INFO | json.py:69] > Added shipping to group:edgegroup  name:edgenodes
2019-04-09 20:09:01,746 	 [INFO | json.py:69] > Added order to group:edgegroup  name:edgenodes
2019-04-09 20:09:01,746 	 [INFO | json.py:69] > Added gateway to group:edgegroup  name:edgenodes
2019-04-09 20:09:01,746 	 [DEBUG | template.py:74] > Added group edgenodes (edge)
2019-04-09 20:09:57,422 	 [DEBUG | template.py:63] > Added node order (service)
2019-04-09 20:09:57,422 	 [DEBUG | template.py:63] > Added node rabbitmq (micro.nodes.MessageBroker)
2019-04-09 20:09:57,422 	 [DEBUG | template.py:63] > Added node shipping (service)
2019-04-09 20:09:57,423 	 [DEBUG | template.py:63] > Added node order_db (database)
2019-04-09 20:09:57,423 	 [DEBUG | template.py:63] > Added node gateway (micro.nodes.ApiGateway)
2019-04-09 20:09:57,423 	 [INFO | yml.py:51] > Adding relationship from order (service) to order_db (database)
2019-04-09 20:09:57,423 	 [DEBUG | nodes.py:92] > order (service): adding runtime link to order_db (database)
2019-04-09 20:09:57,423 	 [INFO | yml.py:51] > Adding relationship from order (service) to rabbitmq (micro.nodes.MessageBroker)
2019-04-09 20:09:57,424 	 [DEBUG | nodes.py:92] > order (service): adding runtime link to rabbitmq (micro.nodes.MessageBroker)
2019-04-09 20:09:57,424 	 [INFO | yml.py:51] > Adding relationship from order (service) to shipping (service)
2019-04-09 20:09:57,424 	 [DEBUG | nodes.py:92] > order (service): adding runtime link to shipping (service)
2019-04-09 20:09:57,424 	 [INFO | yml.py:51] > Adding relationship from order (service) to order_db (database)
2019-04-09 20:09:57,424 	 [DEBUG | nodes.py:100] > order (service): adding deployment link to order_db (database)
2019-04-09 20:09:57,425 	 [INFO | yml.py:51] > Adding relationship from order (service) to shipping (service)
2019-04-09 20:09:57,425 	 [DEBUG | nodes.py:100] > order (service): adding deployment link to shipping (service)
2019-04-09 20:09:57,425 	 [INFO | yml.py:51] > Adding relationship from shipping (service) to rabbitmq (micro.nodes.MessageBroker)
2019-04-09 20:09:57,425 	 [DEBUG | nodes.py:92] > shipping (service): adding runtime link to rabbitmq (micro.nodes.MessageBroker)
2019-04-09 20:09:57,425 	 [INFO | yml.py:51] > Adding relationship from shipping (service) to order_db (database)
2019-04-09 20:09:57,426 	 [DEBUG | nodes.py:92] > shipping (service): adding runtime link to order_db (database)
2019-04-09 20:09:57,426 	 [INFO | yml.py:51] > Adding relationship from shipping (service) to order_db (database)
2019-04-09 20:09:57,426 	 [DEBUG | nodes.py:100] > shipping (service): adding deployment link to order_db (database)
2019-04-09 20:09:57,426 	 [INFO | yml.py:51] > Adding relationship from gateway (micro.nodes.ApiGateway) to shipping (service)
2019-04-09 20:09:57,426 	 [DEBUG | nodes.py:92] > gateway (micro.nodes.ApiGateway): adding runtime link to shipping (service)
2019-04-09 20:09:57,426 	 [DEBUG | template.py:74] > Added group edgenodes (edge)
2019-04-09 20:10:00,657 	 [INFO | json.py:16] > Loading JSON file: data/examples/helloworld.json
2019-04-09 20:10:00,658 	 [DEBUG | template.py:63] > Added node shipping (service)
2019-04-09 20:10:00,658 	 [DEBUG | template.py:63] > Added node order_db (database)
2019-04-09 20:10:00,658 	 [DEBUG | template.py:63] > Added node order (service)
2019-04-09 20:10:00,658 	 [DEBUG | template.py:63] > Added node rabbitmq (micro.nodes.MessageBroker)
2019-04-09 20:10:00,658 	 [DEBUG | template.py:63] > Added node gateway (micro.nodes.ApiGateway)
2019-04-09 20:10:00,658 	 [DEBUG | nodes.py:92] > shipping (service): adding runtime link to order_db (database)
2019-04-09 20:10:00,658 	 [DEBUG | nodes.py:92] > shipping (service): adding runtime link to rabbitmq (micro.nodes.MessageBroker)
2019-04-09 20:10:00,659 	 [DEBUG | nodes.py:100] > shipping (service): adding deployment link to order_db (database)
2019-04-09 20:10:00,659 	 [DEBUG | nodes.py:92] > order (service): adding runtime link to shipping (service)
2019-04-09 20:10:00,659 	 [DEBUG | nodes.py:92] > order (service): adding runtime link to order_db (database)
2019-04-09 20:10:00,659 	 [DEBUG | nodes.py:92] > order (service): adding runtime link to rabbitmq (micro.nodes.MessageBroker)
2019-04-09 20:10:00,659 	 [DEBUG | nodes.py:100] > order (service): adding deployment link to shipping (service)
2019-04-09 20:10:00,659 	 [DEBUG | nodes.py:100] > order (service): adding deployment link to order_db (database)
2019-04-09 20:10:00,659 	 [DEBUG | nodes.py:92] > gateway (micro.nodes.ApiGateway): adding runtime link to shipping (service)
2019-04-09 20:10:00,659 	 [INFO | json.py:69] > Added shipping to group:edgegroup  name:edgenodes
2019-04-09 20:10:00,659 	 [INFO | json.py:69] > Added order to group:edgegroup  name:edgenodes
2019-04-09 20:10:00,660 	 [INFO | json.py:69] > Added gateway to group:edgegroup  name:edgenodes
2019-04-09 20:10:00,660 	 [DEBUG | template.py:74] > Added group edgenodes (edge)
2019-04-09 20:35:17,902 	 [DEBUG | template.py:63] > Added node order (service)
2019-04-09 20:35:17,902 	 [DEBUG | template.py:63] > Added node rabbitmq (micro.nodes.MessageBroker)
2019-04-09 20:35:17,902 	 [DEBUG | template.py:63] > Added node shipping (service)
2019-04-09 20:35:17,902 	 [DEBUG | template.py:63] > Added node order_db (database)
2019-04-09 20:35:17,902 	 [DEBUG | template.py:63] > Added node gateway (micro.nodes.ApiGateway)
2019-04-09 20:35:17,902 	 [INFO | yml.py:51] > Adding relationship from order (service) to order_db (database)
2019-04-09 20:35:17,903 	 [DEBUG | nodes.py:92] > order (service): adding runtime link to order_db (database)
2019-04-09 20:35:17,903 	 [INFO | yml.py:51] > Adding relationship from order (service) to rabbitmq (micro.nodes.MessageBroker)
2019-04-09 20:35:17,903 	 [DEBUG | nodes.py:92] > order (service): adding runtime link to rabbitmq (micro.nodes.MessageBroker)
2019-04-09 20:35:17,903 	 [INFO | yml.py:51] > Adding relationship from order (service) to shipping (service)
2019-04-09 20:35:17,903 	 [DEBUG | nodes.py:92] > order (service): adding runtime link to shipping (service)
2019-04-09 20:35:17,903 	 [INFO | yml.py:51] > Adding relationship from order (service) to order_db (database)
2019-04-09 20:35:17,903 	 [DEBUG | nodes.py:100] > order (service): adding deployment link to order_db (database)
2019-04-09 20:35:17,903 	 [INFO | yml.py:51] > Adding relationship from order (service) to shipping (service)
2019-04-09 20:35:17,903 	 [DEBUG | nodes.py:100] > order (service): adding deployment link to shipping (service)
2019-04-09 20:35:17,904 	 [INFO | yml.py:51] > Adding relationship from shipping (service) to rabbitmq (micro.nodes.MessageBroker)
2019-04-09 20:35:17,904 	 [DEBUG | nodes.py:92] > shipping (service): adding runtime link to rabbitmq (micro.nodes.MessageBroker)
2019-04-09 20:35:17,904 	 [INFO | yml.py:51] > Adding relationship from shipping (service) to order_db (database)
2019-04-09 20:35:17,904 	 [DEBUG | nodes.py:92] > shipping (service): adding runtime link to order_db (database)
2019-04-09 20:35:17,904 	 [INFO | yml.py:51] > Adding relationship from shipping (service) to order_db (database)
2019-04-09 20:35:17,904 	 [DEBUG | nodes.py:100] > shipping (service): adding deployment link to order_db (database)
2019-04-09 20:35:17,905 	 [INFO | yml.py:51] > Adding relationship from gateway (micro.nodes.ApiGateway) to shipping (service)
2019-04-09 20:35:17,905 	 [DEBUG | nodes.py:92] > gateway (micro.nodes.ApiGateway): adding runtime link to shipping (service)
2019-04-09 20:35:17,905 	 [DEBUG | template.py:74] > Added group edgenodes (edge)
2019-04-09 20:35:31,505 	 [DEBUG | template.py:63] > Added node order (service)
2019-04-09 20:35:31,505 	 [DEBUG | template.py:63] > Added node rabbitmq (micro.nodes.MessageBroker)
2019-04-09 20:35:31,505 	 [DEBUG | template.py:63] > Added node shipping (service)
2019-04-09 20:35:31,506 	 [DEBUG | template.py:63] > Added node order_db (database)
2019-04-09 20:35:31,506 	 [DEBUG | template.py:63] > Added node gateway (micro.nodes.ApiGateway)
2019-04-09 20:35:31,506 	 [INFO | yml.py:51] > Adding relationship from order (service) to order_db (database)
2019-04-09 20:35:31,506 	 [DEBUG | nodes.py:92] > order (service): adding runtime link to order_db (database)
2019-04-09 20:35:31,506 	 [INFO | yml.py:51] > Adding relationship from order (service) to rabbitmq (micro.nodes.MessageBroker)
2019-04-09 20:35:31,507 	 [DEBUG | nodes.py:92] > order (service): adding runtime link to rabbitmq (micro.nodes.MessageBroker)
2019-04-09 20:35:31,507 	 [INFO | yml.py:51] > Adding relationship from order (service) to shipping (service)
2019-04-09 20:35:31,507 	 [DEBUG | nodes.py:92] > order (service): adding runtime link to shipping (service)
2019-04-09 20:35:31,507 	 [INFO | yml.py:51] > Adding relationship from order (service) to order_db (database)
2019-04-09 20:35:31,507 	 [DEBUG | nodes.py:100] > order (service): adding deployment link to order_db (database)
2019-04-09 20:35:31,508 	 [INFO | yml.py:51] > Adding relationship from order (service) to shipping (service)
2019-04-09 20:35:31,508 	 [DEBUG | nodes.py:100] > order (service): adding deployment link to shipping (service)
2019-04-09 20:35:31,508 	 [INFO | yml.py:51] > Adding relationship from shipping (service) to rabbitmq (micro.nodes.MessageBroker)
2019-04-09 20:35:31,508 	 [DEBUG | nodes.py:92] > shipping (service): adding runtime link to rabbitmq (micro.nodes.MessageBroker)
2019-04-09 20:35:31,508 	 [INFO | yml.py:51] > Adding relationship from shipping (service) to order_db (database)
2019-04-09 20:35:31,508 	 [DEBUG | nodes.py:92] > shipping (service): adding runtime link to order_db (database)
2019-04-09 20:35:31,509 	 [INFO | yml.py:51] > Adding relationship from shipping (service) to order_db (database)
2019-04-09 20:35:31,509 	 [DEBUG | nodes.py:100] > shipping (service): adding deployment link to order_db (database)
2019-04-09 20:35:31,509 	 [INFO | yml.py:51] > Adding relationship from gateway (micro.nodes.ApiGateway) to shipping (service)
2019-04-09 20:35:31,509 	 [DEBUG | nodes.py:92] > gateway (micro.nodes.ApiGateway): adding runtime link to shipping (service)
2019-04-09 20:35:31,509 	 [DEBUG | template.py:74] > Added group edgenodes (edge)
2019-04-09 20:35:54,675 	 [DEBUG | template.py:63] > Added node order (service)
2019-04-09 20:35:54,675 	 [DEBUG | template.py:63] > Added node rabbitmq (micro.nodes.MessageBroker)
2019-04-09 20:35:54,675 	 [DEBUG | template.py:63] > Added node shipping (service)
2019-04-09 20:35:54,675 	 [DEBUG | template.py:63] > Added node order_db (database)
2019-04-09 20:35:54,675 	 [DEBUG | template.py:63] > Added node gateway (micro.nodes.ApiGateway)
2019-04-09 20:35:54,676 	 [INFO | yml.py:51] > Adding relationship from order (service) to order_db (database)
2019-04-09 20:35:54,676 	 [DEBUG | nodes.py:92] > order (service): adding runtime link to order_db (database)
2019-04-09 20:35:54,676 	 [INFO | yml.py:51] > Adding relationship from order (service) to rabbitmq (micro.nodes.MessageBroker)
2019-04-09 20:35:54,676 	 [DEBUG | nodes.py:92] > order (service): adding runtime link to rabbitmq (micro.nodes.MessageBroker)
2019-04-09 20:35:54,676 	 [INFO | yml.py:51] > Adding relationship from order (service) to shipping (service)
2019-04-09 20:35:54,676 	 [DEBUG | nodes.py:92] > order (service): adding runtime link to shipping (service)
2019-04-09 20:35:54,677 	 [INFO | yml.py:51] > Adding relationship from order (service) to order_db (database)
2019-04-09 20:35:54,677 	 [DEBUG | nodes.py:100] > order (service): adding deployment link to order_db (database)
2019-04-09 20:35:54,677 	 [INFO | yml.py:51] > Adding relationship from order (service) to shipping (service)
2019-04-09 20:35:54,677 	 [DEBUG | nodes.py:100] > order (service): adding deployment link to shipping (service)
2019-04-09 20:35:54,677 	 [INFO | yml.py:51] > Adding relationship from shipping (service) to rabbitmq (micro.nodes.MessageBroker)
2019-04-09 20:35:54,677 	 [DEBUG | nodes.py:92] > shipping (service): adding runtime link to rabbitmq (micro.nodes.MessageBroker)
2019-04-09 20:35:54,677 	 [INFO | yml.py:51] > Adding relationship from shipping (service) to order_db (database)
2019-04-09 20:35:54,677 	 [DEBUG | nodes.py:92] > shipping (service): adding runtime link to order_db (database)
2019-04-09 20:35:54,678 	 [INFO | yml.py:51] > Adding relationship from shipping (service) to order_db (database)
2019-04-09 20:35:54,678 	 [DEBUG | nodes.py:100] > shipping (service): adding deployment link to order_db (database)
2019-04-09 20:35:54,678 	 [INFO | yml.py:51] > Adding relationship from gateway (micro.nodes.ApiGateway) to shipping (service)
2019-04-09 20:35:54,678 	 [DEBUG | nodes.py:92] > gateway (micro.nodes.ApiGateway): adding runtime link to shipping (service)
2019-04-09 20:35:54,678 	 [DEBUG | template.py:74] > Added group edgenodes (edge)
