2019-02-28 14:42:17,971 	 [INFO | json.py:18] > Loading JSON file: /home/dido/code/MicroAnalyser/data/examples/hello-world-ok.json
2019-02-28 14:42:17,972 	 [DEBUG | template.py:83] > shipping (service): Added node
2019-02-28 14:42:17,972 	 [DEBUG | template.py:83] > orderdb (database): Added node
2019-02-28 14:42:17,972 	 [DEBUG | template.py:83] > order (service): Added node
2019-02-28 14:42:17,973 	 [DEBUG | template.py:83] > rabbitmq (messagebroker): Added node
2019-02-28 14:42:17,973 	 [DEBUG | nodes.py:116] > shipping (service): adding runtime link to orderdb (database)
2019-02-28 14:42:17,973 	 [DEBUG | nodes.py:116] > shipping (service): adding runtime link to rabbitmq (messagebroker)
2019-02-28 14:42:17,973 	 [DEBUG | nodes.py:124] > shipping (service): adding deployment link to orderdb (database)
2019-02-28 14:42:17,973 	 [DEBUG | nodes.py:116] > order (service): adding runtime link to shipping (service)
2019-02-28 14:42:17,973 	 [DEBUG | nodes.py:116] > order (service): adding runtime link to orderdb (database)
2019-02-28 14:42:17,973 	 [DEBUG | nodes.py:116] > order (service): adding runtime link to rabbitmq (messagebroker)
2019-02-28 14:42:17,974 	 [DEBUG | nodes.py:124] > order (service): adding deployment link to shipping (service)
2019-02-28 14:42:17,974 	 [DEBUG | nodes.py:124] > order (service): adding deployment link to orderdb (database)
2019-02-28 14:42:17,974 	 [DEBUG | analyser.py:91] > Analyser - analysing node order (service).
2019-02-28 14:42:17,974 	 [DEBUG | analyser.py:95] > Analyser - checking IndependentDeployability principle
2019-02-28 14:42:17,974 	 [DEBUG | antipatterns.py:61] > Deployment Interaction antipattern on node order (service)
2019-02-28 14:42:17,974 	 [DEBUG | analyser.py:95] > Analyser - checking HorizontalScalability principle
2019-02-28 14:42:17,974 	 [DEBUG | antipatterns.py:78] > Direct Interaction antipattern on node order (service)
2019-02-28 14:42:17,975 	 [DEBUG | analyser.py:95] > Analyser - checking IsolateFailure principle
2019-02-28 14:42:17,975 	 [DEBUG | antipatterns.py:97] > Cascading Failure antipattern on node order (service)
2019-02-28 14:42:17,975 	 [DEBUG | analyser.py:95] > Analyser - checking DecentraliseEverything principle
