2019-04-23 13:05:04,154 	 [DEBUG | template.py:63] > Added node order (service)
2019-04-23 13:05:04,154 	 [DEBUG | template.py:63] > Added node rabbitmq (micro.nodes.MessageBroker)
2019-04-23 13:05:04,154 	 [DEBUG | template.py:63] > Added node shipping (service)
2019-04-23 13:05:04,154 	 [DEBUG | template.py:63] > Added node order_db (database)
2019-04-23 13:05:04,155 	 [DEBUG | template.py:63] > Added node gateway (micro.nodes.ApiGateway)
2019-04-23 13:05:04,155 	 [INFO | yml.py:71] > Adding relationship from order (service) to order_db (database)
2019-04-23 13:05:04,155 	 [DEBUG | nodes.py:92] > order (service): adding runtime link to order_db (database)
2019-04-23 13:05:04,155 	 [INFO | yml.py:71] > Adding relationship from order (service) to rabbitmq (micro.nodes.MessageBroker)
2019-04-23 13:05:04,155 	 [DEBUG | nodes.py:92] > order (service): adding runtime link to rabbitmq (micro.nodes.MessageBroker)
2019-04-23 13:05:04,155 	 [INFO | yml.py:79] > Adding Timeout relationship from order (service) to shipping (service)
2019-04-23 13:05:04,156 	 [DEBUG | nodes.py:92] > order (service): adding runtime link to shipping (service)
2019-04-23 13:05:04,156 	 [INFO | yml.py:71] > Adding relationship from order (service) to order_db (database)
2019-04-23 13:05:04,156 	 [DEBUG | nodes.py:100] > order (service): adding deployment link to order_db (database)
2019-04-23 13:05:04,156 	 [INFO | yml.py:71] > Adding relationship from order (service) to shipping (service)
2019-04-23 13:05:04,156 	 [DEBUG | nodes.py:100] > order (service): adding deployment link to shipping (service)
2019-04-23 13:05:04,156 	 [INFO | yml.py:71] > Adding relationship from shipping (service) to rabbitmq (micro.nodes.MessageBroker)
2019-04-23 13:05:04,156 	 [DEBUG | nodes.py:92] > shipping (service): adding runtime link to rabbitmq (micro.nodes.MessageBroker)
2019-04-23 13:05:04,156 	 [INFO | yml.py:71] > Adding relationship from shipping (service) to order_db (database)
2019-04-23 13:05:04,156 	 [DEBUG | nodes.py:92] > shipping (service): adding runtime link to order_db (database)
2019-04-23 13:05:04,157 	 [INFO | yml.py:71] > Adding relationship from shipping (service) to order_db (database)
2019-04-23 13:05:04,157 	 [DEBUG | nodes.py:100] > shipping (service): adding deployment link to order_db (database)
2019-04-23 13:05:04,157 	 [INFO | yml.py:71] > Adding relationship from gateway (micro.nodes.ApiGateway) to shipping (service)
2019-04-23 13:05:04,157 	 [DEBUG | nodes.py:92] > gateway (micro.nodes.ApiGateway): adding runtime link to shipping (service)
2019-04-23 13:05:04,157 	 [DEBUG | template.py:74] > Added group edgenodes (edge)
2019-04-23 13:08:04,386 	 [DEBUG | template.py:63] > Added node order (service)
2019-04-23 13:08:04,387 	 [DEBUG | template.py:63] > Added node rabbitmq (micro.nodes.MessageBroker)
2019-04-23 13:08:04,387 	 [DEBUG | template.py:63] > Added node shipping (service)
2019-04-23 13:08:04,387 	 [DEBUG | template.py:63] > Added node order_db (database)
2019-04-23 13:08:04,387 	 [DEBUG | template.py:63] > Added node gateway (micro.nodes.ApiGateway)
2019-04-23 13:08:04,387 	 [INFO | yml.py:71] > Adding relationship from order (service) to order_db (database)
2019-04-23 13:08:04,387 	 [DEBUG | nodes.py:92] > order (service): adding runtime link to order_db (database)
2019-04-23 13:08:04,387 	 [INFO | yml.py:71] > Adding relationship from order (service) to rabbitmq (micro.nodes.MessageBroker)
2019-04-23 13:08:04,387 	 [DEBUG | nodes.py:92] > order (service): adding runtime link to rabbitmq (micro.nodes.MessageBroker)
2019-04-23 13:08:04,388 	 [INFO | yml.py:79] > Adding Timeout relationship from order (service) to shipping (service)
2019-04-23 13:08:04,388 	 [DEBUG | nodes.py:92] > order (service): adding runtime link to shipping (service)
2019-04-23 13:08:04,388 	 [INFO | yml.py:71] > Adding relationship from order (service) to order_db (database)
2019-04-23 13:08:04,388 	 [DEBUG | nodes.py:100] > order (service): adding deployment link to order_db (database)
2019-04-23 13:08:04,388 	 [INFO | yml.py:71] > Adding relationship from order (service) to shipping (service)
2019-04-23 13:08:04,388 	 [DEBUG | nodes.py:100] > order (service): adding deployment link to shipping (service)
2019-04-23 13:08:04,389 	 [INFO | yml.py:71] > Adding relationship from shipping (service) to rabbitmq (micro.nodes.MessageBroker)
2019-04-23 13:08:04,389 	 [DEBUG | nodes.py:92] > shipping (service): adding runtime link to rabbitmq (micro.nodes.MessageBroker)
2019-04-23 13:08:04,389 	 [INFO | yml.py:71] > Adding relationship from shipping (service) to order_db (database)
2019-04-23 13:08:04,389 	 [DEBUG | nodes.py:92] > shipping (service): adding runtime link to order_db (database)
2019-04-23 13:08:04,389 	 [INFO | yml.py:71] > Adding relationship from shipping (service) to order_db (database)
2019-04-23 13:08:04,389 	 [DEBUG | nodes.py:100] > shipping (service): adding deployment link to order_db (database)
2019-04-23 13:08:04,389 	 [INFO | yml.py:71] > Adding relationship from gateway (micro.nodes.ApiGateway) to shipping (service)
2019-04-23 13:08:04,389 	 [DEBUG | nodes.py:92] > gateway (micro.nodes.ApiGateway): adding runtime link to shipping (service)
2019-04-23 13:08:04,390 	 [DEBUG | template.py:74] > Added group edgenodes (edge)
2019-04-23 13:09:25,624 	 [DEBUG | template.py:63] > Added node order (service)
2019-04-23 13:09:25,624 	 [DEBUG | template.py:63] > Added node rabbitmq (micro.nodes.MessageBroker)
2019-04-23 13:09:25,624 	 [DEBUG | template.py:63] > Added node shipping (service)
2019-04-23 13:09:25,625 	 [DEBUG | template.py:63] > Added node order_db (database)
2019-04-23 13:09:25,625 	 [DEBUG | template.py:63] > Added node gateway (micro.nodes.ApiGateway)
2019-04-23 13:09:25,625 	 [INFO | yml.py:71] > Adding relationship from order (service) to order_db (database)
2019-04-23 13:09:25,625 	 [DEBUG | nodes.py:92] > order (service): adding runtime link to order_db (database)
2019-04-23 13:09:25,625 	 [INFO | yml.py:71] > Adding relationship from order (service) to rabbitmq (micro.nodes.MessageBroker)
2019-04-23 13:09:25,625 	 [DEBUG | nodes.py:92] > order (service): adding runtime link to rabbitmq (micro.nodes.MessageBroker)
2019-04-23 13:09:25,625 	 [INFO | yml.py:79] > Adding Timeout relationship from order (service) to shipping (service)
2019-04-23 13:09:25,625 	 [DEBUG | nodes.py:92] > order (service): adding runtime link to shipping (service)
2019-04-23 13:09:25,625 	 [INFO | yml.py:71] > Adding relationship from order (service) to order_db (database)
2019-04-23 13:09:25,626 	 [DEBUG | nodes.py:100] > order (service): adding deployment link to order_db (database)
2019-04-23 13:09:25,626 	 [INFO | yml.py:71] > Adding relationship from order (service) to shipping (service)
2019-04-23 13:09:25,626 	 [DEBUG | nodes.py:100] > order (service): adding deployment link to shipping (service)
2019-04-23 13:09:25,626 	 [INFO | yml.py:71] > Adding relationship from shipping (service) to rabbitmq (micro.nodes.MessageBroker)
2019-04-23 13:09:25,626 	 [DEBUG | nodes.py:92] > shipping (service): adding runtime link to rabbitmq (micro.nodes.MessageBroker)
2019-04-23 13:09:25,626 	 [INFO | yml.py:71] > Adding relationship from shipping (service) to order_db (database)
2019-04-23 13:09:25,626 	 [DEBUG | nodes.py:92] > shipping (service): adding runtime link to order_db (database)
2019-04-23 13:09:25,627 	 [INFO | yml.py:71] > Adding relationship from shipping (service) to order_db (database)
2019-04-23 13:09:25,627 	 [DEBUG | nodes.py:100] > shipping (service): adding deployment link to order_db (database)
2019-04-23 13:09:25,627 	 [INFO | yml.py:71] > Adding relationship from gateway (micro.nodes.ApiGateway) to shipping (service)
2019-04-23 13:09:25,627 	 [DEBUG | nodes.py:92] > gateway (micro.nodes.ApiGateway): adding runtime link to shipping (service)
2019-04-23 13:09:25,627 	 [DEBUG | template.py:74] > Added group edgenodes (edge)
2019-04-23 13:11:21,834 	 [DEBUG | template.py:63] > Added node order (service)
2019-04-23 13:11:21,834 	 [DEBUG | template.py:63] > Added node rabbitmq (micro.nodes.MessageBroker)
2019-04-23 13:11:21,834 	 [DEBUG | template.py:63] > Added node shipping (service)
2019-04-23 13:11:21,834 	 [DEBUG | template.py:63] > Added node order_db (database)
2019-04-23 13:11:21,834 	 [DEBUG | template.py:63] > Added node gateway (micro.nodes.ApiGateway)
2019-04-23 13:11:21,835 	 [INFO | yml.py:71] > Adding relationship from order (service) to order_db (database)
2019-04-23 13:11:21,835 	 [DEBUG | nodes.py:92] > order (service): adding runtime link to order_db (database)
2019-04-23 13:11:21,835 	 [INFO | yml.py:71] > Adding relationship from order (service) to rabbitmq (micro.nodes.MessageBroker)
2019-04-23 13:11:21,835 	 [DEBUG | nodes.py:92] > order (service): adding runtime link to rabbitmq (micro.nodes.MessageBroker)
2019-04-23 13:11:21,835 	 [INFO | yml.py:79] > Adding Timeout relationship from order (service) to shipping (service)
2019-04-23 13:11:21,836 	 [DEBUG | nodes.py:92] > order (service): adding runtime link to shipping (service)
2019-04-23 13:11:21,836 	 [INFO | yml.py:71] > Adding relationship from order (service) to order_db (database)
2019-04-23 13:11:21,836 	 [DEBUG | nodes.py:100] > order (service): adding deployment link to order_db (database)
2019-04-23 13:11:21,836 	 [INFO | yml.py:71] > Adding relationship from order (service) to shipping (service)
2019-04-23 13:11:21,837 	 [DEBUG | nodes.py:100] > order (service): adding deployment link to shipping (service)
2019-04-23 13:11:21,837 	 [INFO | yml.py:71] > Adding relationship from shipping (service) to rabbitmq (micro.nodes.MessageBroker)
2019-04-23 13:11:21,837 	 [DEBUG | nodes.py:92] > shipping (service): adding runtime link to rabbitmq (micro.nodes.MessageBroker)
2019-04-23 13:11:21,837 	 [INFO | yml.py:71] > Adding relationship from shipping (service) to order_db (database)
2019-04-23 13:11:21,838 	 [DEBUG | nodes.py:92] > shipping (service): adding runtime link to order_db (database)
2019-04-23 13:11:21,838 	 [INFO | yml.py:71] > Adding relationship from shipping (service) to order_db (database)
2019-04-23 13:11:21,838 	 [DEBUG | nodes.py:100] > shipping (service): adding deployment link to order_db (database)
2019-04-23 13:11:21,838 	 [INFO | yml.py:71] > Adding relationship from gateway (micro.nodes.ApiGateway) to shipping (service)
2019-04-23 13:11:21,838 	 [DEBUG | nodes.py:92] > gateway (micro.nodes.ApiGateway): adding runtime link to shipping (service)
2019-04-23 13:11:21,839 	 [DEBUG | template.py:74] > Added group edgenodes (edge)
2019-04-23 13:12:24,834 	 [DEBUG | template.py:63] > Added node order (service)
2019-04-23 13:12:24,834 	 [DEBUG | template.py:63] > Added node rabbitmq (micro.nodes.MessageBroker)
2019-04-23 13:12:24,834 	 [DEBUG | template.py:63] > Added node shipping (service)
2019-04-23 13:12:24,834 	 [DEBUG | template.py:63] > Added node order_db (database)
2019-04-23 13:12:24,834 	 [DEBUG | template.py:63] > Added node gateway (micro.nodes.ApiGateway)
2019-04-23 13:12:24,835 	 [INFO | yml.py:71] > Adding relationship from order (service) to order_db (database)
2019-04-23 13:12:24,835 	 [DEBUG | nodes.py:92] > order (service): adding runtime link to order_db (database)
2019-04-23 13:12:24,835 	 [INFO | yml.py:71] > Adding relationship from order (service) to rabbitmq (micro.nodes.MessageBroker)
2019-04-23 13:12:24,835 	 [DEBUG | nodes.py:92] > order (service): adding runtime link to rabbitmq (micro.nodes.MessageBroker)
2019-04-23 13:12:24,835 	 [INFO | yml.py:79] > Adding Timeout relationship from order (service) to shipping (service)
2019-04-23 13:12:24,835 	 [DEBUG | nodes.py:92] > order (service): adding runtime link to shipping (service)
2019-04-23 13:12:24,835 	 [INFO | yml.py:71] > Adding relationship from order (service) to order_db (database)
2019-04-23 13:12:24,835 	 [DEBUG | nodes.py:100] > order (service): adding deployment link to order_db (database)
2019-04-23 13:12:24,836 	 [INFO | yml.py:71] > Adding relationship from order (service) to shipping (service)
2019-04-23 13:12:24,836 	 [DEBUG | nodes.py:100] > order (service): adding deployment link to shipping (service)
2019-04-23 13:12:24,836 	 [INFO | yml.py:71] > Adding relationship from shipping (service) to rabbitmq (micro.nodes.MessageBroker)
2019-04-23 13:12:24,836 	 [DEBUG | nodes.py:92] > shipping (service): adding runtime link to rabbitmq (micro.nodes.MessageBroker)
2019-04-23 13:12:24,836 	 [INFO | yml.py:71] > Adding relationship from shipping (service) to order_db (database)
2019-04-23 13:12:24,836 	 [DEBUG | nodes.py:92] > shipping (service): adding runtime link to order_db (database)
2019-04-23 13:12:24,837 	 [INFO | yml.py:71] > Adding relationship from shipping (service) to order_db (database)
2019-04-23 13:12:24,837 	 [DEBUG | nodes.py:100] > shipping (service): adding deployment link to order_db (database)
2019-04-23 13:12:24,837 	 [INFO | yml.py:71] > Adding relationship from gateway (micro.nodes.ApiGateway) to shipping (service)
2019-04-23 13:12:24,837 	 [DEBUG | nodes.py:92] > gateway (micro.nodes.ApiGateway): adding runtime link to shipping (service)
2019-04-23 13:12:24,837 	 [DEBUG | template.py:74] > Added group edgenodes (edge)
2019-04-23 13:13:09,406 	 [DEBUG | template.py:63] > Added node order (service)
2019-04-23 13:13:09,406 	 [DEBUG | template.py:63] > Added node rabbitmq (micro.nodes.MessageBroker)
2019-04-23 13:13:09,406 	 [DEBUG | template.py:63] > Added node shipping (service)
2019-04-23 13:13:09,406 	 [DEBUG | template.py:63] > Added node order_db (database)
2019-04-23 13:13:09,406 	 [DEBUG | template.py:63] > Added node gateway (micro.nodes.ApiGateway)
2019-04-23 13:13:09,406 	 [INFO | yml.py:71] > Adding relationship from order (service) to order_db (database)
2019-04-23 13:13:09,407 	 [DEBUG | nodes.py:92] > order (service): adding runtime link to order_db (database)
2019-04-23 13:13:09,407 	 [INFO | yml.py:71] > Adding relationship from order (service) to rabbitmq (micro.nodes.MessageBroker)
2019-04-23 13:13:09,407 	 [DEBUG | nodes.py:92] > order (service): adding runtime link to rabbitmq (micro.nodes.MessageBroker)
2019-04-23 13:13:09,407 	 [INFO | yml.py:79] > Adding Timeout relationship from order (service) to shipping (service)
2019-04-23 13:13:09,407 	 [DEBUG | nodes.py:92] > order (service): adding runtime link to shipping (service)
2019-04-23 13:13:09,408 	 [INFO | yml.py:71] > Adding relationship from order (service) to order_db (database)
2019-04-23 13:13:09,408 	 [DEBUG | nodes.py:100] > order (service): adding deployment link to order_db (database)
2019-04-23 13:13:09,408 	 [INFO | yml.py:71] > Adding relationship from order (service) to shipping (service)
2019-04-23 13:13:09,408 	 [DEBUG | nodes.py:100] > order (service): adding deployment link to shipping (service)
2019-04-23 13:13:09,408 	 [INFO | yml.py:71] > Adding relationship from shipping (service) to rabbitmq (micro.nodes.MessageBroker)
2019-04-23 13:13:09,408 	 [DEBUG | nodes.py:92] > shipping (service): adding runtime link to rabbitmq (micro.nodes.MessageBroker)
2019-04-23 13:13:09,409 	 [INFO | yml.py:71] > Adding relationship from shipping (service) to order_db (database)
2019-04-23 13:13:09,409 	 [DEBUG | nodes.py:92] > shipping (service): adding runtime link to order_db (database)
2019-04-23 13:13:09,409 	 [INFO | yml.py:71] > Adding relationship from shipping (service) to order_db (database)
2019-04-23 13:13:09,409 	 [DEBUG | nodes.py:100] > shipping (service): adding deployment link to order_db (database)
2019-04-23 13:13:09,409 	 [INFO | yml.py:71] > Adding relationship from gateway (micro.nodes.ApiGateway) to shipping (service)
2019-04-23 13:13:09,409 	 [DEBUG | nodes.py:92] > gateway (micro.nodes.ApiGateway): adding runtime link to shipping (service)
2019-04-23 13:13:09,409 	 [DEBUG | template.py:74] > Added group edgenodes (edge)
2019-04-23 13:13:24,413 	 [DEBUG | template.py:63] > Added node order (service)
2019-04-23 13:13:24,413 	 [DEBUG | template.py:63] > Added node rabbitmq (micro.nodes.MessageBroker)
2019-04-23 13:13:24,413 	 [DEBUG | template.py:63] > Added node shipping (service)
2019-04-23 13:13:24,414 	 [DEBUG | template.py:63] > Added node order_db (database)
2019-04-23 13:13:24,414 	 [DEBUG | template.py:63] > Added node gateway (micro.nodes.ApiGateway)
2019-04-23 13:13:24,414 	 [INFO | yml.py:71] > Adding relationship from order (service) to order_db (database)
2019-04-23 13:13:24,414 	 [DEBUG | nodes.py:92] > order (service): adding runtime link to order_db (database)
2019-04-23 13:13:24,415 	 [INFO | yml.py:71] > Adding relationship from order (service) to rabbitmq (micro.nodes.MessageBroker)
2019-04-23 13:13:24,415 	 [DEBUG | nodes.py:92] > order (service): adding runtime link to rabbitmq (micro.nodes.MessageBroker)
2019-04-23 13:13:24,415 	 [INFO | yml.py:79] > Adding Timeout relationship from order (service) to shipping (service)
2019-04-23 13:13:24,415 	 [DEBUG | nodes.py:92] > order (service): adding runtime link to shipping (service)
2019-04-23 13:13:24,415 	 [INFO | yml.py:71] > Adding relationship from order (service) to order_db (database)
2019-04-23 13:13:24,415 	 [DEBUG | nodes.py:100] > order (service): adding deployment link to order_db (database)
2019-04-23 13:13:24,416 	 [INFO | yml.py:71] > Adding relationship from order (service) to shipping (service)
2019-04-23 13:13:24,416 	 [DEBUG | nodes.py:100] > order (service): adding deployment link to shipping (service)
2019-04-23 13:13:24,416 	 [INFO | yml.py:71] > Adding relationship from shipping (service) to rabbitmq (micro.nodes.MessageBroker)
2019-04-23 13:13:24,416 	 [DEBUG | nodes.py:92] > shipping (service): adding runtime link to rabbitmq (micro.nodes.MessageBroker)
2019-04-23 13:13:24,416 	 [INFO | yml.py:71] > Adding relationship from shipping (service) to order_db (database)
2019-04-23 13:13:24,417 	 [DEBUG | nodes.py:92] > shipping (service): adding runtime link to order_db (database)
2019-04-23 13:13:24,417 	 [INFO | yml.py:71] > Adding relationship from shipping (service) to order_db (database)
2019-04-23 13:13:24,417 	 [DEBUG | nodes.py:100] > shipping (service): adding deployment link to order_db (database)
2019-04-23 13:13:24,417 	 [INFO | yml.py:71] > Adding relationship from gateway (micro.nodes.ApiGateway) to shipping (service)
2019-04-23 13:13:24,417 	 [DEBUG | nodes.py:92] > gateway (micro.nodes.ApiGateway): adding runtime link to shipping (service)
2019-04-23 13:13:24,418 	 [DEBUG | template.py:74] > Added group edgenodes (edge)
2019-04-23 13:13:50,082 	 [DEBUG | template.py:63] > Added node order (service)
2019-04-23 13:13:50,083 	 [DEBUG | template.py:63] > Added node rabbitmq (micro.nodes.MessageBroker)
2019-04-23 13:13:50,083 	 [DEBUG | template.py:63] > Added node shipping (service)
2019-04-23 13:13:50,083 	 [DEBUG | template.py:63] > Added node order_db (database)
2019-04-23 13:13:50,083 	 [DEBUG | template.py:63] > Added node gateway (micro.nodes.ApiGateway)
2019-04-23 13:13:50,083 	 [INFO | yml.py:71] > Adding relationship from order (service) to order_db (database)
2019-04-23 13:13:50,083 	 [DEBUG | nodes.py:92] > order (service): adding runtime link to order_db (database)
2019-04-23 13:13:50,084 	 [INFO | yml.py:71] > Adding relationship from order (service) to rabbitmq (micro.nodes.MessageBroker)
2019-04-23 13:13:50,084 	 [DEBUG | nodes.py:92] > order (service): adding runtime link to rabbitmq (micro.nodes.MessageBroker)
2019-04-23 13:13:50,084 	 [INFO | yml.py:79] > Adding Timeout relationship from order (service) to shipping (service)
2019-04-23 13:13:50,084 	 [DEBUG | nodes.py:92] > order (service): adding runtime link to shipping (service)
2019-04-23 13:13:50,084 	 [INFO | yml.py:71] > Adding relationship from order (service) to order_db (database)
2019-04-23 13:13:50,085 	 [DEBUG | nodes.py:100] > order (service): adding deployment link to order_db (database)
2019-04-23 13:13:50,085 	 [INFO | yml.py:71] > Adding relationship from order (service) to shipping (service)
2019-04-23 13:13:50,085 	 [DEBUG | nodes.py:100] > order (service): adding deployment link to shipping (service)
2019-04-23 13:13:50,085 	 [INFO | yml.py:71] > Adding relationship from shipping (service) to rabbitmq (micro.nodes.MessageBroker)
2019-04-23 13:13:50,085 	 [DEBUG | nodes.py:92] > shipping (service): adding runtime link to rabbitmq (micro.nodes.MessageBroker)
2019-04-23 13:13:50,086 	 [INFO | yml.py:71] > Adding relationship from shipping (service) to order_db (database)
2019-04-23 13:13:50,086 	 [DEBUG | nodes.py:92] > shipping (service): adding runtime link to order_db (database)
2019-04-23 13:13:50,086 	 [INFO | yml.py:71] > Adding relationship from shipping (service) to order_db (database)
2019-04-23 13:13:50,086 	 [DEBUG | nodes.py:100] > shipping (service): adding deployment link to order_db (database)
2019-04-23 13:13:50,086 	 [INFO | yml.py:71] > Adding relationship from gateway (micro.nodes.ApiGateway) to shipping (service)
2019-04-23 13:13:50,086 	 [DEBUG | nodes.py:92] > gateway (micro.nodes.ApiGateway): adding runtime link to shipping (service)
2019-04-23 13:13:50,087 	 [DEBUG | template.py:74] > Added group edgenodes (edge)
2019-04-23 13:15:07,359 	 [DEBUG | template.py:63] > Added node order (service)
2019-04-23 13:15:07,360 	 [DEBUG | template.py:63] > Added node rabbitmq (micro.nodes.MessageBroker)
2019-04-23 13:15:07,360 	 [DEBUG | template.py:63] > Added node shipping (service)
2019-04-23 13:15:07,360 	 [DEBUG | template.py:63] > Added node order_db (database)
2019-04-23 13:15:07,360 	 [DEBUG | template.py:63] > Added node gateway (micro.nodes.ApiGateway)
2019-04-23 13:15:07,360 	 [INFO | yml.py:71] > Adding relationship from order (service) to order_db (database)
2019-04-23 13:15:07,360 	 [DEBUG | nodes.py:92] > order (service): adding runtime link to order_db (database)
2019-04-23 13:15:07,361 	 [INFO | yml.py:71] > Adding relationship from order (service) to rabbitmq (micro.nodes.MessageBroker)
2019-04-23 13:15:07,361 	 [DEBUG | nodes.py:92] > order (service): adding runtime link to rabbitmq (micro.nodes.MessageBroker)
2019-04-23 13:15:07,361 	 [INFO | yml.py:79] > Adding Timeout relationship from order (service) to shipping (service)
2019-04-23 13:15:07,361 	 [DEBUG | nodes.py:92] > order (service): adding runtime link to shipping (service)
2019-04-23 13:15:07,361 	 [INFO | yml.py:71] > Adding relationship from order (service) to order_db (database)
2019-04-23 13:15:07,362 	 [DEBUG | nodes.py:100] > order (service): adding deployment link to order_db (database)
2019-04-23 13:15:07,362 	 [INFO | yml.py:71] > Adding relationship from order (service) to shipping (service)
2019-04-23 13:15:07,362 	 [DEBUG | nodes.py:100] > order (service): adding deployment link to shipping (service)
2019-04-23 13:15:07,362 	 [INFO | yml.py:71] > Adding relationship from shipping (service) to rabbitmq (micro.nodes.MessageBroker)
2019-04-23 13:15:07,362 	 [DEBUG | nodes.py:92] > shipping (service): adding runtime link to rabbitmq (micro.nodes.MessageBroker)
2019-04-23 13:15:07,363 	 [INFO | yml.py:71] > Adding relationship from shipping (service) to order_db (database)
2019-04-23 13:15:07,363 	 [DEBUG | nodes.py:92] > shipping (service): adding runtime link to order_db (database)
2019-04-23 13:15:07,363 	 [INFO | yml.py:71] > Adding relationship from shipping (service) to order_db (database)
2019-04-23 13:15:07,363 	 [DEBUG | nodes.py:100] > shipping (service): adding deployment link to order_db (database)
2019-04-23 13:15:07,363 	 [INFO | yml.py:71] > Adding relationship from gateway (micro.nodes.ApiGateway) to shipping (service)
2019-04-23 13:15:07,364 	 [DEBUG | nodes.py:92] > gateway (micro.nodes.ApiGateway): adding runtime link to shipping (service)
2019-04-23 13:15:07,364 	 [DEBUG | template.py:74] > Added group edgenodes (edge)
2019-04-23 13:21:36,167 	 [DEBUG | template.py:63] > Added node order (service)
2019-04-23 13:21:36,168 	 [DEBUG | template.py:63] > Added node rabbitmq (micro.nodes.MessageBroker)
2019-04-23 13:21:36,168 	 [DEBUG | template.py:63] > Added node shipping (service)
2019-04-23 13:21:36,168 	 [DEBUG | template.py:63] > Added node order_db (database)
2019-04-23 13:21:36,169 	 [DEBUG | template.py:63] > Added node gateway (micro.nodes.ApiGateway)
2019-04-23 13:21:36,169 	 [INFO | yml.py:71] > Adding relationship from order (service) to order_db (database)
2019-04-23 13:21:36,169 	 [DEBUG | nodes.py:92] > order (service): adding runtime link to order_db (database)
2019-04-23 13:21:36,170 	 [INFO | yml.py:71] > Adding relationship from order (service) to rabbitmq (micro.nodes.MessageBroker)
2019-04-23 13:21:36,170 	 [DEBUG | nodes.py:92] > order (service): adding runtime link to rabbitmq (micro.nodes.MessageBroker)
2019-04-23 13:21:36,170 	 [INFO | yml.py:79] > Adding Timeout relationship from order (service) to shipping (service)
2019-04-23 13:21:36,170 	 [DEBUG | nodes.py:92] > order (service): adding runtime link to shipping (service)
2019-04-23 13:21:36,170 	 [INFO | yml.py:71] > Adding relationship from order (service) to order_db (database)
2019-04-23 13:21:36,170 	 [DEBUG | nodes.py:100] > order (service): adding deployment link to order_db (database)
2019-04-23 13:21:36,170 	 [INFO | yml.py:71] > Adding relationship from order (service) to shipping (service)
2019-04-23 13:21:36,170 	 [DEBUG | nodes.py:100] > order (service): adding deployment link to shipping (service)
2019-04-23 13:21:36,170 	 [INFO | yml.py:71] > Adding relationship from shipping (service) to rabbitmq (micro.nodes.MessageBroker)
2019-04-23 13:21:36,170 	 [DEBUG | nodes.py:92] > shipping (service): adding runtime link to rabbitmq (micro.nodes.MessageBroker)
2019-04-23 13:21:36,171 	 [INFO | yml.py:71] > Adding relationship from shipping (service) to order_db (database)
2019-04-23 13:21:36,171 	 [DEBUG | nodes.py:92] > shipping (service): adding runtime link to order_db (database)
2019-04-23 13:21:36,171 	 [INFO | yml.py:71] > Adding relationship from shipping (service) to order_db (database)
2019-04-23 13:21:36,171 	 [DEBUG | nodes.py:100] > shipping (service): adding deployment link to order_db (database)
2019-04-23 13:21:36,171 	 [INFO | yml.py:71] > Adding relationship from gateway (micro.nodes.ApiGateway) to shipping (service)
2019-04-23 13:21:36,171 	 [DEBUG | nodes.py:92] > gateway (micro.nodes.ApiGateway): adding runtime link to shipping (service)
2019-04-23 13:21:36,171 	 [DEBUG | template.py:74] > Added group edgenodes (edge)
2019-04-23 13:22:49,767 	 [INFO | yml.py:71] > Adding relationship from order (service) to order_db (database)
2019-04-23 13:22:49,767 	 [INFO | yml.py:71] > Adding relationship from order (service) to rabbitmq (micro.nodes.MessageBroker)
2019-04-23 13:22:49,767 	 [INFO | yml.py:79] > Adding Timeout relationship from order (service) to shipping (service)
2019-04-23 13:22:49,767 	 [INFO | yml.py:71] > Adding relationship from order (service) to order_db (database)
2019-04-23 13:22:49,767 	 [INFO | yml.py:71] > Adding relationship from order (service) to shipping (service)
2019-04-23 13:22:49,767 	 [INFO | yml.py:71] > Adding relationship from shipping (service) to rabbitmq (micro.nodes.MessageBroker)
2019-04-23 13:22:49,768 	 [INFO | yml.py:71] > Adding relationship from shipping (service) to order_db (database)
2019-04-23 13:22:49,768 	 [INFO | yml.py:71] > Adding relationship from shipping (service) to order_db (database)
2019-04-23 13:22:49,768 	 [INFO | yml.py:71] > Adding relationship from gateway (micro.nodes.ApiGateway) to shipping (service)
2019-04-23 13:24:19,992 	 [INFO | yml.py:20] > Loading YML file /home/dido/code/MicroToscaAnalyser/data/examples/helloworld.yml
2019-04-23 13:25:02,544 	 [INFO | yml.py:20] > Loading YML file /home/dido/code/MicroToscaAnalyser/data/examples/helloworld.yml
2019-04-23 13:25:12,301 	 [INFO | yml.py:20] > Loading YML file /home/dido/code/MicroToscaAnalyser/data/examples/helloworld.yml
2019-04-23 13:26:24,134 	 [INFO | yml.py:20] > Loading YML file /home/dido/code/MicroToscaAnalyser/data/examples/helloworld.yml
2019-04-23 13:26:40,665 	 [INFO | yml.py:20] > Loading YML file /home/dido/code/MicroToscaAnalyser/data/examples/helloworld.yml
2019-04-23 13:27:08,452 	 [INFO | yml.py:20] > Loading YML file /home/dido/code/MicroToscaAnalyser/data/examples/helloworld.yml
2019-04-23 13:27:31,642 	 [INFO | yml.py:20] > Loading YML file /home/dido/code/MicroToscaAnalyser/data/examples/helloworld.yml
2019-04-23 13:28:18,189 	 [INFO | yml.py:20] > Loading YML file /home/dido/code/MicroToscaAnalyser/data/examples/helloworld.yml
2019-04-23 13:28:50,237 	 [INFO | yml.py:20] > Loading YML file /home/dido/code/MicroToscaAnalyser/data/examples/helloworld.yml
2019-04-23 13:28:50,262 	 [INFO | analyser.py:34] > Running analysis
2019-04-23 13:32:01,226 	 [INFO | yml.py:20] > Loading YML file /home/dido/code/MicroToscaAnalyser/data/examples/helloworld.yml
2019-04-23 13:32:01,255 	 [INFO | analyser.py:34] > Running analysis
2019-04-23 13:32:13,934 	 [INFO | yml.py:20] > Loading YML file /home/dido/code/MicroToscaAnalyser/data/examples/helloworld.yml
2019-04-23 13:32:13,961 	 [INFO | analyser.py:34] > Running analysis
2019-04-23 13:32:33,482 	 [INFO | yml.py:20] > Loading YML file /home/dido/code/MicroToscaAnalyser/data/examples/helloworld.yml
2019-04-23 13:32:33,507 	 [INFO | analyser.py:34] > Running analysis
2019-04-23 13:32:51,454 	 [INFO | yml.py:20] > Loading YML file /home/dido/code/MicroToscaAnalyser/data/examples/helloworld.yml
2019-04-23 13:32:51,480 	 [INFO | analyser.py:34] > Running analysis
2019-04-23 13:33:05,675 	 [INFO | yml.py:20] > Loading YML file /home/dido/code/MicroToscaAnalyser/data/examples/helloworld.yml
2019-04-23 13:33:05,699 	 [INFO | analyser.py:34] > Running analysis
2019-04-23 13:34:53,731 	 [INFO | yml.py:20] > Loading YML file /home/dido/code/MicroToscaAnalyser/data/examples/helloworld.yml
2019-04-23 13:34:53,758 	 [INFO | analyser.py:34] > Running analysis
2019-04-23 13:39:33,991 	 [INFO | yml.py:20] > Loading YML file /home/dido/code/MicroToscaAnalyser/data/examples/helloworld.yml
2019-04-23 13:39:34,016 	 [INFO | analyser.py:34] > Running analysis
2019-04-23 13:40:26,680 	 [INFO | yml.py:20] > Loading YML file /home/dido/code/MicroToscaAnalyser/data/examples/helloworld.yml
2019-04-23 13:40:26,706 	 [INFO | analyser.py:34] > Running analysis
2019-04-23 13:40:32,015 	 [INFO | yml.py:20] > Loading YML file /home/dido/code/MicroToscaAnalyser/data/examples/helloworld.yml
2019-04-23 13:40:32,045 	 [INFO | analyser.py:34] > Running analysis
2019-04-23 13:41:02,442 	 [INFO | yml.py:20] > Loading YML file /home/dido/code/MicroToscaAnalyser/data/examples/helloworld.yml
2019-04-23 13:41:02,473 	 [INFO | analyser.py:34] > Running analysis
2019-04-23 13:42:04,051 	 [INFO | yml.py:20] > Loading YML file /home/dido/code/MicroToscaAnalyser/data/examples/helloworld.yml
2019-04-23 13:42:04,076 	 [INFO | analyser.py:34] > Running analysis
2019-04-23 13:42:45,779 	 [INFO | yml.py:20] > Loading YML file /home/dido/code/MicroToscaAnalyser/data/examples/helloworld.yml
2019-04-23 13:42:45,819 	 [INFO | analyser.py:34] > Running analysis
2019-04-23 13:43:11,721 	 [INFO | yml.py:20] > Loading YML file /home/dido/code/MicroToscaAnalyser/data/examples/helloworld.yml
2019-04-23 13:43:11,748 	 [INFO | analyser.py:34] > Running analysis
