2019-04-18 16:40:08,012 	 [DEBUG | template.py:63] > Added node order (service)
2019-04-18 16:40:08,012 	 [DEBUG | template.py:63] > Added node rabbitmq (micro.nodes.MessageBroker)
2019-04-18 16:40:08,012 	 [DEBUG | template.py:63] > Added node shipping (service)
2019-04-18 16:40:08,013 	 [DEBUG | template.py:63] > Added node order_db (database)
2019-04-18 16:40:08,013 	 [DEBUG | template.py:63] > Added node gateway (micro.nodes.ApiGateway)
2019-04-18 16:40:08,013 	 [INFO | yml.py:51] > Adding relationship from order (service) to order_db (database)
2019-04-18 16:40:08,013 	 [DEBUG | nodes.py:92] > order (service): adding runtime link to order_db (database)
2019-04-18 16:40:08,014 	 [INFO | yml.py:51] > Adding relationship from order (service) to rabbitmq (micro.nodes.MessageBroker)
2019-04-18 16:40:08,014 	 [DEBUG | nodes.py:92] > order (service): adding runtime link to rabbitmq (micro.nodes.MessageBroker)
2019-04-18 16:51:30,694 	 [DEBUG | template.py:63] > Added node order (service)
2019-04-18 16:51:30,694 	 [DEBUG | template.py:63] > Added node rabbitmq (micro.nodes.MessageBroker)
2019-04-18 16:51:30,694 	 [DEBUG | template.py:63] > Added node shipping (service)
2019-04-18 16:51:30,694 	 [DEBUG | template.py:63] > Added node order_db (database)
2019-04-18 16:51:30,695 	 [DEBUG | template.py:63] > Added node gateway (micro.nodes.ApiGateway)
2019-04-18 16:51:30,695 	 [INFO | yml.py:51] > Adding relationship from order (service) to order_db (database)
2019-04-18 16:51:30,695 	 [DEBUG | nodes.py:92] > order (service): adding runtime link to order_db (database)
2019-04-18 16:51:30,695 	 [INFO | yml.py:51] > Adding relationship from order (service) to rabbitmq (micro.nodes.MessageBroker)
2019-04-18 16:51:30,695 	 [DEBUG | nodes.py:92] > order (service): adding runtime link to rabbitmq (micro.nodes.MessageBroker)
2019-04-18 16:51:40,996 	 [DEBUG | template.py:63] > Added node order (service)
2019-04-18 16:51:40,996 	 [DEBUG | template.py:63] > Added node rabbitmq (micro.nodes.MessageBroker)
2019-04-18 16:51:40,996 	 [DEBUG | template.py:63] > Added node shipping (service)
2019-04-18 16:51:40,996 	 [DEBUG | template.py:63] > Added node order_db (database)
2019-04-18 16:51:40,997 	 [DEBUG | template.py:63] > Added node gateway (micro.nodes.ApiGateway)
2019-04-18 16:51:40,997 	 [INFO | yml.py:51] > Adding relationship from order (service) to order_db (database)
2019-04-18 16:51:40,997 	 [DEBUG | nodes.py:92] > order (service): adding runtime link to order_db (database)
2019-04-18 16:51:40,997 	 [INFO | yml.py:51] > Adding relationship from order (service) to rabbitmq (micro.nodes.MessageBroker)
2019-04-18 16:51:40,997 	 [DEBUG | nodes.py:92] > order (service): adding runtime link to rabbitmq (micro.nodes.MessageBroker)
2019-04-18 16:53:29,880 	 [DEBUG | template.py:63] > Added node order (service)
2019-04-18 16:53:29,880 	 [DEBUG | template.py:63] > Added node rabbitmq (micro.nodes.MessageBroker)
2019-04-18 16:53:29,880 	 [DEBUG | template.py:63] > Added node shipping (service)
2019-04-18 16:53:29,881 	 [DEBUG | template.py:63] > Added node order_db (database)
2019-04-18 16:53:29,881 	 [DEBUG | template.py:63] > Added node gateway (micro.nodes.ApiGateway)
2019-04-18 16:53:29,881 	 [INFO | yml.py:52] > Adding relationship from order (service) to order_db (database)
2019-04-18 16:53:29,882 	 [DEBUG | nodes.py:92] > order (service): adding runtime link to order_db (database)
2019-04-18 16:53:29,882 	 [INFO | yml.py:52] > Adding relationship from order (service) to rabbitmq (micro.nodes.MessageBroker)
2019-04-18 16:53:29,882 	 [DEBUG | nodes.py:92] > order (service): adding runtime link to rabbitmq (micro.nodes.MessageBroker)
2019-04-18 16:53:41,739 	 [DEBUG | template.py:63] > Added node order (service)
2019-04-18 16:53:41,739 	 [DEBUG | template.py:63] > Added node rabbitmq (micro.nodes.MessageBroker)
2019-04-18 16:53:41,740 	 [DEBUG | template.py:63] > Added node shipping (service)
2019-04-18 16:53:41,740 	 [DEBUG | template.py:63] > Added node order_db (database)
2019-04-18 16:53:41,740 	 [DEBUG | template.py:63] > Added node gateway (micro.nodes.ApiGateway)
2019-04-18 16:53:41,740 	 [INFO | yml.py:52] > Adding relationship from order (service) to order_db (database)
2019-04-18 16:53:41,740 	 [DEBUG | nodes.py:92] > order (service): adding runtime link to order_db (database)
2019-04-18 16:53:41,741 	 [INFO | yml.py:52] > Adding relationship from order (service) to rabbitmq (micro.nodes.MessageBroker)
2019-04-18 16:53:41,741 	 [DEBUG | nodes.py:92] > order (service): adding runtime link to rabbitmq (micro.nodes.MessageBroker)
2019-04-18 16:53:56,708 	 [DEBUG | template.py:63] > Added node order (service)
2019-04-18 16:53:56,709 	 [DEBUG | template.py:63] > Added node rabbitmq (micro.nodes.MessageBroker)
2019-04-18 16:53:56,709 	 [DEBUG | template.py:63] > Added node shipping (service)
2019-04-18 16:53:56,709 	 [DEBUG | template.py:63] > Added node order_db (database)
2019-04-18 16:53:56,709 	 [DEBUG | template.py:63] > Added node gateway (micro.nodes.ApiGateway)
2019-04-18 16:53:56,710 	 [INFO | yml.py:52] > Adding relationship from order (service) to order_db (database)
2019-04-18 16:53:56,710 	 [DEBUG | nodes.py:92] > order (service): adding runtime link to order_db (database)
2019-04-18 16:53:56,711 	 [INFO | yml.py:52] > Adding relationship from order (service) to rabbitmq (micro.nodes.MessageBroker)
2019-04-18 16:53:56,711 	 [DEBUG | nodes.py:92] > order (service): adding runtime link to rabbitmq (micro.nodes.MessageBroker)
2019-04-18 16:57:56,967 	 [DEBUG | template.py:63] > Added node order (service)
2019-04-18 16:57:56,968 	 [DEBUG | template.py:63] > Added node rabbitmq (micro.nodes.MessageBroker)
2019-04-18 16:57:56,968 	 [DEBUG | template.py:63] > Added node shipping (service)
2019-04-18 16:57:56,968 	 [DEBUG | template.py:63] > Added node order_db (database)
2019-04-18 16:57:56,968 	 [DEBUG | template.py:63] > Added node gateway (micro.nodes.ApiGateway)
2019-04-18 16:57:56,969 	 [INFO | yml.py:55] > Adding relationship from order (service) to order_db (database)
2019-04-18 16:57:56,969 	 [DEBUG | nodes.py:92] > order (service): adding runtime link to order_db (database)
2019-04-18 16:57:56,969 	 [INFO | yml.py:55] > Adding relationship from order (service) to rabbitmq (micro.nodes.MessageBroker)
2019-04-18 16:57:56,969 	 [DEBUG | nodes.py:92] > order (service): adding runtime link to rabbitmq (micro.nodes.MessageBroker)
2019-04-18 16:57:56,969 	 [DEBUG | nodes.py:92] > order (service): adding runtime link to rabbitmq (micro.nodes.MessageBroker)
2019-04-18 16:57:56,970 	 [INFO | yml.py:55] > Adding relationship from order (service) to order_db (database)
2019-04-18 16:57:56,970 	 [DEBUG | nodes.py:100] > order (service): adding deployment link to order_db (database)
2019-04-18 16:57:56,970 	 [INFO | yml.py:55] > Adding relationship from order (service) to shipping (service)
2019-04-18 16:57:56,970 	 [DEBUG | nodes.py:100] > order (service): adding deployment link to shipping (service)
2019-04-18 16:57:56,971 	 [INFO | yml.py:55] > Adding relationship from shipping (service) to rabbitmq (micro.nodes.MessageBroker)
2019-04-18 16:57:56,971 	 [DEBUG | nodes.py:92] > shipping (service): adding runtime link to rabbitmq (micro.nodes.MessageBroker)
2019-04-18 16:57:56,971 	 [INFO | yml.py:55] > Adding relationship from shipping (service) to order_db (database)
2019-04-18 16:57:56,971 	 [DEBUG | nodes.py:92] > shipping (service): adding runtime link to order_db (database)
2019-04-18 16:57:56,971 	 [INFO | yml.py:55] > Adding relationship from shipping (service) to order_db (database)
2019-04-18 16:57:56,972 	 [DEBUG | nodes.py:100] > shipping (service): adding deployment link to order_db (database)
2019-04-18 16:57:56,972 	 [INFO | yml.py:55] > Adding relationship from gateway (micro.nodes.ApiGateway) to shipping (service)
2019-04-18 16:57:56,972 	 [DEBUG | nodes.py:92] > gateway (micro.nodes.ApiGateway): adding runtime link to shipping (service)
2019-04-18 16:57:56,972 	 [DEBUG | template.py:74] > Added group edgenodes (edge)
2019-04-18 16:58:24,270 	 [DEBUG | template.py:63] > Added node order (service)
2019-04-18 16:58:24,270 	 [DEBUG | template.py:63] > Added node rabbitmq (micro.nodes.MessageBroker)
2019-04-18 16:58:24,271 	 [DEBUG | template.py:63] > Added node shipping (service)
2019-04-18 16:58:24,271 	 [DEBUG | template.py:63] > Added node order_db (database)
2019-04-18 16:58:24,271 	 [DEBUG | template.py:63] > Added node gateway (micro.nodes.ApiGateway)
2019-04-18 16:58:24,271 	 [INFO | yml.py:55] > Adding relationship from order (service) to order_db (database)
2019-04-18 16:58:24,271 	 [DEBUG | nodes.py:92] > order (service): adding runtime link to order_db (database)
2019-04-18 16:58:24,272 	 [INFO | yml.py:55] > Adding relationship from order (service) to rabbitmq (micro.nodes.MessageBroker)
2019-04-18 16:58:24,272 	 [DEBUG | nodes.py:92] > order (service): adding runtime link to rabbitmq (micro.nodes.MessageBroker)
2019-04-18 16:58:24,272 	 [DEBUG | nodes.py:92] > order (service): adding runtime link to rabbitmq (micro.nodes.MessageBroker)
2019-04-18 16:58:24,272 	 [INFO | yml.py:55] > Adding relationship from order (service) to order_db (database)
2019-04-18 16:58:24,272 	 [DEBUG | nodes.py:100] > order (service): adding deployment link to order_db (database)
2019-04-18 16:58:24,273 	 [INFO | yml.py:55] > Adding relationship from order (service) to shipping (service)
2019-04-18 16:58:24,273 	 [DEBUG | nodes.py:100] > order (service): adding deployment link to shipping (service)
2019-04-18 16:58:24,273 	 [INFO | yml.py:55] > Adding relationship from shipping (service) to rabbitmq (micro.nodes.MessageBroker)
2019-04-18 16:58:24,273 	 [DEBUG | nodes.py:92] > shipping (service): adding runtime link to rabbitmq (micro.nodes.MessageBroker)
2019-04-18 16:58:24,273 	 [INFO | yml.py:55] > Adding relationship from shipping (service) to order_db (database)
2019-04-18 16:58:24,273 	 [DEBUG | nodes.py:92] > shipping (service): adding runtime link to order_db (database)
2019-04-18 16:58:24,274 	 [INFO | yml.py:55] > Adding relationship from shipping (service) to order_db (database)
2019-04-18 16:58:24,274 	 [DEBUG | nodes.py:100] > shipping (service): adding deployment link to order_db (database)
2019-04-18 16:58:24,274 	 [INFO | yml.py:55] > Adding relationship from gateway (micro.nodes.ApiGateway) to shipping (service)
2019-04-18 16:58:24,274 	 [DEBUG | nodes.py:92] > gateway (micro.nodes.ApiGateway): adding runtime link to shipping (service)
2019-04-18 16:58:24,274 	 [DEBUG | template.py:74] > Added group edgenodes (edge)
2019-04-18 17:04:22,493 	 [DEBUG | template.py:63] > Added node order (service)
2019-04-18 17:04:22,493 	 [DEBUG | template.py:63] > Added node rabbitmq (micro.nodes.MessageBroker)
2019-04-18 17:04:22,493 	 [DEBUG | template.py:63] > Added node shipping (service)
2019-04-18 17:04:22,494 	 [DEBUG | template.py:63] > Added node order_db (database)
2019-04-18 17:04:22,494 	 [DEBUG | template.py:63] > Added node gateway (micro.nodes.ApiGateway)
2019-04-18 17:04:32,268 	 [DEBUG | template.py:63] > Added node order (service)
2019-04-18 17:04:32,269 	 [DEBUG | template.py:63] > Added node rabbitmq (micro.nodes.MessageBroker)
2019-04-18 17:04:32,269 	 [DEBUG | template.py:63] > Added node shipping (service)
2019-04-18 17:04:32,269 	 [DEBUG | template.py:63] > Added node order_db (database)
2019-04-18 17:04:32,270 	 [DEBUG | template.py:63] > Added node gateway (micro.nodes.ApiGateway)
2019-04-18 17:04:32,270 	 [INFO | yml.py:53] > Adding relationship from order (service) to order_db (database)
2019-04-18 17:04:32,270 	 [DEBUG | nodes.py:92] > order (service): adding runtime link to order_db (database)
2019-04-18 17:04:32,270 	 [INFO | yml.py:53] > Adding relationship from order (service) to rabbitmq (micro.nodes.MessageBroker)
2019-04-18 17:04:32,271 	 [DEBUG | nodes.py:92] > order (service): adding runtime link to rabbitmq (micro.nodes.MessageBroker)
2019-04-18 17:04:32,271 	 [INFO | yml.py:58] > Adding relationship  with custom relationship from order (service) to rabbitmq (micro.nodes.MessageBroker)
2019-04-18 17:04:32,271 	 [DEBUG | nodes.py:92] > order (service): adding runtime link to rabbitmq (micro.nodes.MessageBroker)
2019-04-18 17:04:32,271 	 [INFO | yml.py:53] > Adding relationship from order (service) to order_db (database)
2019-04-18 17:04:32,271 	 [DEBUG | nodes.py:100] > order (service): adding deployment link to order_db (database)
2019-04-18 17:04:32,272 	 [INFO | yml.py:53] > Adding relationship from order (service) to shipping (service)
2019-04-18 17:04:32,272 	 [DEBUG | nodes.py:100] > order (service): adding deployment link to shipping (service)
2019-04-18 17:04:32,272 	 [INFO | yml.py:53] > Adding relationship from shipping (service) to rabbitmq (micro.nodes.MessageBroker)
2019-04-18 17:04:32,272 	 [DEBUG | nodes.py:92] > shipping (service): adding runtime link to rabbitmq (micro.nodes.MessageBroker)
2019-04-18 17:04:32,272 	 [INFO | yml.py:53] > Adding relationship from shipping (service) to order_db (database)
2019-04-18 17:04:32,272 	 [DEBUG | nodes.py:92] > shipping (service): adding runtime link to order_db (database)
2019-04-18 17:04:32,272 	 [INFO | yml.py:53] > Adding relationship from shipping (service) to order_db (database)
2019-04-18 17:04:32,272 	 [DEBUG | nodes.py:100] > shipping (service): adding deployment link to order_db (database)
2019-04-18 17:04:32,273 	 [INFO | yml.py:53] > Adding relationship from gateway (micro.nodes.ApiGateway) to shipping (service)
2019-04-18 17:04:32,273 	 [DEBUG | nodes.py:92] > gateway (micro.nodes.ApiGateway): adding runtime link to shipping (service)
2019-04-18 17:04:32,273 	 [DEBUG | template.py:74] > Added group edgenodes (edge)
2019-04-18 17:08:15,183 	 [DEBUG | template.py:63] > Added node order (service)
2019-04-18 17:08:15,184 	 [DEBUG | template.py:63] > Added node rabbitmq (micro.nodes.MessageBroker)
2019-04-18 17:08:15,184 	 [DEBUG | template.py:63] > Added node shipping (service)
2019-04-18 17:08:15,184 	 [DEBUG | template.py:63] > Added node order_db (database)
2019-04-18 17:08:15,185 	 [DEBUG | template.py:63] > Added node gateway (micro.nodes.ApiGateway)
2019-04-18 17:08:15,186 	 [INFO | yml.py:55] > Adding relationship from order (service) to order_db (database)
2019-04-18 17:08:15,186 	 [DEBUG | nodes.py:92] > order (service): adding runtime link to order_db (database)
2019-04-18 17:08:15,186 	 [INFO | yml.py:55] > Adding relationship from order (service) to rabbitmq (micro.nodes.MessageBroker)
2019-04-18 17:08:15,186 	 [DEBUG | nodes.py:92] > order (service): adding runtime link to rabbitmq (micro.nodes.MessageBroker)
2019-04-18 17:08:34,024 	 [DEBUG | template.py:63] > Added node order (service)
2019-04-18 17:08:34,025 	 [DEBUG | template.py:63] > Added node rabbitmq (micro.nodes.MessageBroker)
2019-04-18 17:08:34,025 	 [DEBUG | template.py:63] > Added node shipping (service)
2019-04-18 17:08:34,025 	 [DEBUG | template.py:63] > Added node order_db (database)
2019-04-18 17:08:34,026 	 [DEBUG | template.py:63] > Added node gateway (micro.nodes.ApiGateway)
2019-04-18 17:08:34,026 	 [INFO | yml.py:55] > Adding relationship from order (service) to order_db (database)
2019-04-18 17:08:34,026 	 [DEBUG | nodes.py:92] > order (service): adding runtime link to order_db (database)
2019-04-18 17:08:34,026 	 [INFO | yml.py:55] > Adding relationship from order (service) to rabbitmq (micro.nodes.MessageBroker)
2019-04-18 17:08:34,026 	 [DEBUG | nodes.py:92] > order (service): adding runtime link to rabbitmq (micro.nodes.MessageBroker)
2019-04-18 17:08:34,027 	 [INFO | yml.py:63] > Adding relationship  with custom relationship from order (service) to shipping (service)
2019-04-18 17:08:34,027 	 [DEBUG | nodes.py:92] > order (service): adding runtime link to shipping (service)
2019-04-18 17:08:34,027 	 [INFO | yml.py:55] > Adding relationship from order (service) to order_db (database)
2019-04-18 17:08:34,027 	 [DEBUG | nodes.py:100] > order (service): adding deployment link to order_db (database)
2019-04-18 17:08:34,027 	 [INFO | yml.py:55] > Adding relationship from order (service) to shipping (service)
2019-04-18 17:08:34,027 	 [DEBUG | nodes.py:100] > order (service): adding deployment link to shipping (service)
2019-04-18 17:08:34,028 	 [INFO | yml.py:55] > Adding relationship from shipping (service) to rabbitmq (micro.nodes.MessageBroker)
2019-04-18 17:08:34,028 	 [DEBUG | nodes.py:92] > shipping (service): adding runtime link to rabbitmq (micro.nodes.MessageBroker)
2019-04-18 17:08:34,028 	 [INFO | yml.py:55] > Adding relationship from shipping (service) to order_db (database)
2019-04-18 17:08:34,028 	 [DEBUG | nodes.py:92] > shipping (service): adding runtime link to order_db (database)
2019-04-18 17:08:34,028 	 [INFO | yml.py:55] > Adding relationship from shipping (service) to order_db (database)
2019-04-18 17:08:34,028 	 [DEBUG | nodes.py:100] > shipping (service): adding deployment link to order_db (database)
2019-04-18 17:08:34,029 	 [INFO | yml.py:55] > Adding relationship from gateway (micro.nodes.ApiGateway) to shipping (service)
2019-04-18 17:08:34,029 	 [DEBUG | nodes.py:92] > gateway (micro.nodes.ApiGateway): adding runtime link to shipping (service)
2019-04-18 17:08:34,029 	 [DEBUG | template.py:74] > Added group edgenodes (edge)
2019-04-18 17:55:46,085 	 [DEBUG | template.py:63] > Added node order (service)
2019-04-18 17:55:46,086 	 [DEBUG | template.py:63] > Added node rabbitmq (micro.nodes.MessageBroker)
2019-04-18 17:55:46,086 	 [DEBUG | template.py:63] > Added node shipping (service)
2019-04-18 17:55:46,086 	 [DEBUG | template.py:63] > Added node order_db (database)
2019-04-18 17:55:46,086 	 [DEBUG | template.py:63] > Added node gateway (micro.nodes.ApiGateway)
2019-04-18 17:55:46,086 	 [INFO | yml.py:71] > Adding relationship from order (service) to order_db (database)
2019-04-18 17:56:19,377 	 [DEBUG | template.py:63] > Added node order (service)
2019-04-18 17:56:19,378 	 [DEBUG | template.py:63] > Added node rabbitmq (micro.nodes.MessageBroker)
2019-04-18 17:56:19,378 	 [DEBUG | template.py:63] > Added node shipping (service)
2019-04-18 17:56:19,378 	 [DEBUG | template.py:63] > Added node order_db (database)
2019-04-18 17:56:19,378 	 [DEBUG | template.py:63] > Added node gateway (micro.nodes.ApiGateway)
2019-04-18 17:56:19,379 	 [INFO | yml.py:71] > Adding relationship from order (service) to order_db (database)
2019-04-18 17:58:35,348 	 [DEBUG | template.py:63] > Added node order (service)
2019-04-18 17:58:35,349 	 [DEBUG | template.py:63] > Added node rabbitmq (micro.nodes.MessageBroker)
2019-04-18 17:58:35,349 	 [DEBUG | template.py:63] > Added node shipping (service)
2019-04-18 17:58:35,349 	 [DEBUG | template.py:63] > Added node order_db (database)
2019-04-18 17:58:35,350 	 [DEBUG | template.py:63] > Added node gateway (micro.nodes.ApiGateway)
2019-04-18 17:58:35,350 	 [INFO | yml.py:71] > Adding relationship from order (service) to order_db (database)
2019-04-18 17:58:35,350 	 [DEBUG | nodes.py:92] > order (service): adding runtime link to order_db (database)
2019-04-18 17:59:06,037 	 [DEBUG | template.py:63] > Added node order (service)
2019-04-18 17:59:06,037 	 [DEBUG | template.py:63] > Added node rabbitmq (micro.nodes.MessageBroker)
2019-04-18 17:59:06,037 	 [DEBUG | template.py:63] > Added node shipping (service)
2019-04-18 17:59:06,037 	 [DEBUG | template.py:63] > Added node order_db (database)
2019-04-18 17:59:06,038 	 [DEBUG | template.py:63] > Added node gateway (micro.nodes.ApiGateway)
2019-04-18 17:59:06,038 	 [INFO | yml.py:71] > Adding relationship from order (service) to order_db (database)
2019-04-18 17:59:06,039 	 [DEBUG | nodes.py:92] > order (service): adding runtime link to order_db (database)
2019-04-18 17:59:49,819 	 [DEBUG | template.py:63] > Added node order (service)
2019-04-18 17:59:49,821 	 [DEBUG | template.py:63] > Added node rabbitmq (micro.nodes.MessageBroker)
2019-04-18 17:59:49,822 	 [DEBUG | template.py:63] > Added node shipping (service)
2019-04-18 17:59:49,822 	 [DEBUG | template.py:63] > Added node order_db (database)
2019-04-18 17:59:49,822 	 [DEBUG | template.py:63] > Added node gateway (micro.nodes.ApiGateway)
2019-04-18 17:59:49,822 	 [INFO | yml.py:71] > Adding relationship from order (service) to order_db (database)
2019-04-18 17:59:49,822 	 [DEBUG | nodes.py:92] > order (service): adding runtime link to order_db (database)
2019-04-18 18:04:50,377 	 [DEBUG | template.py:63] > Added node order (service)
2019-04-18 18:04:50,377 	 [DEBUG | template.py:63] > Added node rabbitmq (micro.nodes.MessageBroker)
2019-04-18 18:04:50,377 	 [DEBUG | template.py:63] > Added node shipping (service)
2019-04-18 18:04:50,377 	 [DEBUG | template.py:63] > Added node order_db (database)
2019-04-18 18:04:50,377 	 [DEBUG | template.py:63] > Added node gateway (micro.nodes.ApiGateway)
2019-04-18 18:04:50,378 	 [INFO | yml.py:71] > Adding relationship from order (service) to order_db (database)
2019-04-18 18:04:50,378 	 [DEBUG | nodes.py:92] > order (service): adding runtime link to order_db (database)
2019-04-18 18:05:50,472 	 [DEBUG | template.py:63] > Added node order (service)
2019-04-18 18:05:50,473 	 [DEBUG | template.py:63] > Added node rabbitmq (micro.nodes.MessageBroker)
2019-04-18 18:05:50,473 	 [DEBUG | template.py:63] > Added node shipping (service)
2019-04-18 18:05:50,473 	 [DEBUG | template.py:63] > Added node order_db (database)
2019-04-18 18:05:50,473 	 [DEBUG | template.py:63] > Added node gateway (micro.nodes.ApiGateway)
2019-04-18 18:05:50,474 	 [INFO | yml.py:71] > Adding relationship from order (service) to order_db (database)
2019-04-18 18:05:50,474 	 [DEBUG | nodes.py:92] > order (service): adding runtime link to order_db (database)
2019-04-18 18:06:19,881 	 [DEBUG | template.py:63] > Added node order (service)
2019-04-18 18:06:19,881 	 [DEBUG | template.py:63] > Added node rabbitmq (micro.nodes.MessageBroker)
2019-04-18 18:06:19,881 	 [DEBUG | template.py:63] > Added node shipping (service)
2019-04-18 18:06:19,881 	 [DEBUG | template.py:63] > Added node order_db (database)
2019-04-18 18:06:19,881 	 [DEBUG | template.py:63] > Added node gateway (micro.nodes.ApiGateway)
2019-04-18 18:06:19,881 	 [INFO | yml.py:71] > Adding relationship from order (service) to order_db (database)
2019-04-18 18:06:19,882 	 [DEBUG | nodes.py:92] > order (service): adding runtime link to order_db (database)
2019-04-18 18:06:36,602 	 [DEBUG | template.py:63] > Added node order (service)
2019-04-18 18:06:36,602 	 [DEBUG | template.py:63] > Added node rabbitmq (micro.nodes.MessageBroker)
2019-04-18 18:06:36,602 	 [DEBUG | template.py:63] > Added node shipping (service)
2019-04-18 18:06:36,602 	 [DEBUG | template.py:63] > Added node order_db (database)
2019-04-18 18:06:36,602 	 [DEBUG | template.py:63] > Added node gateway (micro.nodes.ApiGateway)
2019-04-18 18:06:36,603 	 [INFO | yml.py:71] > Adding relationship from order (service) to order_db (database)
2019-04-18 18:06:36,603 	 [DEBUG | nodes.py:92] > order (service): adding runtime link to order_db (database)
2019-04-18 18:06:54,005 	 [DEBUG | template.py:63] > Added node order (service)
2019-04-18 18:06:54,005 	 [DEBUG | template.py:63] > Added node rabbitmq (micro.nodes.MessageBroker)
2019-04-18 18:06:54,005 	 [DEBUG | template.py:63] > Added node shipping (service)
2019-04-18 18:06:54,005 	 [DEBUG | template.py:63] > Added node order_db (database)
2019-04-18 18:06:54,006 	 [DEBUG | template.py:63] > Added node gateway (micro.nodes.ApiGateway)
2019-04-18 18:06:54,006 	 [INFO | yml.py:71] > Adding relationship from order (service) to order_db (database)
2019-04-18 18:06:54,006 	 [DEBUG | nodes.py:92] > order (service): adding runtime link to order_db (database)
2019-04-18 18:06:54,006 	 [INFO | yml.py:71] > Adding relationship from order (service) to rabbitmq (micro.nodes.MessageBroker)
2019-04-18 18:06:54,006 	 [DEBUG | nodes.py:92] > order (service): adding runtime link to rabbitmq (micro.nodes.MessageBroker)
2019-04-18 18:10:20,266 	 [DEBUG | template.py:63] > Added node order (service)
2019-04-18 18:10:20,266 	 [DEBUG | template.py:63] > Added node rabbitmq (micro.nodes.MessageBroker)
2019-04-18 18:10:20,266 	 [DEBUG | template.py:63] > Added node shipping (service)
2019-04-18 18:10:20,266 	 [DEBUG | template.py:63] > Added node order_db (database)
2019-04-18 18:10:20,267 	 [DEBUG | template.py:63] > Added node gateway (micro.nodes.ApiGateway)
2019-04-18 18:10:20,267 	 [INFO | yml.py:71] > Adding relationship from order (service) to order_db (database)
2019-04-18 18:10:20,267 	 [DEBUG | nodes.py:92] > order (service): adding runtime link to order_db (database)
2019-04-18 18:10:20,267 	 [INFO | yml.py:71] > Adding relationship from order (service) to rabbitmq (micro.nodes.MessageBroker)
2019-04-18 18:10:20,267 	 [DEBUG | nodes.py:92] > order (service): adding runtime link to rabbitmq (micro.nodes.MessageBroker)
2019-04-18 18:10:40,912 	 [DEBUG | template.py:63] > Added node order (service)
2019-04-18 18:10:40,913 	 [DEBUG | template.py:63] > Added node rabbitmq (micro.nodes.MessageBroker)
2019-04-18 18:10:40,913 	 [DEBUG | template.py:63] > Added node shipping (service)
2019-04-18 18:10:40,913 	 [DEBUG | template.py:63] > Added node order_db (database)
2019-04-18 18:10:40,913 	 [DEBUG | template.py:63] > Added node gateway (micro.nodes.ApiGateway)
2019-04-18 18:10:40,913 	 [INFO | yml.py:71] > Adding relationship from order (service) to order_db (database)
2019-04-18 18:10:40,914 	 [DEBUG | nodes.py:92] > order (service): adding runtime link to order_db (database)
2019-04-18 18:10:40,914 	 [INFO | yml.py:71] > Adding relationship from order (service) to rabbitmq (micro.nodes.MessageBroker)
2019-04-18 18:10:40,914 	 [DEBUG | nodes.py:92] > order (service): adding runtime link to rabbitmq (micro.nodes.MessageBroker)
2019-04-18 18:11:04,483 	 [DEBUG | template.py:63] > Added node order (service)
2019-04-18 18:11:04,484 	 [DEBUG | template.py:63] > Added node rabbitmq (micro.nodes.MessageBroker)
2019-04-18 18:11:04,484 	 [DEBUG | template.py:63] > Added node shipping (service)
2019-04-18 18:11:04,484 	 [DEBUG | template.py:63] > Added node order_db (database)
2019-04-18 18:11:04,484 	 [DEBUG | template.py:63] > Added node gateway (micro.nodes.ApiGateway)
2019-04-18 18:11:04,485 	 [INFO | yml.py:72] > Adding relationship from order (service) to order_db (database)
2019-04-18 18:11:04,485 	 [DEBUG | nodes.py:92] > order (service): adding runtime link to order_db (database)
2019-04-18 18:11:04,485 	 [INFO | yml.py:72] > Adding relationship from order (service) to rabbitmq (micro.nodes.MessageBroker)
2019-04-18 18:11:04,485 	 [DEBUG | nodes.py:92] > order (service): adding runtime link to rabbitmq (micro.nodes.MessageBroker)
2019-04-18 18:12:08,017 	 [DEBUG | template.py:63] > Added node order (service)
2019-04-18 18:12:08,017 	 [DEBUG | template.py:63] > Added node rabbitmq (micro.nodes.MessageBroker)
2019-04-18 18:12:08,017 	 [DEBUG | template.py:63] > Added node shipping (service)
2019-04-18 18:12:08,017 	 [DEBUG | template.py:63] > Added node order_db (database)
2019-04-18 18:12:08,017 	 [DEBUG | template.py:63] > Added node gateway (micro.nodes.ApiGateway)
2019-04-18 18:12:08,017 	 [INFO | yml.py:72] > Adding relationship from order (service) to order_db (database)
2019-04-18 18:12:08,018 	 [DEBUG | nodes.py:92] > order (service): adding runtime link to order_db (database)
2019-04-18 18:12:08,018 	 [INFO | yml.py:72] > Adding relationship from order (service) to rabbitmq (micro.nodes.MessageBroker)
2019-04-18 18:12:08,018 	 [DEBUG | nodes.py:92] > order (service): adding runtime link to rabbitmq (micro.nodes.MessageBroker)
2019-04-18 18:12:36,783 	 [DEBUG | template.py:63] > Added node order (service)
2019-04-18 18:12:36,783 	 [DEBUG | template.py:63] > Added node rabbitmq (micro.nodes.MessageBroker)
2019-04-18 18:12:36,783 	 [DEBUG | template.py:63] > Added node shipping (service)
2019-04-18 18:12:36,783 	 [DEBUG | template.py:63] > Added node order_db (database)
2019-04-18 18:12:36,783 	 [DEBUG | template.py:63] > Added node gateway (micro.nodes.ApiGateway)
2019-04-18 18:12:36,783 	 [INFO | yml.py:72] > Adding relationship from order (service) to order_db (database)
2019-04-18 18:12:36,784 	 [DEBUG | nodes.py:92] > order (service): adding runtime link to order_db (database)
2019-04-18 18:12:36,784 	 [INFO | yml.py:72] > Adding relationship from order (service) to rabbitmq (micro.nodes.MessageBroker)
2019-04-18 18:12:36,784 	 [DEBUG | nodes.py:92] > order (service): adding runtime link to rabbitmq (micro.nodes.MessageBroker)
2019-04-18 18:13:26,117 	 [DEBUG | template.py:63] > Added node order (service)
2019-04-18 18:13:26,117 	 [DEBUG | template.py:63] > Added node rabbitmq (micro.nodes.MessageBroker)
2019-04-18 18:13:26,117 	 [DEBUG | template.py:63] > Added node shipping (service)
2019-04-18 18:13:26,117 	 [DEBUG | template.py:63] > Added node order_db (database)
2019-04-18 18:13:26,118 	 [DEBUG | template.py:63] > Added node gateway (micro.nodes.ApiGateway)
2019-04-18 18:13:26,118 	 [INFO | yml.py:72] > Adding relationship from order (service) to order_db (database)
2019-04-18 18:13:26,118 	 [DEBUG | nodes.py:92] > order (service): adding runtime link to order_db (database)
2019-04-18 18:13:26,118 	 [INFO | yml.py:72] > Adding relationship from order (service) to rabbitmq (micro.nodes.MessageBroker)
2019-04-18 18:13:26,118 	 [DEBUG | nodes.py:92] > order (service): adding runtime link to rabbitmq (micro.nodes.MessageBroker)
2019-04-18 18:14:07,565 	 [DEBUG | template.py:63] > Added node order (service)
2019-04-18 18:14:07,565 	 [DEBUG | template.py:63] > Added node rabbitmq (micro.nodes.MessageBroker)
2019-04-18 18:14:07,565 	 [DEBUG | template.py:63] > Added node shipping (service)
2019-04-18 18:14:07,565 	 [DEBUG | template.py:63] > Added node order_db (database)
2019-04-18 18:14:07,565 	 [DEBUG | template.py:63] > Added node gateway (micro.nodes.ApiGateway)
2019-04-18 18:14:07,565 	 [INFO | yml.py:71] > Adding relationship from order (service) to order_db (database)
2019-04-18 18:14:07,566 	 [DEBUG | nodes.py:92] > order (service): adding runtime link to order_db (database)
2019-04-18 18:14:07,566 	 [INFO | yml.py:71] > Adding relationship from order (service) to rabbitmq (micro.nodes.MessageBroker)
2019-04-18 18:14:07,566 	 [DEBUG | nodes.py:92] > order (service): adding runtime link to rabbitmq (micro.nodes.MessageBroker)
2019-04-18 18:14:21,834 	 [DEBUG | template.py:63] > Added node order (service)
2019-04-18 18:14:21,834 	 [DEBUG | template.py:63] > Added node rabbitmq (micro.nodes.MessageBroker)
2019-04-18 18:14:21,834 	 [DEBUG | template.py:63] > Added node shipping (service)
2019-04-18 18:14:21,835 	 [DEBUG | template.py:63] > Added node order_db (database)
2019-04-18 18:14:21,835 	 [DEBUG | template.py:63] > Added node gateway (micro.nodes.ApiGateway)
2019-04-18 18:14:21,835 	 [INFO | yml.py:71] > Adding relationship from order (service) to order_db (database)
2019-04-18 18:14:21,835 	 [DEBUG | nodes.py:92] > order (service): adding runtime link to order_db (database)
2019-04-18 18:14:21,835 	 [INFO | yml.py:71] > Adding relationship from order (service) to rabbitmq (micro.nodes.MessageBroker)
2019-04-18 18:14:21,835 	 [DEBUG | nodes.py:92] > order (service): adding runtime link to rabbitmq (micro.nodes.MessageBroker)
2019-04-18 18:14:46,881 	 [DEBUG | template.py:63] > Added node order (service)
2019-04-18 18:14:46,881 	 [DEBUG | template.py:63] > Added node rabbitmq (micro.nodes.MessageBroker)
2019-04-18 18:14:46,882 	 [DEBUG | template.py:63] > Added node shipping (service)
2019-04-18 18:14:46,882 	 [DEBUG | template.py:63] > Added node order_db (database)
2019-04-18 18:14:46,882 	 [DEBUG | template.py:63] > Added node gateway (micro.nodes.ApiGateway)
2019-04-18 18:14:46,882 	 [INFO | yml.py:71] > Adding relationship from order (service) to order_db (database)
2019-04-18 18:14:46,882 	 [DEBUG | nodes.py:92] > order (service): adding runtime link to order_db (database)
2019-04-18 18:14:46,883 	 [INFO | yml.py:71] > Adding relationship from order (service) to rabbitmq (micro.nodes.MessageBroker)
2019-04-18 18:14:46,883 	 [DEBUG | nodes.py:92] > order (service): adding runtime link to rabbitmq (micro.nodes.MessageBroker)
2019-04-18 18:14:46,883 	 [INFO | yml.py:79] > Adding relationship  with custom relationship from order (service) to shipping (service)
2019-04-18 18:14:46,883 	 [DEBUG | nodes.py:92] > order (service): adding runtime link to shipping (service)
2019-04-18 18:14:46,883 	 [INFO | yml.py:71] > Adding relationship from order (service) to order_db (database)
2019-04-18 18:14:46,884 	 [DEBUG | nodes.py:100] > order (service): adding deployment link to order_db (database)
2019-04-18 18:14:46,884 	 [INFO | yml.py:71] > Adding relationship from order (service) to shipping (service)
2019-04-18 18:14:46,884 	 [DEBUG | nodes.py:100] > order (service): adding deployment link to shipping (service)
2019-04-18 18:14:46,884 	 [INFO | yml.py:71] > Adding relationship from shipping (service) to rabbitmq (micro.nodes.MessageBroker)
2019-04-18 18:14:46,885 	 [DEBUG | nodes.py:92] > shipping (service): adding runtime link to rabbitmq (micro.nodes.MessageBroker)
2019-04-18 18:14:46,885 	 [INFO | yml.py:71] > Adding relationship from shipping (service) to order_db (database)
2019-04-18 18:14:46,885 	 [DEBUG | nodes.py:92] > shipping (service): adding runtime link to order_db (database)
2019-04-18 18:14:46,885 	 [INFO | yml.py:71] > Adding relationship from shipping (service) to order_db (database)
2019-04-18 18:14:46,885 	 [DEBUG | nodes.py:100] > shipping (service): adding deployment link to order_db (database)
2019-04-18 18:14:46,885 	 [INFO | yml.py:71] > Adding relationship from gateway (micro.nodes.ApiGateway) to shipping (service)
2019-04-18 18:14:46,886 	 [DEBUG | nodes.py:92] > gateway (micro.nodes.ApiGateway): adding runtime link to shipping (service)
2019-04-18 18:15:18,395 	 [DEBUG | template.py:63] > Added node order (service)
2019-04-18 18:15:18,395 	 [DEBUG | template.py:63] > Added node rabbitmq (micro.nodes.MessageBroker)
2019-04-18 18:15:18,395 	 [DEBUG | template.py:63] > Added node shipping (service)
2019-04-18 18:15:18,395 	 [DEBUG | template.py:63] > Added node order_db (database)
2019-04-18 18:15:18,395 	 [DEBUG | template.py:63] > Added node gateway (micro.nodes.ApiGateway)
2019-04-18 18:15:18,396 	 [INFO | yml.py:71] > Adding relationship from order (service) to order_db (database)
2019-04-18 18:15:18,396 	 [DEBUG | nodes.py:92] > order (service): adding runtime link to order_db (database)
2019-04-18 18:15:18,396 	 [INFO | yml.py:71] > Adding relationship from order (service) to rabbitmq (micro.nodes.MessageBroker)
2019-04-18 18:15:18,396 	 [DEBUG | nodes.py:92] > order (service): adding runtime link to rabbitmq (micro.nodes.MessageBroker)
2019-04-18 18:15:18,396 	 [INFO | yml.py:79] > Adding Timeout relationship from order (service) to shipping (service)
2019-04-18 18:15:18,397 	 [DEBUG | nodes.py:92] > order (service): adding runtime link to shipping (service)
2019-04-18 18:15:18,397 	 [INFO | yml.py:71] > Adding relationship from order (service) to order_db (database)
2019-04-18 18:15:18,397 	 [DEBUG | nodes.py:100] > order (service): adding deployment link to order_db (database)
2019-04-18 18:15:18,397 	 [INFO | yml.py:71] > Adding relationship from order (service) to shipping (service)
2019-04-18 18:15:18,397 	 [DEBUG | nodes.py:100] > order (service): adding deployment link to shipping (service)
2019-04-18 18:15:18,397 	 [INFO | yml.py:71] > Adding relationship from shipping (service) to rabbitmq (micro.nodes.MessageBroker)
2019-04-18 18:15:18,397 	 [DEBUG | nodes.py:92] > shipping (service): adding runtime link to rabbitmq (micro.nodes.MessageBroker)
2019-04-18 18:15:18,398 	 [INFO | yml.py:71] > Adding relationship from shipping (service) to order_db (database)
2019-04-18 18:15:18,398 	 [DEBUG | nodes.py:92] > shipping (service): adding runtime link to order_db (database)
2019-04-18 18:15:18,398 	 [INFO | yml.py:71] > Adding relationship from shipping (service) to order_db (database)
2019-04-18 18:15:18,398 	 [DEBUG | nodes.py:100] > shipping (service): adding deployment link to order_db (database)
2019-04-18 18:15:18,398 	 [INFO | yml.py:71] > Adding relationship from gateway (micro.nodes.ApiGateway) to shipping (service)
2019-04-18 18:15:18,398 	 [DEBUG | nodes.py:92] > gateway (micro.nodes.ApiGateway): adding runtime link to shipping (service)
2019-04-18 18:18:23,336 	 [DEBUG | template.py:63] > Added node order (service)
2019-04-18 18:18:23,336 	 [DEBUG | template.py:63] > Added node rabbitmq (micro.nodes.MessageBroker)
2019-04-18 18:18:23,336 	 [DEBUG | template.py:63] > Added node shipping (service)
2019-04-18 18:18:23,337 	 [DEBUG | template.py:63] > Added node order_db (database)
2019-04-18 18:18:23,337 	 [DEBUG | template.py:63] > Added node gateway (micro.nodes.ApiGateway)
2019-04-18 18:18:23,337 	 [INFO | yml.py:71] > Adding relationship from order (service) to order_db (database)
2019-04-18 18:18:23,337 	 [DEBUG | nodes.py:92] > order (service): adding runtime link to order_db (database)
2019-04-18 18:18:23,337 	 [INFO | yml.py:71] > Adding relationship from order (service) to rabbitmq (micro.nodes.MessageBroker)
2019-04-18 18:18:23,338 	 [DEBUG | nodes.py:92] > order (service): adding runtime link to rabbitmq (micro.nodes.MessageBroker)
2019-04-18 18:18:23,338 	 [INFO | yml.py:79] > Adding Timeout relationship from order (service) to shipping (service)
2019-04-18 18:18:23,338 	 [DEBUG | nodes.py:92] > order (service): adding runtime link to shipping (service)
2019-04-18 18:18:23,338 	 [INFO | yml.py:71] > Adding relationship from order (service) to order_db (database)
2019-04-18 18:18:23,338 	 [DEBUG | nodes.py:100] > order (service): adding deployment link to order_db (database)
2019-04-18 18:18:23,339 	 [INFO | yml.py:71] > Adding relationship from order (service) to shipping (service)
2019-04-18 18:18:23,339 	 [DEBUG | nodes.py:100] > order (service): adding deployment link to shipping (service)
2019-04-18 18:18:23,339 	 [INFO | yml.py:71] > Adding relationship from shipping (service) to rabbitmq (micro.nodes.MessageBroker)
2019-04-18 18:18:23,339 	 [DEBUG | nodes.py:92] > shipping (service): adding runtime link to rabbitmq (micro.nodes.MessageBroker)
2019-04-18 18:18:23,339 	 [INFO | yml.py:71] > Adding relationship from shipping (service) to order_db (database)
2019-04-18 18:18:23,339 	 [DEBUG | nodes.py:92] > shipping (service): adding runtime link to order_db (database)
2019-04-18 18:18:23,340 	 [INFO | yml.py:71] > Adding relationship from shipping (service) to order_db (database)
2019-04-18 18:18:23,340 	 [DEBUG | nodes.py:100] > shipping (service): adding deployment link to order_db (database)
2019-04-18 18:18:23,340 	 [INFO | yml.py:71] > Adding relationship from gateway (micro.nodes.ApiGateway) to shipping (service)
2019-04-18 18:18:23,340 	 [DEBUG | nodes.py:92] > gateway (micro.nodes.ApiGateway): adding runtime link to shipping (service)
2019-04-18 18:19:39,636 	 [DEBUG | template.py:63] > Added node order (service)
2019-04-18 18:19:39,637 	 [DEBUG | template.py:63] > Added node rabbitmq (micro.nodes.MessageBroker)
2019-04-18 18:19:39,637 	 [DEBUG | template.py:63] > Added node shipping (service)
2019-04-18 18:19:39,637 	 [DEBUG | template.py:63] > Added node order_db (database)
2019-04-18 18:19:39,637 	 [DEBUG | template.py:63] > Added node gateway (micro.nodes.ApiGateway)
2019-04-18 18:19:39,638 	 [INFO | yml.py:71] > Adding relationship from order (service) to order_db (database)
2019-04-18 18:19:39,638 	 [DEBUG | nodes.py:92] > order (service): adding runtime link to order_db (database)
2019-04-18 18:19:39,638 	 [INFO | yml.py:71] > Adding relationship from order (service) to rabbitmq (micro.nodes.MessageBroker)
2019-04-18 18:19:39,638 	 [DEBUG | nodes.py:92] > order (service): adding runtime link to rabbitmq (micro.nodes.MessageBroker)
2019-04-18 18:19:39,638 	 [INFO | yml.py:71] > Adding relationship from order (service) to shipping (service)
2019-04-18 18:19:39,639 	 [DEBUG | nodes.py:92] > order (service): adding runtime link to shipping (service)
2019-04-18 18:19:39,639 	 [INFO | yml.py:71] > Adding relationship from order (service) to order_db (database)
2019-04-18 18:19:39,639 	 [DEBUG | nodes.py:100] > order (service): adding deployment link to order_db (database)
2019-04-18 18:19:39,639 	 [INFO | yml.py:71] > Adding relationship from order (service) to shipping (service)
2019-04-18 18:19:39,640 	 [DEBUG | nodes.py:100] > order (service): adding deployment link to shipping (service)
2019-04-18 18:19:39,640 	 [INFO | yml.py:71] > Adding relationship from shipping (service) to rabbitmq (micro.nodes.MessageBroker)
2019-04-18 18:19:39,640 	 [DEBUG | nodes.py:92] > shipping (service): adding runtime link to rabbitmq (micro.nodes.MessageBroker)
2019-04-18 18:19:39,640 	 [INFO | yml.py:71] > Adding relationship from shipping (service) to order_db (database)
2019-04-18 18:19:39,641 	 [DEBUG | nodes.py:92] > shipping (service): adding runtime link to order_db (database)
2019-04-18 18:19:39,641 	 [INFO | yml.py:71] > Adding relationship from shipping (service) to order_db (database)
2019-04-18 18:19:39,641 	 [DEBUG | nodes.py:100] > shipping (service): adding deployment link to order_db (database)
2019-04-18 18:19:39,641 	 [INFO | yml.py:71] > Adding relationship from gateway (micro.nodes.ApiGateway) to shipping (service)
2019-04-18 18:19:39,641 	 [DEBUG | nodes.py:92] > gateway (micro.nodes.ApiGateway): adding runtime link to shipping (service)
2019-04-18 18:19:58,555 	 [DEBUG | template.py:63] > Added node order (service)
2019-04-18 18:19:58,555 	 [DEBUG | template.py:63] > Added node rabbitmq (micro.nodes.MessageBroker)
2019-04-18 18:19:58,555 	 [DEBUG | template.py:63] > Added node shipping (service)
2019-04-18 18:19:58,555 	 [DEBUG | template.py:63] > Added node order_db (database)
2019-04-18 18:19:58,556 	 [DEBUG | template.py:63] > Added node gateway (micro.nodes.ApiGateway)
2019-04-18 18:19:58,556 	 [INFO | yml.py:71] > Adding relationship from order (service) to order_db (database)
2019-04-18 18:19:58,556 	 [DEBUG | nodes.py:92] > order (service): adding runtime link to order_db (database)
2019-04-18 18:19:58,556 	 [INFO | yml.py:71] > Adding relationship from order (service) to rabbitmq (micro.nodes.MessageBroker)
2019-04-18 18:19:58,557 	 [DEBUG | nodes.py:92] > order (service): adding runtime link to rabbitmq (micro.nodes.MessageBroker)
2019-04-18 18:19:58,557 	 [INFO | yml.py:71] > Adding relationship from order (service) to shipping (service)
2019-04-18 18:19:58,557 	 [DEBUG | nodes.py:92] > order (service): adding runtime link to shipping (service)
2019-04-18 18:19:58,557 	 [INFO | yml.py:71] > Adding relationship from order (service) to order_db (database)
2019-04-18 18:19:58,557 	 [DEBUG | nodes.py:100] > order (service): adding deployment link to order_db (database)
2019-04-18 18:19:58,558 	 [INFO | yml.py:71] > Adding relationship from order (service) to shipping (service)
2019-04-18 18:19:58,558 	 [DEBUG | nodes.py:100] > order (service): adding deployment link to shipping (service)
2019-04-18 18:19:58,558 	 [INFO | yml.py:71] > Adding relationship from shipping (service) to rabbitmq (micro.nodes.MessageBroker)
2019-04-18 18:19:58,558 	 [DEBUG | nodes.py:92] > shipping (service): adding runtime link to rabbitmq (micro.nodes.MessageBroker)
2019-04-18 18:19:58,559 	 [INFO | yml.py:71] > Adding relationship from shipping (service) to order_db (database)
2019-04-18 18:19:58,559 	 [DEBUG | nodes.py:92] > shipping (service): adding runtime link to order_db (database)
2019-04-18 18:19:58,559 	 [INFO | yml.py:71] > Adding relationship from shipping (service) to order_db (database)
2019-04-18 18:19:58,559 	 [DEBUG | nodes.py:100] > shipping (service): adding deployment link to order_db (database)
2019-04-18 18:19:58,559 	 [INFO | yml.py:71] > Adding relationship from gateway (micro.nodes.ApiGateway) to shipping (service)
2019-04-18 18:19:58,560 	 [DEBUG | nodes.py:92] > gateway (micro.nodes.ApiGateway): adding runtime link to shipping (service)
2019-04-18 18:20:47,891 	 [DEBUG | template.py:63] > Added node order (service)
2019-04-18 18:20:47,891 	 [DEBUG | template.py:63] > Added node rabbitmq (micro.nodes.MessageBroker)
2019-04-18 18:20:47,891 	 [DEBUG | template.py:63] > Added node shipping (service)
2019-04-18 18:20:47,892 	 [DEBUG | template.py:63] > Added node order_db (database)
2019-04-18 18:20:47,892 	 [DEBUG | template.py:63] > Added node gateway (micro.nodes.ApiGateway)
2019-04-18 18:20:47,892 	 [INFO | yml.py:71] > Adding relationship from order (service) to order_db (database)
2019-04-18 18:20:47,892 	 [DEBUG | nodes.py:92] > order (service): adding runtime link to order_db (database)
2019-04-18 18:20:47,892 	 [INFO | yml.py:71] > Adding relationship from order (service) to rabbitmq (micro.nodes.MessageBroker)
2019-04-18 18:20:47,893 	 [DEBUG | nodes.py:92] > order (service): adding runtime link to rabbitmq (micro.nodes.MessageBroker)
2019-04-18 18:20:47,893 	 [INFO | yml.py:71] > Adding relationship from order (service) to shipping (service)
2019-04-18 18:20:47,893 	 [DEBUG | nodes.py:92] > order (service): adding runtime link to shipping (service)
2019-04-18 18:20:47,893 	 [INFO | yml.py:71] > Adding relationship from order (service) to order_db (database)
2019-04-18 18:20:47,894 	 [DEBUG | nodes.py:100] > order (service): adding deployment link to order_db (database)
2019-04-18 18:20:47,894 	 [INFO | yml.py:71] > Adding relationship from order (service) to shipping (service)
2019-04-18 18:20:47,894 	 [DEBUG | nodes.py:100] > order (service): adding deployment link to shipping (service)
2019-04-18 18:20:47,894 	 [INFO | yml.py:71] > Adding relationship from shipping (service) to rabbitmq (micro.nodes.MessageBroker)
2019-04-18 18:20:47,894 	 [DEBUG | nodes.py:92] > shipping (service): adding runtime link to rabbitmq (micro.nodes.MessageBroker)
2019-04-18 18:20:47,895 	 [INFO | yml.py:71] > Adding relationship from shipping (service) to order_db (database)
2019-04-18 18:20:47,895 	 [DEBUG | nodes.py:92] > shipping (service): adding runtime link to order_db (database)
2019-04-18 18:20:47,895 	 [INFO | yml.py:71] > Adding relationship from shipping (service) to order_db (database)
2019-04-18 18:20:47,895 	 [DEBUG | nodes.py:100] > shipping (service): adding deployment link to order_db (database)
2019-04-18 18:20:47,895 	 [INFO | yml.py:71] > Adding relationship from gateway (micro.nodes.ApiGateway) to shipping (service)
2019-04-18 18:20:47,896 	 [DEBUG | nodes.py:92] > gateway (micro.nodes.ApiGateway): adding runtime link to shipping (service)
2019-04-18 18:20:47,896 	 [DEBUG | template.py:74] > Added group edgenodes (edge)
2019-04-18 18:21:07,677 	 [DEBUG | template.py:63] > Added node order (service)
2019-04-18 18:21:07,678 	 [DEBUG | template.py:63] > Added node rabbitmq (micro.nodes.MessageBroker)
2019-04-18 18:21:07,678 	 [DEBUG | template.py:63] > Added node shipping (service)
2019-04-18 18:21:07,678 	 [DEBUG | template.py:63] > Added node order_db (database)
2019-04-18 18:21:07,678 	 [DEBUG | template.py:63] > Added node gateway (micro.nodes.ApiGateway)
2019-04-18 18:21:07,678 	 [INFO | yml.py:71] > Adding relationship from order (service) to order_db (database)
2019-04-18 18:21:07,678 	 [DEBUG | nodes.py:92] > order (service): adding runtime link to order_db (database)
2019-04-18 18:21:07,679 	 [INFO | yml.py:71] > Adding relationship from order (service) to rabbitmq (micro.nodes.MessageBroker)
2019-04-18 18:21:07,679 	 [DEBUG | nodes.py:92] > order (service): adding runtime link to rabbitmq (micro.nodes.MessageBroker)
2019-04-18 18:21:07,679 	 [INFO | yml.py:79] > Adding Timeout relationship from order (service) to shipping (service)
2019-04-18 18:21:07,679 	 [DEBUG | nodes.py:92] > order (service): adding runtime link to shipping (service)
2019-04-18 18:21:07,679 	 [INFO | yml.py:71] > Adding relationship from order (service) to order_db (database)
2019-04-18 18:21:07,680 	 [DEBUG | nodes.py:100] > order (service): adding deployment link to order_db (database)
2019-04-18 18:21:07,680 	 [INFO | yml.py:71] > Adding relationship from order (service) to shipping (service)
2019-04-18 18:21:07,680 	 [DEBUG | nodes.py:100] > order (service): adding deployment link to shipping (service)
2019-04-18 18:21:07,680 	 [INFO | yml.py:71] > Adding relationship from shipping (service) to rabbitmq (micro.nodes.MessageBroker)
2019-04-18 18:21:07,680 	 [DEBUG | nodes.py:92] > shipping (service): adding runtime link to rabbitmq (micro.nodes.MessageBroker)
2019-04-18 18:21:07,681 	 [INFO | yml.py:71] > Adding relationship from shipping (service) to order_db (database)
2019-04-18 18:21:07,681 	 [DEBUG | nodes.py:92] > shipping (service): adding runtime link to order_db (database)
2019-04-18 18:21:07,681 	 [INFO | yml.py:71] > Adding relationship from shipping (service) to order_db (database)
2019-04-18 18:21:07,681 	 [DEBUG | nodes.py:100] > shipping (service): adding deployment link to order_db (database)
2019-04-18 18:21:07,681 	 [INFO | yml.py:71] > Adding relationship from gateway (micro.nodes.ApiGateway) to shipping (service)
2019-04-18 18:21:07,682 	 [DEBUG | nodes.py:92] > gateway (micro.nodes.ApiGateway): adding runtime link to shipping (service)
2019-04-18 18:21:07,682 	 [DEBUG | template.py:74] > Added group edgenodes (edge)
2019-04-18 18:21:11,368 	 [DEBUG | template.py:63] > Added node order (service)
2019-04-18 18:21:11,368 	 [DEBUG | template.py:63] > Added node rabbitmq (micro.nodes.MessageBroker)
2019-04-18 18:21:11,368 	 [DEBUG | template.py:63] > Added node shipping (service)
2019-04-18 18:21:11,368 	 [DEBUG | template.py:63] > Added node order_db (database)
2019-04-18 18:21:11,369 	 [DEBUG | template.py:63] > Added node gateway (micro.nodes.ApiGateway)
2019-04-18 18:21:11,369 	 [INFO | yml.py:71] > Adding relationship from order (service) to order_db (database)
2019-04-18 18:21:11,369 	 [DEBUG | nodes.py:92] > order (service): adding runtime link to order_db (database)
2019-04-18 18:21:11,369 	 [INFO | yml.py:71] > Adding relationship from order (service) to rabbitmq (micro.nodes.MessageBroker)
2019-04-18 18:21:11,370 	 [DEBUG | nodes.py:92] > order (service): adding runtime link to rabbitmq (micro.nodes.MessageBroker)
2019-04-18 18:21:11,370 	 [INFO | yml.py:79] > Adding Timeout relationship from order (service) to shipping (service)
2019-04-18 18:21:11,370 	 [DEBUG | nodes.py:92] > order (service): adding runtime link to shipping (service)
2019-04-18 18:21:11,370 	 [INFO | yml.py:71] > Adding relationship from order (service) to order_db (database)
2019-04-18 18:21:11,370 	 [DEBUG | nodes.py:100] > order (service): adding deployment link to order_db (database)
2019-04-18 18:21:11,371 	 [INFO | yml.py:71] > Adding relationship from order (service) to shipping (service)
2019-04-18 18:21:11,371 	 [DEBUG | nodes.py:100] > order (service): adding deployment link to shipping (service)
2019-04-18 18:21:11,371 	 [INFO | yml.py:71] > Adding relationship from shipping (service) to rabbitmq (micro.nodes.MessageBroker)
2019-04-18 18:21:11,371 	 [DEBUG | nodes.py:92] > shipping (service): adding runtime link to rabbitmq (micro.nodes.MessageBroker)
2019-04-18 18:21:11,371 	 [INFO | yml.py:71] > Adding relationship from shipping (service) to order_db (database)
2019-04-18 18:21:11,371 	 [DEBUG | nodes.py:92] > shipping (service): adding runtime link to order_db (database)
2019-04-18 18:21:11,372 	 [INFO | yml.py:71] > Adding relationship from shipping (service) to order_db (database)
2019-04-18 18:21:11,372 	 [DEBUG | nodes.py:100] > shipping (service): adding deployment link to order_db (database)
2019-04-18 18:21:11,372 	 [INFO | yml.py:71] > Adding relationship from gateway (micro.nodes.ApiGateway) to shipping (service)
2019-04-18 18:21:11,372 	 [DEBUG | nodes.py:92] > gateway (micro.nodes.ApiGateway): adding runtime link to shipping (service)
2019-04-18 18:21:11,372 	 [DEBUG | template.py:74] > Added group edgenodes (edge)
2019-04-18 18:23:51,322 	 [DEBUG | template.py:63] > Added node order (service)
2019-04-18 18:23:51,323 	 [DEBUG | template.py:63] > Added node rabbitmq (micro.nodes.MessageBroker)
2019-04-18 18:23:51,323 	 [DEBUG | template.py:63] > Added node shipping (service)
2019-04-18 18:23:51,323 	 [DEBUG | template.py:63] > Added node order_db (database)
2019-04-18 18:23:51,323 	 [DEBUG | template.py:63] > Added node gateway (micro.nodes.ApiGateway)
2019-04-18 18:23:51,323 	 [INFO | yml.py:71] > Adding relationship from order (service) to order_db (database)
2019-04-18 18:23:51,324 	 [DEBUG | nodes.py:92] > order (service): adding runtime link to order_db (database)
2019-04-18 18:23:51,324 	 [INFO | yml.py:71] > Adding relationship from order (service) to rabbitmq (micro.nodes.MessageBroker)
2019-04-18 18:23:51,324 	 [DEBUG | nodes.py:92] > order (service): adding runtime link to rabbitmq (micro.nodes.MessageBroker)
2019-04-18 18:23:51,324 	 [INFO | yml.py:79] > Adding Timeout relationship from order (service) to shipping (service)
2019-04-18 18:23:51,324 	 [DEBUG | nodes.py:92] > order (service): adding runtime link to shipping (service)
2019-04-18 18:23:51,325 	 [INFO | yml.py:71] > Adding relationship from order (service) to order_db (database)
2019-04-18 18:23:51,325 	 [DEBUG | nodes.py:100] > order (service): adding deployment link to order_db (database)
2019-04-18 18:23:51,325 	 [INFO | yml.py:71] > Adding relationship from order (service) to shipping (service)
2019-04-18 18:23:51,325 	 [DEBUG | nodes.py:100] > order (service): adding deployment link to shipping (service)
2019-04-18 18:23:51,325 	 [INFO | yml.py:71] > Adding relationship from shipping (service) to rabbitmq (micro.nodes.MessageBroker)
2019-04-18 18:23:51,326 	 [DEBUG | nodes.py:92] > shipping (service): adding runtime link to rabbitmq (micro.nodes.MessageBroker)
2019-04-18 18:23:51,326 	 [INFO | yml.py:71] > Adding relationship from shipping (service) to order_db (database)
2019-04-18 18:23:51,326 	 [DEBUG | nodes.py:92] > shipping (service): adding runtime link to order_db (database)
2019-04-18 18:23:51,326 	 [INFO | yml.py:71] > Adding relationship from shipping (service) to order_db (database)
2019-04-18 18:23:51,326 	 [DEBUG | nodes.py:100] > shipping (service): adding deployment link to order_db (database)
2019-04-18 18:23:51,327 	 [INFO | yml.py:71] > Adding relationship from gateway (micro.nodes.ApiGateway) to shipping (service)
2019-04-18 18:23:51,327 	 [DEBUG | nodes.py:92] > gateway (micro.nodes.ApiGateway): adding runtime link to shipping (service)
2019-04-18 18:23:51,327 	 [DEBUG | template.py:74] > Added group edgenodes (edge)
2019-04-18 18:25:02,797 	 [DEBUG | template.py:63] > Added node order (service)
2019-04-18 18:25:02,797 	 [DEBUG | template.py:63] > Added node rabbitmq (micro.nodes.MessageBroker)
2019-04-18 18:25:02,797 	 [DEBUG | template.py:63] > Added node shipping (service)
2019-04-18 18:25:02,797 	 [DEBUG | template.py:63] > Added node order_db (database)
2019-04-18 18:25:02,798 	 [DEBUG | template.py:63] > Added node gateway (micro.nodes.ApiGateway)
2019-04-18 18:25:02,798 	 [INFO | yml.py:71] > Adding relationship from order (service) to order_db (database)
2019-04-18 18:25:02,798 	 [DEBUG | nodes.py:92] > order (service): adding runtime link to order_db (database)
2019-04-18 18:25:02,798 	 [INFO | yml.py:71] > Adding relationship from order (service) to rabbitmq (micro.nodes.MessageBroker)
2019-04-18 18:25:02,798 	 [DEBUG | nodes.py:92] > order (service): adding runtime link to rabbitmq (micro.nodes.MessageBroker)
2019-04-18 18:25:02,799 	 [INFO | yml.py:79] > Adding Timeout relationship from order (service) to shipping (service)
2019-04-18 18:25:02,799 	 [DEBUG | nodes.py:92] > order (service): adding runtime link to shipping (service)
2019-04-18 18:25:02,799 	 [INFO | yml.py:71] > Adding relationship from order (service) to order_db (database)
2019-04-18 18:25:02,799 	 [DEBUG | nodes.py:100] > order (service): adding deployment link to order_db (database)
2019-04-18 18:25:02,800 	 [INFO | yml.py:71] > Adding relationship from order (service) to shipping (service)
2019-04-18 18:25:02,800 	 [DEBUG | nodes.py:100] > order (service): adding deployment link to shipping (service)
2019-04-18 18:25:02,800 	 [INFO | yml.py:71] > Adding relationship from shipping (service) to rabbitmq (micro.nodes.MessageBroker)
2019-04-18 18:25:02,800 	 [DEBUG | nodes.py:92] > shipping (service): adding runtime link to rabbitmq (micro.nodes.MessageBroker)
2019-04-18 18:25:02,800 	 [INFO | yml.py:71] > Adding relationship from shipping (service) to order_db (database)
2019-04-18 18:25:02,801 	 [DEBUG | nodes.py:92] > shipping (service): adding runtime link to order_db (database)
2019-04-18 18:25:02,801 	 [INFO | yml.py:71] > Adding relationship from shipping (service) to order_db (database)
2019-04-18 18:25:02,801 	 [DEBUG | nodes.py:100] > shipping (service): adding deployment link to order_db (database)
2019-04-18 18:25:02,801 	 [INFO | yml.py:71] > Adding relationship from gateway (micro.nodes.ApiGateway) to shipping (service)
2019-04-18 18:25:02,801 	 [DEBUG | nodes.py:92] > gateway (micro.nodes.ApiGateway): adding runtime link to shipping (service)
2019-04-18 18:25:02,802 	 [DEBUG | template.py:74] > Added group edgenodes (edge)
2019-04-18 18:26:00,309 	 [DEBUG | template.py:63] > Added node order (service)
2019-04-18 18:26:00,309 	 [DEBUG | template.py:63] > Added node rabbitmq (micro.nodes.MessageBroker)
2019-04-18 18:26:00,310 	 [DEBUG | template.py:63] > Added node shipping (service)
2019-04-18 18:26:00,310 	 [DEBUG | template.py:63] > Added node order_db (database)
2019-04-18 18:26:00,310 	 [DEBUG | template.py:63] > Added node gateway (micro.nodes.ApiGateway)
2019-04-18 18:26:00,311 	 [INFO | yml.py:71] > Adding relationship from order (service) to order_db (database)
2019-04-18 18:26:00,311 	 [DEBUG | nodes.py:92] > order (service): adding runtime link to order_db (database)
2019-04-18 18:26:00,311 	 [INFO | yml.py:71] > Adding relationship from order (service) to rabbitmq (micro.nodes.MessageBroker)
2019-04-18 18:26:00,311 	 [DEBUG | nodes.py:92] > order (service): adding runtime link to rabbitmq (micro.nodes.MessageBroker)
2019-04-18 18:26:00,312 	 [INFO | yml.py:79] > Adding Timeout relationship from order (service) to shipping (service)
2019-04-18 18:26:00,312 	 [DEBUG | nodes.py:92] > order (service): adding runtime link to shipping (service)
2019-04-18 18:26:00,312 	 [INFO | yml.py:71] > Adding relationship from order (service) to order_db (database)
2019-04-18 18:26:00,312 	 [DEBUG | nodes.py:100] > order (service): adding deployment link to order_db (database)
2019-04-18 18:26:00,313 	 [INFO | yml.py:71] > Adding relationship from order (service) to shipping (service)
2019-04-18 18:26:00,313 	 [DEBUG | nodes.py:100] > order (service): adding deployment link to shipping (service)
2019-04-18 18:26:00,313 	 [INFO | yml.py:71] > Adding relationship from shipping (service) to rabbitmq (micro.nodes.MessageBroker)
2019-04-18 18:26:00,313 	 [DEBUG | nodes.py:92] > shipping (service): adding runtime link to rabbitmq (micro.nodes.MessageBroker)
2019-04-18 18:26:00,314 	 [INFO | yml.py:71] > Adding relationship from shipping (service) to order_db (database)
2019-04-18 18:26:00,314 	 [DEBUG | nodes.py:92] > shipping (service): adding runtime link to order_db (database)
2019-04-18 18:26:00,314 	 [INFO | yml.py:71] > Adding relationship from shipping (service) to order_db (database)
2019-04-18 18:26:00,314 	 [DEBUG | nodes.py:100] > shipping (service): adding deployment link to order_db (database)
2019-04-18 18:26:00,315 	 [INFO | yml.py:71] > Adding relationship from gateway (micro.nodes.ApiGateway) to shipping (service)
2019-04-18 18:26:00,315 	 [DEBUG | nodes.py:92] > gateway (micro.nodes.ApiGateway): adding runtime link to shipping (service)
2019-04-18 18:26:00,315 	 [DEBUG | template.py:74] > Added group edgenodes (edge)
2019-04-18 18:26:10,381 	 [DEBUG | template.py:63] > Added node order (service)
2019-04-18 18:26:10,381 	 [DEBUG | template.py:63] > Added node rabbitmq (micro.nodes.MessageBroker)
2019-04-18 18:26:10,382 	 [DEBUG | template.py:63] > Added node shipping (service)
2019-04-18 18:26:10,382 	 [DEBUG | template.py:63] > Added node order_db (database)
2019-04-18 18:26:10,382 	 [DEBUG | template.py:63] > Added node gateway (micro.nodes.ApiGateway)
2019-04-18 18:26:10,382 	 [INFO | yml.py:71] > Adding relationship from order (service) to order_db (database)
2019-04-18 18:26:10,382 	 [DEBUG | nodes.py:92] > order (service): adding runtime link to order_db (database)
2019-04-18 18:26:10,383 	 [INFO | yml.py:71] > Adding relationship from order (service) to rabbitmq (micro.nodes.MessageBroker)
2019-04-18 18:26:10,383 	 [DEBUG | nodes.py:92] > order (service): adding runtime link to rabbitmq (micro.nodes.MessageBroker)
2019-04-18 18:26:10,383 	 [INFO | yml.py:79] > Adding Timeout relationship from order (service) to shipping (service)
2019-04-18 18:26:10,383 	 [DEBUG | nodes.py:92] > order (service): adding runtime link to shipping (service)
2019-04-18 18:26:10,384 	 [INFO | yml.py:71] > Adding relationship from order (service) to order_db (database)
2019-04-18 18:26:10,384 	 [DEBUG | nodes.py:100] > order (service): adding deployment link to order_db (database)
2019-04-18 18:26:10,384 	 [INFO | yml.py:71] > Adding relationship from order (service) to shipping (service)
2019-04-18 18:26:10,384 	 [DEBUG | nodes.py:100] > order (service): adding deployment link to shipping (service)
2019-04-18 18:26:10,384 	 [INFO | yml.py:71] > Adding relationship from shipping (service) to rabbitmq (micro.nodes.MessageBroker)
2019-04-18 18:26:10,385 	 [DEBUG | nodes.py:92] > shipping (service): adding runtime link to rabbitmq (micro.nodes.MessageBroker)
2019-04-18 18:26:10,385 	 [INFO | yml.py:71] > Adding relationship from shipping (service) to order_db (database)
2019-04-18 18:26:10,385 	 [DEBUG | nodes.py:92] > shipping (service): adding runtime link to order_db (database)
2019-04-18 18:26:10,385 	 [INFO | yml.py:71] > Adding relationship from shipping (service) to order_db (database)
2019-04-18 18:26:10,386 	 [DEBUG | nodes.py:100] > shipping (service): adding deployment link to order_db (database)
2019-04-18 18:26:10,386 	 [INFO | yml.py:71] > Adding relationship from gateway (micro.nodes.ApiGateway) to shipping (service)
2019-04-18 18:26:10,386 	 [DEBUG | nodes.py:92] > gateway (micro.nodes.ApiGateway): adding runtime link to shipping (service)
2019-04-18 18:26:10,386 	 [DEBUG | template.py:74] > Added group edgenodes (edge)
2019-04-18 18:26:23,080 	 [DEBUG | template.py:63] > Added node order (service)
2019-04-18 18:26:23,080 	 [DEBUG | template.py:63] > Added node rabbitmq (micro.nodes.MessageBroker)
2019-04-18 18:26:23,080 	 [DEBUG | template.py:63] > Added node shipping (service)
2019-04-18 18:26:23,080 	 [DEBUG | template.py:63] > Added node order_db (database)
2019-04-18 18:26:23,081 	 [DEBUG | template.py:63] > Added node gateway (micro.nodes.ApiGateway)
2019-04-18 18:26:23,081 	 [INFO | yml.py:71] > Adding relationship from order (service) to order_db (database)
2019-04-18 18:26:23,081 	 [DEBUG | nodes.py:92] > order (service): adding runtime link to order_db (database)
2019-04-18 18:26:23,081 	 [INFO | yml.py:71] > Adding relationship from order (service) to rabbitmq (micro.nodes.MessageBroker)
2019-04-18 18:26:23,081 	 [DEBUG | nodes.py:92] > order (service): adding runtime link to rabbitmq (micro.nodes.MessageBroker)
2019-04-18 18:26:23,082 	 [INFO | yml.py:79] > Adding Timeout relationship from order (service) to shipping (service)
2019-04-18 18:26:23,082 	 [DEBUG | nodes.py:92] > order (service): adding runtime link to shipping (service)
2019-04-18 18:26:23,082 	 [INFO | yml.py:71] > Adding relationship from order (service) to order_db (database)
2019-04-18 18:26:23,082 	 [DEBUG | nodes.py:100] > order (service): adding deployment link to order_db (database)
2019-04-18 18:26:23,083 	 [INFO | yml.py:71] > Adding relationship from order (service) to shipping (service)
2019-04-18 18:26:23,083 	 [DEBUG | nodes.py:100] > order (service): adding deployment link to shipping (service)
2019-04-18 18:26:23,083 	 [INFO | yml.py:71] > Adding relationship from shipping (service) to rabbitmq (micro.nodes.MessageBroker)
2019-04-18 18:26:23,084 	 [DEBUG | nodes.py:92] > shipping (service): adding runtime link to rabbitmq (micro.nodes.MessageBroker)
2019-04-18 18:26:23,084 	 [INFO | yml.py:71] > Adding relationship from shipping (service) to order_db (database)
2019-04-18 18:26:23,084 	 [DEBUG | nodes.py:92] > shipping (service): adding runtime link to order_db (database)
2019-04-18 18:26:23,084 	 [INFO | yml.py:71] > Adding relationship from shipping (service) to order_db (database)
2019-04-18 18:26:23,085 	 [DEBUG | nodes.py:100] > shipping (service): adding deployment link to order_db (database)
2019-04-18 18:26:23,085 	 [INFO | yml.py:71] > Adding relationship from gateway (micro.nodes.ApiGateway) to shipping (service)
2019-04-18 18:26:23,085 	 [DEBUG | nodes.py:92] > gateway (micro.nodes.ApiGateway): adding runtime link to shipping (service)
2019-04-18 18:26:23,085 	 [DEBUG | template.py:74] > Added group edgenodes (edge)
2019-04-18 18:26:40,709 	 [DEBUG | template.py:63] > Added node order (service)
2019-04-18 18:26:40,709 	 [DEBUG | template.py:63] > Added node rabbitmq (micro.nodes.MessageBroker)
2019-04-18 18:26:40,710 	 [DEBUG | template.py:63] > Added node shipping (service)
2019-04-18 18:26:40,710 	 [DEBUG | template.py:63] > Added node order_db (database)
2019-04-18 18:26:40,710 	 [DEBUG | template.py:63] > Added node gateway (micro.nodes.ApiGateway)
2019-04-18 18:26:40,710 	 [INFO | yml.py:71] > Adding relationship from order (service) to order_db (database)
2019-04-18 18:26:40,711 	 [DEBUG | nodes.py:92] > order (service): adding runtime link to order_db (database)
2019-04-18 18:26:40,711 	 [INFO | yml.py:71] > Adding relationship from order (service) to rabbitmq (micro.nodes.MessageBroker)
2019-04-18 18:26:40,711 	 [DEBUG | nodes.py:92] > order (service): adding runtime link to rabbitmq (micro.nodes.MessageBroker)
2019-04-18 18:26:40,711 	 [INFO | yml.py:71] > Adding relationship from order (service) to shipping (service)
2019-04-18 18:26:40,712 	 [DEBUG | nodes.py:92] > order (service): adding runtime link to shipping (service)
2019-04-18 18:26:40,712 	 [INFO | yml.py:71] > Adding relationship from order (service) to order_db (database)
2019-04-18 18:26:40,712 	 [DEBUG | nodes.py:100] > order (service): adding deployment link to order_db (database)
2019-04-18 18:26:40,712 	 [INFO | yml.py:71] > Adding relationship from order (service) to shipping (service)
2019-04-18 18:26:40,713 	 [DEBUG | nodes.py:100] > order (service): adding deployment link to shipping (service)
2019-04-18 18:26:40,713 	 [INFO | yml.py:71] > Adding relationship from shipping (service) to rabbitmq (micro.nodes.MessageBroker)
2019-04-18 18:26:40,713 	 [DEBUG | nodes.py:92] > shipping (service): adding runtime link to rabbitmq (micro.nodes.MessageBroker)
2019-04-18 18:26:40,713 	 [INFO | yml.py:71] > Adding relationship from shipping (service) to order_db (database)
2019-04-18 18:26:40,713 	 [DEBUG | nodes.py:92] > shipping (service): adding runtime link to order_db (database)
2019-04-18 18:26:40,714 	 [INFO | yml.py:71] > Adding relationship from shipping (service) to order_db (database)
2019-04-18 18:26:40,714 	 [DEBUG | nodes.py:100] > shipping (service): adding deployment link to order_db (database)
2019-04-18 18:26:40,714 	 [INFO | yml.py:71] > Adding relationship from gateway (micro.nodes.ApiGateway) to shipping (service)
2019-04-18 18:26:40,714 	 [DEBUG | nodes.py:92] > gateway (micro.nodes.ApiGateway): adding runtime link to shipping (service)
2019-04-18 18:26:40,715 	 [DEBUG | template.py:74] > Added group edgenodes (edge)
2019-04-18 18:52:51,917 	 [INFO | json.py:16] > Loading JSON file: data/examples/helloworld.json
2019-04-18 18:52:51,917 	 [DEBUG | template.py:63] > Added node shipping (service)
2019-04-18 18:52:51,918 	 [DEBUG | template.py:63] > Added node order_db (database)
2019-04-18 18:52:51,918 	 [DEBUG | template.py:63] > Added node order (service)
2019-04-18 18:52:51,918 	 [DEBUG | template.py:63] > Added node rabbitmq (micro.nodes.MessageBroker)
2019-04-18 18:52:51,918 	 [DEBUG | template.py:63] > Added node gateway (micro.nodes.ApiGateway)
2019-04-18 18:52:51,918 	 [DEBUG | nodes.py:92] > shipping (service): adding runtime link to order_db (database)
2019-04-18 18:52:51,919 	 [DEBUG | nodes.py:92] > shipping (service): adding runtime link to rabbitmq (micro.nodes.MessageBroker)
2019-04-18 18:52:51,919 	 [DEBUG | nodes.py:100] > shipping (service): adding deployment link to order_db (database)
2019-04-18 18:52:51,919 	 [DEBUG | nodes.py:92] > order (service): adding runtime link to shipping (service)
2019-04-18 18:52:51,919 	 [DEBUG | nodes.py:92] > order (service): adding runtime link to order_db (database)
2019-04-18 18:52:51,919 	 [DEBUG | nodes.py:92] > order (service): adding runtime link to rabbitmq (micro.nodes.MessageBroker)
2019-04-18 18:52:51,919 	 [DEBUG | nodes.py:100] > order (service): adding deployment link to shipping (service)
2019-04-18 18:52:51,920 	 [DEBUG | nodes.py:100] > order (service): adding deployment link to order_db (database)
2019-04-18 18:52:51,920 	 [DEBUG | nodes.py:92] > gateway (micro.nodes.ApiGateway): adding runtime link to shipping (service)
2019-04-18 18:52:51,920 	 [INFO | json.py:69] > Added shipping to group:edgegroup  name:edgenodes
2019-04-18 18:52:51,920 	 [INFO | json.py:69] > Added order to group:edgegroup  name:edgenodes
2019-04-18 18:52:51,920 	 [INFO | json.py:69] > Added gateway to group:edgegroup  name:edgenodes
2019-04-18 18:52:51,920 	 [DEBUG | template.py:74] > Added group edgenodes (edge)
2019-04-18 19:00:04,412 	 [INFO | json.py:16] > Loading JSON file: data/examples/helloworld.json
2019-04-18 19:00:04,413 	 [DEBUG | template.py:63] > Added node shipping (service)
2019-04-18 19:00:04,413 	 [DEBUG | template.py:63] > Added node order_db (database)
2019-04-18 19:00:04,413 	 [DEBUG | template.py:63] > Added node order (service)
2019-04-18 19:00:04,414 	 [DEBUG | template.py:63] > Added node rabbitmq (micro.nodes.MessageBroker)
2019-04-18 19:00:04,414 	 [DEBUG | template.py:63] > Added node gateway (micro.nodes.ApiGateway)
2019-04-18 19:00:04,414 	 [DEBUG | nodes.py:92] > shipping (service): adding runtime link to order_db (database)
2019-04-18 19:00:04,414 	 [DEBUG | nodes.py:92] > shipping (service): adding runtime link to rabbitmq (micro.nodes.MessageBroker)
2019-04-18 19:00:04,414 	 [DEBUG | nodes.py:100] > shipping (service): adding deployment link to order_db (database)
2019-04-18 19:00:04,415 	 [DEBUG | nodes.py:92] > order (service): adding runtime link to shipping (service)
2019-04-18 19:00:04,415 	 [DEBUG | nodes.py:92] > order (service): adding runtime link to order_db (database)
2019-04-18 19:00:04,415 	 [DEBUG | nodes.py:92] > order (service): adding runtime link to rabbitmq (micro.nodes.MessageBroker)
2019-04-18 19:00:04,415 	 [DEBUG | nodes.py:100] > order (service): adding deployment link to shipping (service)
2019-04-18 19:00:04,415 	 [DEBUG | nodes.py:100] > order (service): adding deployment link to order_db (database)
2019-04-18 19:00:04,416 	 [DEBUG | nodes.py:92] > gateway (micro.nodes.ApiGateway): adding runtime link to shipping (service)
2019-04-18 19:00:04,416 	 [INFO | json.py:69] > Added shipping to group:edgegroup  name:edgenodes
2019-04-18 19:00:04,416 	 [INFO | json.py:69] > Added order to group:edgegroup  name:edgenodes
2019-04-18 19:00:04,416 	 [INFO | json.py:69] > Added gateway to group:edgegroup  name:edgenodes
2019-04-18 19:00:04,416 	 [DEBUG | template.py:74] > Added group edgenodes (edge)
2019-04-18 19:02:09,597 	 [DEBUG | template.py:63] > Added node order (service)
2019-04-18 19:02:09,598 	 [DEBUG | template.py:63] > Added node rabbitmq (micro.nodes.MessageBroker)
2019-04-18 19:02:09,598 	 [DEBUG | template.py:63] > Added node shipping (service)
2019-04-18 19:02:09,598 	 [DEBUG | template.py:63] > Added node order_db (database)
2019-04-18 19:02:09,598 	 [DEBUG | template.py:63] > Added node gateway (micro.nodes.ApiGateway)
2019-04-18 19:02:09,598 	 [INFO | yml.py:71] > Adding relationship from order (service) to order_db (database)
2019-04-18 19:02:09,599 	 [DEBUG | nodes.py:92] > order (service): adding runtime link to order_db (database)
2019-04-18 19:02:09,599 	 [INFO | yml.py:71] > Adding relationship from order (service) to rabbitmq (micro.nodes.MessageBroker)
2019-04-18 19:02:09,599 	 [DEBUG | nodes.py:92] > order (service): adding runtime link to rabbitmq (micro.nodes.MessageBroker)
2019-04-18 19:02:09,599 	 [INFO | yml.py:79] > Adding Timeout relationship from order (service) to shipping (service)
2019-04-18 19:02:09,599 	 [DEBUG | nodes.py:92] > order (service): adding runtime link to shipping (service)
2019-04-18 19:02:09,600 	 [INFO | yml.py:71] > Adding relationship from order (service) to order_db (database)
2019-04-18 19:02:09,600 	 [DEBUG | nodes.py:100] > order (service): adding deployment link to order_db (database)
2019-04-18 19:02:09,600 	 [INFO | yml.py:71] > Adding relationship from order (service) to shipping (service)
2019-04-18 19:02:09,600 	 [DEBUG | nodes.py:100] > order (service): adding deployment link to shipping (service)
2019-04-18 19:02:09,601 	 [INFO | yml.py:71] > Adding relationship from shipping (service) to rabbitmq (micro.nodes.MessageBroker)
2019-04-18 19:02:09,601 	 [DEBUG | nodes.py:92] > shipping (service): adding runtime link to rabbitmq (micro.nodes.MessageBroker)
2019-04-18 19:02:09,601 	 [INFO | yml.py:71] > Adding relationship from shipping (service) to order_db (database)
2019-04-18 19:02:09,601 	 [DEBUG | nodes.py:92] > shipping (service): adding runtime link to order_db (database)
2019-04-18 19:02:09,601 	 [INFO | yml.py:71] > Adding relationship from shipping (service) to order_db (database)
2019-04-18 19:02:09,601 	 [DEBUG | nodes.py:100] > shipping (service): adding deployment link to order_db (database)
2019-04-18 19:02:09,602 	 [INFO | yml.py:71] > Adding relationship from gateway (micro.nodes.ApiGateway) to shipping (service)
2019-04-18 19:02:09,602 	 [DEBUG | nodes.py:92] > gateway (micro.nodes.ApiGateway): adding runtime link to shipping (service)
2019-04-18 19:02:09,602 	 [DEBUG | template.py:74] > Added group edgenodes (edge)
2019-04-18 19:02:22,333 	 [DEBUG | template.py:63] > Added node order (service)
2019-04-18 19:02:22,333 	 [DEBUG | template.py:63] > Added node rabbitmq (micro.nodes.MessageBroker)
2019-04-18 19:02:22,333 	 [DEBUG | template.py:63] > Added node shipping (service)
2019-04-18 19:02:22,333 	 [DEBUG | template.py:63] > Added node order_db (database)
2019-04-18 19:02:22,333 	 [DEBUG | template.py:63] > Added node gateway (micro.nodes.ApiGateway)
2019-04-18 19:02:22,334 	 [INFO | yml.py:71] > Adding relationship from order (service) to order_db (database)
2019-04-18 19:02:22,334 	 [DEBUG | nodes.py:92] > order (service): adding runtime link to order_db (database)
2019-04-18 19:02:22,334 	 [INFO | yml.py:71] > Adding relationship from order (service) to rabbitmq (micro.nodes.MessageBroker)
2019-04-18 19:02:22,334 	 [DEBUG | nodes.py:92] > order (service): adding runtime link to rabbitmq (micro.nodes.MessageBroker)
2019-04-18 19:02:22,334 	 [INFO | yml.py:79] > Adding Timeout relationship from order (service) to shipping (service)
2019-04-18 19:02:22,335 	 [DEBUG | nodes.py:92] > order (service): adding runtime link to shipping (service)
2019-04-18 19:02:22,335 	 [INFO | yml.py:71] > Adding relationship from order (service) to order_db (database)
2019-04-18 19:02:22,335 	 [DEBUG | nodes.py:100] > order (service): adding deployment link to order_db (database)
2019-04-18 19:02:22,335 	 [INFO | yml.py:71] > Adding relationship from order (service) to shipping (service)
2019-04-18 19:02:22,335 	 [DEBUG | nodes.py:100] > order (service): adding deployment link to shipping (service)
2019-04-18 19:02:22,335 	 [INFO | yml.py:71] > Adding relationship from shipping (service) to rabbitmq (micro.nodes.MessageBroker)
2019-04-18 19:02:22,335 	 [DEBUG | nodes.py:92] > shipping (service): adding runtime link to rabbitmq (micro.nodes.MessageBroker)
2019-04-18 19:02:22,336 	 [INFO | yml.py:71] > Adding relationship from shipping (service) to order_db (database)
2019-04-18 19:02:22,336 	 [DEBUG | nodes.py:92] > shipping (service): adding runtime link to order_db (database)
2019-04-18 19:02:22,336 	 [INFO | yml.py:71] > Adding relationship from shipping (service) to order_db (database)
2019-04-18 19:02:22,336 	 [DEBUG | nodes.py:100] > shipping (service): adding deployment link to order_db (database)
2019-04-18 19:02:22,336 	 [INFO | yml.py:71] > Adding relationship from gateway (micro.nodes.ApiGateway) to shipping (service)
2019-04-18 19:02:22,336 	 [DEBUG | nodes.py:92] > gateway (micro.nodes.ApiGateway): adding runtime link to shipping (service)
2019-04-18 19:02:22,336 	 [DEBUG | template.py:74] > Added group edgenodes (edge)
2019-04-18 19:02:57,245 	 [DEBUG | template.py:63] > Added node order (service)
2019-04-18 19:02:57,246 	 [DEBUG | template.py:63] > Added node rabbitmq (micro.nodes.MessageBroker)
2019-04-18 19:02:57,246 	 [DEBUG | template.py:63] > Added node shipping (service)
2019-04-18 19:02:57,246 	 [DEBUG | template.py:63] > Added node order_db (database)
2019-04-18 19:02:57,246 	 [DEBUG | template.py:63] > Added node gateway (micro.nodes.ApiGateway)
2019-04-18 19:02:57,247 	 [INFO | yml.py:71] > Adding relationship from order (service) to order_db (database)
2019-04-18 19:02:57,247 	 [DEBUG | nodes.py:92] > order (service): adding runtime link to order_db (database)
2019-04-18 19:02:57,247 	 [INFO | yml.py:71] > Adding relationship from order (service) to rabbitmq (micro.nodes.MessageBroker)
2019-04-18 19:02:57,247 	 [DEBUG | nodes.py:92] > order (service): adding runtime link to rabbitmq (micro.nodes.MessageBroker)
2019-04-18 19:02:57,248 	 [INFO | yml.py:79] > Adding Timeout relationship from order (service) to shipping (service)
2019-04-18 19:02:57,248 	 [DEBUG | nodes.py:92] > order (service): adding runtime link to shipping (service)
2019-04-18 19:02:57,248 	 [INFO | yml.py:71] > Adding relationship from order (service) to order_db (database)
2019-04-18 19:02:57,248 	 [DEBUG | nodes.py:100] > order (service): adding deployment link to order_db (database)
2019-04-18 19:02:57,249 	 [INFO | yml.py:71] > Adding relationship from order (service) to shipping (service)
2019-04-18 19:02:57,249 	 [DEBUG | nodes.py:100] > order (service): adding deployment link to shipping (service)
2019-04-18 19:02:57,249 	 [INFO | yml.py:71] > Adding relationship from shipping (service) to rabbitmq (micro.nodes.MessageBroker)
2019-04-18 19:02:57,249 	 [DEBUG | nodes.py:92] > shipping (service): adding runtime link to rabbitmq (micro.nodes.MessageBroker)
2019-04-18 19:02:57,250 	 [INFO | yml.py:71] > Adding relationship from shipping (service) to order_db (database)
2019-04-18 19:02:57,250 	 [DEBUG | nodes.py:92] > shipping (service): adding runtime link to order_db (database)
2019-04-18 19:02:57,250 	 [INFO | yml.py:71] > Adding relationship from shipping (service) to order_db (database)
2019-04-18 19:02:57,250 	 [DEBUG | nodes.py:100] > shipping (service): adding deployment link to order_db (database)
2019-04-18 19:02:57,250 	 [INFO | yml.py:71] > Adding relationship from gateway (micro.nodes.ApiGateway) to shipping (service)
2019-04-18 19:02:57,251 	 [DEBUG | nodes.py:92] > gateway (micro.nodes.ApiGateway): adding runtime link to shipping (service)
2019-04-18 19:02:57,251 	 [DEBUG | template.py:74] > Added group edgenodes (edge)
2019-04-18 19:04:42,413 	 [DEBUG | template.py:63] > Added node order (service)
2019-04-18 19:04:42,413 	 [DEBUG | template.py:63] > Added node rabbitmq (micro.nodes.MessageBroker)
2019-04-18 19:04:42,413 	 [DEBUG | template.py:63] > Added node shipping (service)
2019-04-18 19:04:42,413 	 [DEBUG | template.py:63] > Added node order_db (database)
2019-04-18 19:04:42,413 	 [DEBUG | template.py:63] > Added node gateway (micro.nodes.ApiGateway)
2019-04-18 19:04:42,414 	 [INFO | yml.py:71] > Adding relationship from order (service) to order_db (database)
2019-04-18 19:04:42,414 	 [DEBUG | nodes.py:92] > order (service): adding runtime link to order_db (database)
2019-04-18 19:04:42,414 	 [INFO | yml.py:71] > Adding relationship from order (service) to rabbitmq (micro.nodes.MessageBroker)
2019-04-18 19:04:42,414 	 [DEBUG | nodes.py:92] > order (service): adding runtime link to rabbitmq (micro.nodes.MessageBroker)
2019-04-18 19:04:42,414 	 [INFO | yml.py:79] > Adding Timeout relationship from order (service) to shipping (service)
2019-04-18 19:04:42,415 	 [DEBUG | nodes.py:92] > order (service): adding runtime link to shipping (service)
2019-04-18 19:04:42,415 	 [INFO | yml.py:71] > Adding relationship from order (service) to order_db (database)
2019-04-18 19:04:42,415 	 [DEBUG | nodes.py:100] > order (service): adding deployment link to order_db (database)
2019-04-18 19:04:42,415 	 [INFO | yml.py:71] > Adding relationship from order (service) to shipping (service)
2019-04-18 19:04:42,415 	 [DEBUG | nodes.py:100] > order (service): adding deployment link to shipping (service)
2019-04-18 19:04:42,416 	 [INFO | yml.py:71] > Adding relationship from shipping (service) to rabbitmq (micro.nodes.MessageBroker)
2019-04-18 19:04:42,416 	 [DEBUG | nodes.py:92] > shipping (service): adding runtime link to rabbitmq (micro.nodes.MessageBroker)
2019-04-18 19:04:42,416 	 [INFO | yml.py:71] > Adding relationship from shipping (service) to order_db (database)
2019-04-18 19:04:42,416 	 [DEBUG | nodes.py:92] > shipping (service): adding runtime link to order_db (database)
2019-04-18 19:04:42,416 	 [INFO | yml.py:71] > Adding relationship from shipping (service) to order_db (database)
2019-04-18 19:04:42,416 	 [DEBUG | nodes.py:100] > shipping (service): adding deployment link to order_db (database)
2019-04-18 19:04:42,417 	 [INFO | yml.py:71] > Adding relationship from gateway (micro.nodes.ApiGateway) to shipping (service)
2019-04-18 19:04:42,417 	 [DEBUG | nodes.py:92] > gateway (micro.nodes.ApiGateway): adding runtime link to shipping (service)
2019-04-18 19:04:42,417 	 [DEBUG | template.py:74] > Added group edgenodes (edge)
2019-04-18 19:04:51,693 	 [DEBUG | template.py:63] > Added node order (service)
2019-04-18 19:04:51,693 	 [DEBUG | template.py:63] > Added node rabbitmq (micro.nodes.MessageBroker)
2019-04-18 19:04:51,694 	 [DEBUG | template.py:63] > Added node shipping (service)
2019-04-18 19:04:51,694 	 [DEBUG | template.py:63] > Added node order_db (database)
2019-04-18 19:04:51,695 	 [DEBUG | template.py:63] > Added node gateway (micro.nodes.ApiGateway)
2019-04-18 19:04:51,695 	 [INFO | yml.py:71] > Adding relationship from order (service) to order_db (database)
2019-04-18 19:04:51,695 	 [DEBUG | nodes.py:92] > order (service): adding runtime link to order_db (database)
2019-04-18 19:04:51,696 	 [INFO | yml.py:71] > Adding relationship from order (service) to rabbitmq (micro.nodes.MessageBroker)
2019-04-18 19:04:51,696 	 [DEBUG | nodes.py:92] > order (service): adding runtime link to rabbitmq (micro.nodes.MessageBroker)
2019-04-18 19:04:51,696 	 [INFO | yml.py:79] > Adding Timeout relationship from order (service) to shipping (service)
2019-04-18 19:04:51,696 	 [DEBUG | nodes.py:92] > order (service): adding runtime link to shipping (service)
2019-04-18 19:04:51,696 	 [INFO | yml.py:71] > Adding relationship from order (service) to order_db (database)
2019-04-18 19:04:51,697 	 [DEBUG | nodes.py:100] > order (service): adding deployment link to order_db (database)
2019-04-18 19:04:51,697 	 [INFO | yml.py:71] > Adding relationship from order (service) to shipping (service)
2019-04-18 19:04:51,697 	 [DEBUG | nodes.py:100] > order (service): adding deployment link to shipping (service)
2019-04-18 19:04:51,697 	 [INFO | yml.py:71] > Adding relationship from shipping (service) to rabbitmq (micro.nodes.MessageBroker)
2019-04-18 19:04:51,698 	 [DEBUG | nodes.py:92] > shipping (service): adding runtime link to rabbitmq (micro.nodes.MessageBroker)
2019-04-18 19:04:51,698 	 [INFO | yml.py:71] > Adding relationship from shipping (service) to order_db (database)
2019-04-18 19:04:51,698 	 [DEBUG | nodes.py:92] > shipping (service): adding runtime link to order_db (database)
2019-04-18 19:04:51,699 	 [INFO | yml.py:71] > Adding relationship from shipping (service) to order_db (database)
2019-04-18 19:04:51,699 	 [DEBUG | nodes.py:100] > shipping (service): adding deployment link to order_db (database)
2019-04-18 19:04:51,699 	 [INFO | yml.py:71] > Adding relationship from gateway (micro.nodes.ApiGateway) to shipping (service)
2019-04-18 19:04:51,699 	 [DEBUG | nodes.py:92] > gateway (micro.nodes.ApiGateway): adding runtime link to shipping (service)
2019-04-18 19:04:51,700 	 [DEBUG | template.py:74] > Added group edgenodes (edge)
