2019-04-16 13:07:31,052 	 [DEBUG | template.py:63] > Added node order (service)
2019-04-16 13:07:31,052 	 [DEBUG | template.py:63] > Added node rabbitmq (micro.nodes.MessageBroker)
2019-04-16 13:07:31,052 	 [DEBUG | template.py:63] > Added node shipping (service)
2019-04-16 13:07:31,052 	 [DEBUG | template.py:63] > Added node order_db (database)
2019-04-16 13:07:31,053 	 [DEBUG | template.py:63] > Added node gateway (micro.nodes.ApiGateway)
2019-04-16 13:07:31,053 	 [INFO | yml.py:51] > Adding relationship from order (service) to order_db (database)
2019-04-16 13:07:31,053 	 [DEBUG | nodes.py:92] > order (service): adding runtime link to order_db (database)
2019-04-16 13:07:31,053 	 [INFO | yml.py:51] > Adding relationship from order (service) to rabbitmq (micro.nodes.MessageBroker)
2019-04-16 13:07:31,053 	 [DEBUG | nodes.py:92] > order (service): adding runtime link to rabbitmq (micro.nodes.MessageBroker)
2019-04-16 13:07:31,054 	 [INFO | yml.py:51] > Adding relationship from order (service) to shipping (service)
2019-04-16 13:07:31,054 	 [DEBUG | nodes.py:92] > order (service): adding runtime link to shipping (service)
2019-04-16 13:07:31,054 	 [INFO | yml.py:51] > Adding relationship from order (service) to order_db (database)
2019-04-16 13:07:31,054 	 [DEBUG | nodes.py:100] > order (service): adding deployment link to order_db (database)
2019-04-16 13:07:31,054 	 [INFO | yml.py:51] > Adding relationship from order (service) to shipping (service)
2019-04-16 13:07:31,054 	 [DEBUG | nodes.py:100] > order (service): adding deployment link to shipping (service)
2019-04-16 13:07:31,055 	 [INFO | yml.py:51] > Adding relationship from shipping (service) to rabbitmq (micro.nodes.MessageBroker)
2019-04-16 13:07:31,055 	 [DEBUG | nodes.py:92] > shipping (service): adding runtime link to rabbitmq (micro.nodes.MessageBroker)
2019-04-16 13:07:31,055 	 [INFO | yml.py:51] > Adding relationship from shipping (service) to order_db (database)
2019-04-16 13:07:31,055 	 [DEBUG | nodes.py:92] > shipping (service): adding runtime link to order_db (database)
2019-04-16 13:07:31,055 	 [INFO | yml.py:51] > Adding relationship from shipping (service) to order_db (database)
2019-04-16 13:07:31,056 	 [DEBUG | nodes.py:100] > shipping (service): adding deployment link to order_db (database)
2019-04-16 13:07:31,056 	 [INFO | yml.py:51] > Adding relationship from gateway (micro.nodes.ApiGateway) to shipping (service)
2019-04-16 13:07:31,056 	 [DEBUG | nodes.py:92] > gateway (micro.nodes.ApiGateway): adding runtime link to shipping (service)
2019-04-16 13:07:31,056 	 [DEBUG | template.py:74] > Added group edgenodes (edge)
2019-04-16 13:08:13,743 	 [DEBUG | template.py:63] > Added node order (service)
2019-04-16 13:08:13,744 	 [DEBUG | template.py:63] > Added node rabbitmq (micro.nodes.MessageBroker)
2019-04-16 13:08:13,744 	 [DEBUG | template.py:63] > Added node shipping (service)
2019-04-16 13:08:13,744 	 [DEBUG | template.py:63] > Added node order_db (database)
2019-04-16 13:08:13,744 	 [DEBUG | template.py:63] > Added node gateway (micro.nodes.ApiGateway)
2019-04-16 13:08:13,745 	 [INFO | yml.py:51] > Adding relationship from order (service) to order_db (database)
2019-04-16 13:08:13,745 	 [DEBUG | nodes.py:92] > order (service): adding runtime link to order_db (database)
2019-04-16 13:08:13,745 	 [INFO | yml.py:51] > Adding relationship from order (service) to rabbitmq (micro.nodes.MessageBroker)
2019-04-16 13:08:13,745 	 [DEBUG | nodes.py:92] > order (service): adding runtime link to rabbitmq (micro.nodes.MessageBroker)
2019-04-16 13:08:13,746 	 [INFO | yml.py:51] > Adding relationship from order (service) to shipping (service)
2019-04-16 13:08:13,746 	 [DEBUG | nodes.py:92] > order (service): adding runtime link to shipping (service)
2019-04-16 13:08:13,746 	 [INFO | yml.py:51] > Adding relationship from order (service) to order_db (database)
2019-04-16 13:08:13,746 	 [DEBUG | nodes.py:100] > order (service): adding deployment link to order_db (database)
2019-04-16 13:08:13,747 	 [INFO | yml.py:51] > Adding relationship from order (service) to shipping (service)
2019-04-16 13:08:13,747 	 [DEBUG | nodes.py:100] > order (service): adding deployment link to shipping (service)
2019-04-16 13:08:13,747 	 [INFO | yml.py:51] > Adding relationship from shipping (service) to rabbitmq (micro.nodes.MessageBroker)
2019-04-16 13:08:13,747 	 [DEBUG | nodes.py:92] > shipping (service): adding runtime link to rabbitmq (micro.nodes.MessageBroker)
2019-04-16 13:08:13,748 	 [INFO | yml.py:51] > Adding relationship from shipping (service) to order_db (database)
2019-04-16 13:08:13,748 	 [DEBUG | nodes.py:92] > shipping (service): adding runtime link to order_db (database)
2019-04-16 13:08:13,748 	 [INFO | yml.py:51] > Adding relationship from shipping (service) to order_db (database)
2019-04-16 13:08:13,748 	 [DEBUG | nodes.py:100] > shipping (service): adding deployment link to order_db (database)
2019-04-16 13:08:13,749 	 [INFO | yml.py:51] > Adding relationship from gateway (micro.nodes.ApiGateway) to shipping (service)
2019-04-16 13:08:13,749 	 [DEBUG | nodes.py:92] > gateway (micro.nodes.ApiGateway): adding runtime link to shipping (service)
2019-04-16 13:08:13,749 	 [DEBUG | template.py:74] > Added group edgenodes (edge)
2019-04-16 13:08:26,569 	 [DEBUG | template.py:63] > Added node order (service)
2019-04-16 13:08:26,570 	 [DEBUG | template.py:63] > Added node rabbitmq (micro.nodes.MessageBroker)
2019-04-16 13:08:26,570 	 [DEBUG | template.py:63] > Added node shipping (service)
2019-04-16 13:08:26,570 	 [DEBUG | template.py:63] > Added node order_db (database)
2019-04-16 13:08:26,570 	 [DEBUG | template.py:63] > Added node gateway (micro.nodes.ApiGateway)
2019-04-16 13:08:26,570 	 [INFO | yml.py:51] > Adding relationship from order (service) to order_db (database)
2019-04-16 13:08:26,571 	 [DEBUG | nodes.py:92] > order (service): adding runtime link to order_db (database)
2019-04-16 13:08:26,571 	 [INFO | yml.py:51] > Adding relationship from order (service) to rabbitmq (micro.nodes.MessageBroker)
2019-04-16 13:08:26,571 	 [DEBUG | nodes.py:92] > order (service): adding runtime link to rabbitmq (micro.nodes.MessageBroker)
2019-04-16 13:08:26,571 	 [INFO | yml.py:51] > Adding relationship from order (service) to shipping (service)
2019-04-16 13:08:26,571 	 [DEBUG | nodes.py:92] > order (service): adding runtime link to shipping (service)
2019-04-16 13:08:26,572 	 [INFO | yml.py:51] > Adding relationship from order (service) to order_db (database)
2019-04-16 13:08:26,572 	 [DEBUG | nodes.py:100] > order (service): adding deployment link to order_db (database)
2019-04-16 13:08:26,572 	 [INFO | yml.py:51] > Adding relationship from order (service) to shipping (service)
2019-04-16 13:08:26,572 	 [DEBUG | nodes.py:100] > order (service): adding deployment link to shipping (service)
2019-04-16 13:08:26,572 	 [INFO | yml.py:51] > Adding relationship from shipping (service) to rabbitmq (micro.nodes.MessageBroker)
2019-04-16 13:08:26,573 	 [DEBUG | nodes.py:92] > shipping (service): adding runtime link to rabbitmq (micro.nodes.MessageBroker)
2019-04-16 13:08:26,573 	 [INFO | yml.py:51] > Adding relationship from shipping (service) to order_db (database)
2019-04-16 13:08:26,573 	 [DEBUG | nodes.py:92] > shipping (service): adding runtime link to order_db (database)
2019-04-16 13:08:26,573 	 [INFO | yml.py:51] > Adding relationship from shipping (service) to order_db (database)
2019-04-16 13:08:26,573 	 [DEBUG | nodes.py:100] > shipping (service): adding deployment link to order_db (database)
2019-04-16 13:08:26,574 	 [INFO | yml.py:51] > Adding relationship from gateway (micro.nodes.ApiGateway) to shipping (service)
2019-04-16 13:08:26,574 	 [DEBUG | nodes.py:92] > gateway (micro.nodes.ApiGateway): adding runtime link to shipping (service)
2019-04-16 13:08:26,574 	 [DEBUG | template.py:74] > Added group edgenodes (edge)
2019-04-16 13:08:51,212 	 [DEBUG | template.py:63] > Added node order (service)
2019-04-16 13:08:51,213 	 [DEBUG | template.py:63] > Added node rabbitmq (micro.nodes.MessageBroker)
2019-04-16 13:08:51,213 	 [DEBUG | template.py:63] > Added node shipping (service)
2019-04-16 13:08:51,213 	 [DEBUG | template.py:63] > Added node order_db (database)
2019-04-16 13:08:51,214 	 [DEBUG | template.py:63] > Added node gateway (micro.nodes.ApiGateway)
2019-04-16 13:08:51,214 	 [INFO | yml.py:51] > Adding relationship from order (service) to order_db (database)
2019-04-16 13:08:51,214 	 [DEBUG | nodes.py:92] > order (service): adding runtime link to order_db (database)
2019-04-16 13:08:51,214 	 [INFO | yml.py:51] > Adding relationship from order (service) to rabbitmq (micro.nodes.MessageBroker)
2019-04-16 13:08:51,214 	 [DEBUG | nodes.py:92] > order (service): adding runtime link to rabbitmq (micro.nodes.MessageBroker)
2019-04-16 13:08:51,215 	 [INFO | yml.py:51] > Adding relationship from order (service) to shipping (service)
2019-04-16 13:08:51,215 	 [DEBUG | nodes.py:92] > order (service): adding runtime link to shipping (service)
2019-04-16 13:08:51,215 	 [INFO | yml.py:51] > Adding relationship from order (service) to order_db (database)
2019-04-16 13:08:51,215 	 [DEBUG | nodes.py:100] > order (service): adding deployment link to order_db (database)
2019-04-16 13:08:51,215 	 [INFO | yml.py:51] > Adding relationship from order (service) to shipping (service)
2019-04-16 13:08:51,215 	 [DEBUG | nodes.py:100] > order (service): adding deployment link to shipping (service)
2019-04-16 13:08:51,216 	 [INFO | yml.py:51] > Adding relationship from shipping (service) to rabbitmq (micro.nodes.MessageBroker)
2019-04-16 13:08:51,216 	 [DEBUG | nodes.py:92] > shipping (service): adding runtime link to rabbitmq (micro.nodes.MessageBroker)
2019-04-16 13:08:51,216 	 [INFO | yml.py:51] > Adding relationship from shipping (service) to order_db (database)
2019-04-16 13:08:51,216 	 [DEBUG | nodes.py:92] > shipping (service): adding runtime link to order_db (database)
2019-04-16 13:08:51,216 	 [INFO | yml.py:51] > Adding relationship from shipping (service) to order_db (database)
2019-04-16 13:08:51,217 	 [DEBUG | nodes.py:100] > shipping (service): adding deployment link to order_db (database)
2019-04-16 13:08:51,217 	 [INFO | yml.py:51] > Adding relationship from gateway (micro.nodes.ApiGateway) to shipping (service)
2019-04-16 13:08:51,217 	 [DEBUG | nodes.py:92] > gateway (micro.nodes.ApiGateway): adding runtime link to shipping (service)
2019-04-16 13:08:51,217 	 [DEBUG | template.py:74] > Added group edgenodes (edge)
2019-04-16 13:09:10,278 	 [DEBUG | template.py:63] > Added node order (service)
2019-04-16 13:09:10,279 	 [DEBUG | template.py:63] > Added node rabbitmq (micro.nodes.MessageBroker)
2019-04-16 13:09:10,279 	 [DEBUG | template.py:63] > Added node shipping (service)
2019-04-16 13:09:10,279 	 [DEBUG | template.py:63] > Added node order_db (database)
2019-04-16 13:09:10,279 	 [DEBUG | template.py:63] > Added node gateway (micro.nodes.ApiGateway)
2019-04-16 13:09:10,280 	 [INFO | yml.py:51] > Adding relationship from order (service) to order_db (database)
2019-04-16 13:09:10,280 	 [DEBUG | nodes.py:92] > order (service): adding runtime link to order_db (database)
2019-04-16 13:09:10,280 	 [INFO | yml.py:51] > Adding relationship from order (service) to rabbitmq (micro.nodes.MessageBroker)
2019-04-16 13:09:10,280 	 [DEBUG | nodes.py:92] > order (service): adding runtime link to rabbitmq (micro.nodes.MessageBroker)
2019-04-16 13:09:10,280 	 [INFO | yml.py:51] > Adding relationship from order (service) to shipping (service)
2019-04-16 13:09:10,281 	 [DEBUG | nodes.py:92] > order (service): adding runtime link to shipping (service)
2019-04-16 13:09:10,281 	 [INFO | yml.py:51] > Adding relationship from order (service) to order_db (database)
2019-04-16 13:09:10,281 	 [DEBUG | nodes.py:100] > order (service): adding deployment link to order_db (database)
2019-04-16 13:09:10,281 	 [INFO | yml.py:51] > Adding relationship from order (service) to shipping (service)
2019-04-16 13:09:10,281 	 [DEBUG | nodes.py:100] > order (service): adding deployment link to shipping (service)
2019-04-16 13:09:10,282 	 [INFO | yml.py:51] > Adding relationship from shipping (service) to rabbitmq (micro.nodes.MessageBroker)
2019-04-16 13:09:10,282 	 [DEBUG | nodes.py:92] > shipping (service): adding runtime link to rabbitmq (micro.nodes.MessageBroker)
2019-04-16 13:09:10,282 	 [INFO | yml.py:51] > Adding relationship from shipping (service) to order_db (database)
2019-04-16 13:09:10,282 	 [DEBUG | nodes.py:92] > shipping (service): adding runtime link to order_db (database)
2019-04-16 13:09:10,282 	 [INFO | yml.py:51] > Adding relationship from shipping (service) to order_db (database)
2019-04-16 13:09:10,283 	 [DEBUG | nodes.py:100] > shipping (service): adding deployment link to order_db (database)
2019-04-16 13:09:10,283 	 [INFO | yml.py:51] > Adding relationship from gateway (micro.nodes.ApiGateway) to shipping (service)
2019-04-16 13:09:10,283 	 [DEBUG | nodes.py:92] > gateway (micro.nodes.ApiGateway): adding runtime link to shipping (service)
2019-04-16 13:09:10,283 	 [DEBUG | template.py:74] > Added group edgenodes (edge)
2019-04-16 13:09:28,073 	 [DEBUG | template.py:63] > Added node order (service)
2019-04-16 13:09:28,074 	 [DEBUG | template.py:63] > Added node rabbitmq (micro.nodes.MessageBroker)
2019-04-16 13:09:28,074 	 [DEBUG | template.py:63] > Added node shipping (service)
2019-04-16 13:09:28,074 	 [DEBUG | template.py:63] > Added node order_db (database)
2019-04-16 13:09:28,074 	 [DEBUG | template.py:63] > Added node gateway (micro.nodes.ApiGateway)
2019-04-16 13:09:28,075 	 [INFO | yml.py:51] > Adding relationship from order (service) to order_db (database)
2019-04-16 13:09:28,075 	 [DEBUG | nodes.py:92] > order (service): adding runtime link to order_db (database)
2019-04-16 13:09:28,075 	 [INFO | yml.py:51] > Adding relationship from order (service) to rabbitmq (micro.nodes.MessageBroker)
2019-04-16 13:09:28,075 	 [DEBUG | nodes.py:92] > order (service): adding runtime link to rabbitmq (micro.nodes.MessageBroker)
2019-04-16 13:09:28,075 	 [INFO | yml.py:51] > Adding relationship from order (service) to shipping (service)
2019-04-16 13:09:28,075 	 [DEBUG | nodes.py:92] > order (service): adding runtime link to shipping (service)
2019-04-16 13:09:28,076 	 [INFO | yml.py:51] > Adding relationship from order (service) to order_db (database)
2019-04-16 13:09:28,076 	 [DEBUG | nodes.py:100] > order (service): adding deployment link to order_db (database)
2019-04-16 13:09:28,076 	 [INFO | yml.py:51] > Adding relationship from order (service) to shipping (service)
2019-04-16 13:09:28,076 	 [DEBUG | nodes.py:100] > order (service): adding deployment link to shipping (service)
2019-04-16 13:09:28,076 	 [INFO | yml.py:51] > Adding relationship from shipping (service) to rabbitmq (micro.nodes.MessageBroker)
2019-04-16 13:09:28,077 	 [DEBUG | nodes.py:92] > shipping (service): adding runtime link to rabbitmq (micro.nodes.MessageBroker)
2019-04-16 13:09:28,077 	 [INFO | yml.py:51] > Adding relationship from shipping (service) to order_db (database)
2019-04-16 13:09:28,077 	 [DEBUG | nodes.py:92] > shipping (service): adding runtime link to order_db (database)
2019-04-16 13:09:28,077 	 [INFO | yml.py:51] > Adding relationship from shipping (service) to order_db (database)
2019-04-16 13:09:28,077 	 [DEBUG | nodes.py:100] > shipping (service): adding deployment link to order_db (database)
2019-04-16 13:09:28,078 	 [INFO | yml.py:51] > Adding relationship from gateway (micro.nodes.ApiGateway) to shipping (service)
2019-04-16 13:09:28,078 	 [DEBUG | nodes.py:92] > gateway (micro.nodes.ApiGateway): adding runtime link to shipping (service)
2019-04-16 13:09:28,078 	 [DEBUG | template.py:74] > Added group edgenodes (edge)
2019-04-16 13:10:03,598 	 [DEBUG | template.py:63] > Added node order (service)
2019-04-16 13:10:03,599 	 [DEBUG | template.py:63] > Added node rabbitmq (micro.nodes.MessageBroker)
2019-04-16 13:10:03,599 	 [DEBUG | template.py:63] > Added node shipping (service)
2019-04-16 13:10:03,599 	 [DEBUG | template.py:63] > Added node order_db (database)
2019-04-16 13:10:03,599 	 [DEBUG | template.py:63] > Added node gateway (micro.nodes.ApiGateway)
2019-04-16 13:10:03,600 	 [INFO | yml.py:51] > Adding relationship from order (service) to order_db (database)
2019-04-16 13:10:03,600 	 [DEBUG | nodes.py:92] > order (service): adding runtime link to order_db (database)
2019-04-16 13:10:03,600 	 [INFO | yml.py:51] > Adding relationship from order (service) to rabbitmq (micro.nodes.MessageBroker)
2019-04-16 13:10:03,600 	 [DEBUG | nodes.py:92] > order (service): adding runtime link to rabbitmq (micro.nodes.MessageBroker)
2019-04-16 13:10:03,601 	 [INFO | yml.py:51] > Adding relationship from order (service) to shipping (service)
2019-04-16 13:10:03,601 	 [DEBUG | nodes.py:92] > order (service): adding runtime link to shipping (service)
2019-04-16 13:10:03,601 	 [INFO | yml.py:51] > Adding relationship from order (service) to order_db (database)
2019-04-16 13:10:03,601 	 [DEBUG | nodes.py:100] > order (service): adding deployment link to order_db (database)
2019-04-16 13:10:03,601 	 [INFO | yml.py:51] > Adding relationship from order (service) to shipping (service)
2019-04-16 13:10:03,601 	 [DEBUG | nodes.py:100] > order (service): adding deployment link to shipping (service)
2019-04-16 13:10:03,602 	 [INFO | yml.py:51] > Adding relationship from shipping (service) to rabbitmq (micro.nodes.MessageBroker)
2019-04-16 13:10:03,602 	 [DEBUG | nodes.py:92] > shipping (service): adding runtime link to rabbitmq (micro.nodes.MessageBroker)
2019-04-16 13:10:03,602 	 [INFO | yml.py:51] > Adding relationship from shipping (service) to order_db (database)
2019-04-16 13:10:03,602 	 [DEBUG | nodes.py:92] > shipping (service): adding runtime link to order_db (database)
2019-04-16 13:10:03,602 	 [INFO | yml.py:51] > Adding relationship from shipping (service) to order_db (database)
2019-04-16 13:10:03,603 	 [DEBUG | nodes.py:100] > shipping (service): adding deployment link to order_db (database)
2019-04-16 13:10:03,603 	 [INFO | yml.py:51] > Adding relationship from gateway (micro.nodes.ApiGateway) to shipping (service)
2019-04-16 13:10:03,603 	 [DEBUG | nodes.py:92] > gateway (micro.nodes.ApiGateway): adding runtime link to shipping (service)
2019-04-16 13:10:03,603 	 [DEBUG | template.py:74] > Added group edgenodes (edge)
2019-04-16 13:10:19,177 	 [DEBUG | template.py:63] > Added node order (service)
2019-04-16 13:10:19,177 	 [DEBUG | template.py:63] > Added node rabbitmq (micro.nodes.MessageBroker)
2019-04-16 13:10:19,178 	 [DEBUG | template.py:63] > Added node shipping (service)
2019-04-16 13:10:19,178 	 [DEBUG | template.py:63] > Added node order_db (database)
2019-04-16 13:10:19,178 	 [DEBUG | template.py:63] > Added node gateway (micro.nodes.ApiGateway)
2019-04-16 13:10:19,178 	 [INFO | yml.py:51] > Adding relationship from order (service) to order_db (database)
2019-04-16 13:10:19,179 	 [DEBUG | nodes.py:92] > order (service): adding runtime link to order_db (database)
2019-04-16 13:10:19,179 	 [INFO | yml.py:51] > Adding relationship from order (service) to rabbitmq (micro.nodes.MessageBroker)
2019-04-16 13:10:19,179 	 [DEBUG | nodes.py:92] > order (service): adding runtime link to rabbitmq (micro.nodes.MessageBroker)
2019-04-16 13:10:19,179 	 [INFO | yml.py:51] > Adding relationship from order (service) to shipping (service)
2019-04-16 13:10:19,179 	 [DEBUG | nodes.py:92] > order (service): adding runtime link to shipping (service)
2019-04-16 13:10:19,180 	 [INFO | yml.py:51] > Adding relationship from order (service) to order_db (database)
2019-04-16 13:10:19,180 	 [DEBUG | nodes.py:100] > order (service): adding deployment link to order_db (database)
2019-04-16 13:10:19,180 	 [INFO | yml.py:51] > Adding relationship from order (service) to shipping (service)
2019-04-16 13:10:19,180 	 [DEBUG | nodes.py:100] > order (service): adding deployment link to shipping (service)
2019-04-16 13:10:19,180 	 [INFO | yml.py:51] > Adding relationship from shipping (service) to rabbitmq (micro.nodes.MessageBroker)
2019-04-16 13:10:19,181 	 [DEBUG | nodes.py:92] > shipping (service): adding runtime link to rabbitmq (micro.nodes.MessageBroker)
2019-04-16 13:10:19,181 	 [INFO | yml.py:51] > Adding relationship from shipping (service) to order_db (database)
2019-04-16 13:10:19,181 	 [DEBUG | nodes.py:92] > shipping (service): adding runtime link to order_db (database)
2019-04-16 13:10:19,181 	 [INFO | yml.py:51] > Adding relationship from shipping (service) to order_db (database)
2019-04-16 13:10:19,181 	 [DEBUG | nodes.py:100] > shipping (service): adding deployment link to order_db (database)
2019-04-16 13:10:19,182 	 [INFO | yml.py:51] > Adding relationship from gateway (micro.nodes.ApiGateway) to shipping (service)
2019-04-16 13:10:19,182 	 [DEBUG | nodes.py:92] > gateway (micro.nodes.ApiGateway): adding runtime link to shipping (service)
2019-04-16 13:10:19,182 	 [DEBUG | template.py:74] > Added group edgenodes (edge)
2019-04-16 13:11:33,256 	 [DEBUG | template.py:63] > Added node order (service)
2019-04-16 13:11:33,256 	 [DEBUG | template.py:63] > Added node rabbitmq (micro.nodes.MessageBroker)
2019-04-16 13:11:33,256 	 [DEBUG | template.py:63] > Added node shipping (service)
2019-04-16 13:11:33,256 	 [DEBUG | template.py:63] > Added node order_db (database)
2019-04-16 13:11:33,257 	 [DEBUG | template.py:63] > Added node gateway (micro.nodes.ApiGateway)
2019-04-16 13:11:33,257 	 [INFO | yml.py:51] > Adding relationship from order (service) to order_db (database)
2019-04-16 13:11:33,257 	 [DEBUG | nodes.py:92] > order (service): adding runtime link to order_db (database)
2019-04-16 13:11:33,257 	 [INFO | yml.py:51] > Adding relationship from order (service) to rabbitmq (micro.nodes.MessageBroker)
2019-04-16 13:11:33,257 	 [DEBUG | nodes.py:92] > order (service): adding runtime link to rabbitmq (micro.nodes.MessageBroker)
2019-04-16 13:11:33,258 	 [INFO | yml.py:51] > Adding relationship from order (service) to shipping (service)
2019-04-16 13:11:33,258 	 [DEBUG | nodes.py:92] > order (service): adding runtime link to shipping (service)
2019-04-16 13:11:33,258 	 [INFO | yml.py:51] > Adding relationship from order (service) to order_db (database)
2019-04-16 13:11:33,258 	 [DEBUG | nodes.py:100] > order (service): adding deployment link to order_db (database)
2019-04-16 13:11:33,258 	 [INFO | yml.py:51] > Adding relationship from order (service) to shipping (service)
2019-04-16 13:11:33,258 	 [DEBUG | nodes.py:100] > order (service): adding deployment link to shipping (service)
2019-04-16 13:11:33,259 	 [INFO | yml.py:51] > Adding relationship from shipping (service) to rabbitmq (micro.nodes.MessageBroker)
2019-04-16 13:11:33,259 	 [DEBUG | nodes.py:92] > shipping (service): adding runtime link to rabbitmq (micro.nodes.MessageBroker)
2019-04-16 13:11:33,259 	 [INFO | yml.py:51] > Adding relationship from shipping (service) to order_db (database)
2019-04-16 13:11:33,259 	 [DEBUG | nodes.py:92] > shipping (service): adding runtime link to order_db (database)
2019-04-16 13:11:33,259 	 [INFO | yml.py:51] > Adding relationship from shipping (service) to order_db (database)
2019-04-16 13:11:33,259 	 [DEBUG | nodes.py:100] > shipping (service): adding deployment link to order_db (database)
2019-04-16 13:11:33,260 	 [INFO | yml.py:51] > Adding relationship from gateway (micro.nodes.ApiGateway) to shipping (service)
2019-04-16 13:11:33,260 	 [DEBUG | nodes.py:92] > gateway (micro.nodes.ApiGateway): adding runtime link to shipping (service)
2019-04-16 13:11:33,260 	 [DEBUG | template.py:74] > Added group edgenodes (edge)
2019-04-16 13:11:46,573 	 [DEBUG | template.py:63] > Added node order (service)
2019-04-16 13:11:46,573 	 [DEBUG | template.py:63] > Added node rabbitmq (micro.nodes.MessageBroker)
2019-04-16 13:11:46,573 	 [DEBUG | template.py:63] > Added node shipping (service)
2019-04-16 13:11:46,574 	 [DEBUG | template.py:63] > Added node order_db (database)
2019-04-16 13:11:46,574 	 [DEBUG | template.py:63] > Added node gateway (micro.nodes.ApiGateway)
2019-04-16 13:11:46,574 	 [INFO | yml.py:51] > Adding relationship from order (service) to order_db (database)
2019-04-16 13:11:46,574 	 [DEBUG | nodes.py:92] > order (service): adding runtime link to order_db (database)
2019-04-16 13:11:46,575 	 [INFO | yml.py:51] > Adding relationship from order (service) to rabbitmq (micro.nodes.MessageBroker)
2019-04-16 13:11:46,575 	 [DEBUG | nodes.py:92] > order (service): adding runtime link to rabbitmq (micro.nodes.MessageBroker)
2019-04-16 13:11:46,575 	 [INFO | yml.py:51] > Adding relationship from order (service) to shipping (service)
2019-04-16 13:11:46,575 	 [DEBUG | nodes.py:92] > order (service): adding runtime link to shipping (service)
2019-04-16 13:11:46,575 	 [INFO | yml.py:51] > Adding relationship from order (service) to order_db (database)
2019-04-16 13:11:46,576 	 [DEBUG | nodes.py:100] > order (service): adding deployment link to order_db (database)
2019-04-16 13:11:46,576 	 [INFO | yml.py:51] > Adding relationship from order (service) to shipping (service)
2019-04-16 13:11:46,576 	 [DEBUG | nodes.py:100] > order (service): adding deployment link to shipping (service)
2019-04-16 13:11:46,576 	 [INFO | yml.py:51] > Adding relationship from shipping (service) to rabbitmq (micro.nodes.MessageBroker)
2019-04-16 13:11:46,576 	 [DEBUG | nodes.py:92] > shipping (service): adding runtime link to rabbitmq (micro.nodes.MessageBroker)
2019-04-16 13:11:46,577 	 [INFO | yml.py:51] > Adding relationship from shipping (service) to order_db (database)
2019-04-16 13:11:46,577 	 [DEBUG | nodes.py:92] > shipping (service): adding runtime link to order_db (database)
2019-04-16 13:11:46,577 	 [INFO | yml.py:51] > Adding relationship from shipping (service) to order_db (database)
2019-04-16 13:11:46,577 	 [DEBUG | nodes.py:100] > shipping (service): adding deployment link to order_db (database)
2019-04-16 13:11:46,577 	 [INFO | yml.py:51] > Adding relationship from gateway (micro.nodes.ApiGateway) to shipping (service)
2019-04-16 13:11:46,578 	 [DEBUG | nodes.py:92] > gateway (micro.nodes.ApiGateway): adding runtime link to shipping (service)
2019-04-16 13:11:46,578 	 [DEBUG | template.py:74] > Added group edgenodes (edge)
2019-04-16 13:11:59,315 	 [DEBUG | template.py:63] > Added node order (service)
2019-04-16 13:11:59,316 	 [DEBUG | template.py:63] > Added node rabbitmq (micro.nodes.MessageBroker)
2019-04-16 13:11:59,316 	 [DEBUG | template.py:63] > Added node shipping (service)
2019-04-16 13:11:59,316 	 [DEBUG | template.py:63] > Added node order_db (database)
2019-04-16 13:11:59,316 	 [DEBUG | template.py:63] > Added node gateway (micro.nodes.ApiGateway)
2019-04-16 13:11:59,317 	 [INFO | yml.py:51] > Adding relationship from order (service) to order_db (database)
2019-04-16 13:11:59,317 	 [DEBUG | nodes.py:92] > order (service): adding runtime link to order_db (database)
2019-04-16 13:11:59,317 	 [INFO | yml.py:51] > Adding relationship from order (service) to rabbitmq (micro.nodes.MessageBroker)
2019-04-16 13:11:59,317 	 [DEBUG | nodes.py:92] > order (service): adding runtime link to rabbitmq (micro.nodes.MessageBroker)
2019-04-16 13:11:59,317 	 [INFO | yml.py:51] > Adding relationship from order (service) to shipping (service)
2019-04-16 13:11:59,318 	 [DEBUG | nodes.py:92] > order (service): adding runtime link to shipping (service)
2019-04-16 13:11:59,318 	 [INFO | yml.py:51] > Adding relationship from order (service) to order_db (database)
2019-04-16 13:11:59,318 	 [DEBUG | nodes.py:100] > order (service): adding deployment link to order_db (database)
2019-04-16 13:11:59,318 	 [INFO | yml.py:51] > Adding relationship from order (service) to shipping (service)
2019-04-16 13:11:59,318 	 [DEBUG | nodes.py:100] > order (service): adding deployment link to shipping (service)
2019-04-16 13:11:59,318 	 [INFO | yml.py:51] > Adding relationship from shipping (service) to rabbitmq (micro.nodes.MessageBroker)
2019-04-16 13:11:59,318 	 [DEBUG | nodes.py:92] > shipping (service): adding runtime link to rabbitmq (micro.nodes.MessageBroker)
2019-04-16 13:11:59,319 	 [INFO | yml.py:51] > Adding relationship from shipping (service) to order_db (database)
2019-04-16 13:11:59,319 	 [DEBUG | nodes.py:92] > shipping (service): adding runtime link to order_db (database)
2019-04-16 13:11:59,319 	 [INFO | yml.py:51] > Adding relationship from shipping (service) to order_db (database)
2019-04-16 13:11:59,319 	 [DEBUG | nodes.py:100] > shipping (service): adding deployment link to order_db (database)
2019-04-16 13:11:59,319 	 [INFO | yml.py:51] > Adding relationship from gateway (micro.nodes.ApiGateway) to shipping (service)
2019-04-16 13:11:59,319 	 [DEBUG | nodes.py:92] > gateway (micro.nodes.ApiGateway): adding runtime link to shipping (service)
2019-04-16 13:11:59,320 	 [DEBUG | template.py:74] > Added group edgenodes (edge)
2019-04-16 13:12:05,356 	 [DEBUG | template.py:63] > Added node order (service)
2019-04-16 13:12:05,357 	 [DEBUG | template.py:63] > Added node rabbitmq (micro.nodes.MessageBroker)
2019-04-16 13:12:05,357 	 [DEBUG | template.py:63] > Added node shipping (service)
2019-04-16 13:12:05,357 	 [DEBUG | template.py:63] > Added node order_db (database)
2019-04-16 13:12:05,357 	 [DEBUG | template.py:63] > Added node gateway (micro.nodes.ApiGateway)
2019-04-16 13:12:05,358 	 [INFO | yml.py:51] > Adding relationship from order (service) to order_db (database)
2019-04-16 13:12:05,358 	 [DEBUG | nodes.py:92] > order (service): adding runtime link to order_db (database)
2019-04-16 13:12:05,358 	 [INFO | yml.py:51] > Adding relationship from order (service) to rabbitmq (micro.nodes.MessageBroker)
2019-04-16 13:12:05,358 	 [DEBUG | nodes.py:92] > order (service): adding runtime link to rabbitmq (micro.nodes.MessageBroker)
2019-04-16 13:12:05,359 	 [INFO | yml.py:51] > Adding relationship from order (service) to shipping (service)
2019-04-16 13:12:05,359 	 [DEBUG | nodes.py:92] > order (service): adding runtime link to shipping (service)
2019-04-16 13:12:05,359 	 [INFO | yml.py:51] > Adding relationship from order (service) to order_db (database)
2019-04-16 13:12:05,359 	 [DEBUG | nodes.py:100] > order (service): adding deployment link to order_db (database)
2019-04-16 13:12:05,359 	 [INFO | yml.py:51] > Adding relationship from order (service) to shipping (service)
2019-04-16 13:12:05,360 	 [DEBUG | nodes.py:100] > order (service): adding deployment link to shipping (service)
2019-04-16 13:12:05,360 	 [INFO | yml.py:51] > Adding relationship from shipping (service) to rabbitmq (micro.nodes.MessageBroker)
2019-04-16 13:12:05,360 	 [DEBUG | nodes.py:92] > shipping (service): adding runtime link to rabbitmq (micro.nodes.MessageBroker)
2019-04-16 13:12:05,360 	 [INFO | yml.py:51] > Adding relationship from shipping (service) to order_db (database)
2019-04-16 13:12:05,360 	 [DEBUG | nodes.py:92] > shipping (service): adding runtime link to order_db (database)
2019-04-16 13:12:05,361 	 [INFO | yml.py:51] > Adding relationship from shipping (service) to order_db (database)
2019-04-16 13:12:05,361 	 [DEBUG | nodes.py:100] > shipping (service): adding deployment link to order_db (database)
2019-04-16 13:12:05,361 	 [INFO | yml.py:51] > Adding relationship from gateway (micro.nodes.ApiGateway) to shipping (service)
2019-04-16 13:12:05,361 	 [DEBUG | nodes.py:92] > gateway (micro.nodes.ApiGateway): adding runtime link to shipping (service)
2019-04-16 13:12:05,362 	 [DEBUG | template.py:74] > Added group edgenodes (edge)
2019-04-16 13:18:36,730 	 [DEBUG | template.py:63] > Added node order (service)
2019-04-16 13:18:36,730 	 [DEBUG | template.py:63] > Added node rabbitmq (micro.nodes.MessageBroker)
2019-04-16 13:18:36,730 	 [DEBUG | template.py:63] > Added node shipping (service)
2019-04-16 13:18:36,730 	 [DEBUG | template.py:63] > Added node order_db (database)
2019-04-16 13:18:36,731 	 [DEBUG | template.py:63] > Added node gateway (micro.nodes.ApiGateway)
2019-04-16 13:18:36,731 	 [INFO | yml.py:51] > Adding relationship from order (service) to order_db (database)
2019-04-16 13:18:36,731 	 [DEBUG | nodes.py:92] > order (service): adding runtime link to order_db (database)
2019-04-16 13:18:36,731 	 [INFO | yml.py:51] > Adding relationship from order (service) to rabbitmq (micro.nodes.MessageBroker)
2019-04-16 13:18:36,731 	 [DEBUG | nodes.py:92] > order (service): adding runtime link to rabbitmq (micro.nodes.MessageBroker)
2019-04-16 13:18:36,731 	 [INFO | yml.py:51] > Adding relationship from order (service) to shipping (service)
2019-04-16 13:18:36,731 	 [DEBUG | nodes.py:92] > order (service): adding runtime link to shipping (service)
2019-04-16 13:18:36,731 	 [INFO | yml.py:51] > Adding relationship from order (service) to order_db (database)
2019-04-16 13:18:36,732 	 [DEBUG | nodes.py:100] > order (service): adding deployment link to order_db (database)
2019-04-16 13:18:36,732 	 [INFO | yml.py:51] > Adding relationship from order (service) to shipping (service)
2019-04-16 13:18:36,732 	 [DEBUG | nodes.py:100] > order (service): adding deployment link to shipping (service)
2019-04-16 13:18:36,732 	 [INFO | yml.py:51] > Adding relationship from shipping (service) to rabbitmq (micro.nodes.MessageBroker)
2019-04-16 13:18:36,732 	 [DEBUG | nodes.py:92] > shipping (service): adding runtime link to rabbitmq (micro.nodes.MessageBroker)
2019-04-16 13:18:36,732 	 [INFO | yml.py:51] > Adding relationship from shipping (service) to order_db (database)
2019-04-16 13:18:36,732 	 [DEBUG | nodes.py:92] > shipping (service): adding runtime link to order_db (database)
2019-04-16 13:18:36,733 	 [INFO | yml.py:51] > Adding relationship from shipping (service) to order_db (database)
2019-04-16 13:18:36,733 	 [DEBUG | nodes.py:100] > shipping (service): adding deployment link to order_db (database)
2019-04-16 13:18:36,733 	 [INFO | yml.py:51] > Adding relationship from gateway (micro.nodes.ApiGateway) to shipping (service)
2019-04-16 13:18:36,733 	 [DEBUG | nodes.py:92] > gateway (micro.nodes.ApiGateway): adding runtime link to shipping (service)
2019-04-16 13:18:36,733 	 [DEBUG | template.py:74] > Added group edgenodes (edge)
2019-04-16 13:19:17,608 	 [DEBUG | template.py:63] > Added node order (service)
2019-04-16 13:19:17,609 	 [DEBUG | template.py:63] > Added node rabbitmq (micro.nodes.MessageBroker)
2019-04-16 13:19:17,609 	 [DEBUG | template.py:63] > Added node shipping (service)
2019-04-16 13:19:17,609 	 [DEBUG | template.py:63] > Added node order_db (database)
2019-04-16 13:19:17,610 	 [DEBUG | template.py:63] > Added node gateway (micro.nodes.ApiGateway)
2019-04-16 13:19:17,610 	 [INFO | yml.py:51] > Adding relationship from order (service) to order_db (database)
2019-04-16 13:19:17,610 	 [DEBUG | nodes.py:92] > order (service): adding runtime link to order_db (database)
2019-04-16 13:19:17,610 	 [INFO | yml.py:51] > Adding relationship from order (service) to rabbitmq (micro.nodes.MessageBroker)
2019-04-16 13:19:17,611 	 [DEBUG | nodes.py:92] > order (service): adding runtime link to rabbitmq (micro.nodes.MessageBroker)
2019-04-16 13:19:17,611 	 [INFO | yml.py:51] > Adding relationship from order (service) to shipping (service)
2019-04-16 13:19:17,611 	 [DEBUG | nodes.py:92] > order (service): adding runtime link to shipping (service)
2019-04-16 13:19:17,611 	 [INFO | yml.py:51] > Adding relationship from order (service) to order_db (database)
2019-04-16 13:19:17,611 	 [DEBUG | nodes.py:100] > order (service): adding deployment link to order_db (database)
2019-04-16 13:19:17,612 	 [INFO | yml.py:51] > Adding relationship from order (service) to shipping (service)
2019-04-16 13:19:17,612 	 [DEBUG | nodes.py:100] > order (service): adding deployment link to shipping (service)
2019-04-16 13:19:17,612 	 [INFO | yml.py:51] > Adding relationship from shipping (service) to rabbitmq (micro.nodes.MessageBroker)
2019-04-16 13:19:17,612 	 [DEBUG | nodes.py:92] > shipping (service): adding runtime link to rabbitmq (micro.nodes.MessageBroker)
2019-04-16 13:19:17,613 	 [INFO | yml.py:51] > Adding relationship from shipping (service) to order_db (database)
2019-04-16 13:19:17,613 	 [DEBUG | nodes.py:92] > shipping (service): adding runtime link to order_db (database)
2019-04-16 13:19:17,613 	 [INFO | yml.py:51] > Adding relationship from shipping (service) to order_db (database)
2019-04-16 13:19:17,613 	 [DEBUG | nodes.py:100] > shipping (service): adding deployment link to order_db (database)
2019-04-16 13:19:17,613 	 [INFO | yml.py:51] > Adding relationship from gateway (micro.nodes.ApiGateway) to shipping (service)
2019-04-16 13:19:17,614 	 [DEBUG | nodes.py:92] > gateway (micro.nodes.ApiGateway): adding runtime link to shipping (service)
2019-04-16 13:19:17,614 	 [DEBUG | template.py:74] > Added group edgenodes (edge)
2019-04-16 13:21:13,765 	 [DEBUG | template.py:63] > Added node order (service)
2019-04-16 13:21:13,765 	 [DEBUG | template.py:63] > Added node rabbitmq (micro.nodes.MessageBroker)
2019-04-16 13:21:13,765 	 [DEBUG | template.py:63] > Added node shipping (service)
2019-04-16 13:21:13,765 	 [DEBUG | template.py:63] > Added node order_db (database)
2019-04-16 13:21:13,765 	 [DEBUG | template.py:63] > Added node gateway (micro.nodes.ApiGateway)
2019-04-16 13:21:13,766 	 [INFO | yml.py:51] > Adding relationship from order (service) to order_db (database)
2019-04-16 13:21:13,766 	 [DEBUG | nodes.py:92] > order (service): adding runtime link to order_db (database)
2019-04-16 13:21:13,766 	 [INFO | yml.py:51] > Adding relationship from order (service) to rabbitmq (micro.nodes.MessageBroker)
2019-04-16 13:21:13,766 	 [DEBUG | nodes.py:92] > order (service): adding runtime link to rabbitmq (micro.nodes.MessageBroker)
2019-04-16 13:21:13,766 	 [INFO | yml.py:51] > Adding relationship from order (service) to shipping (service)
2019-04-16 13:21:13,767 	 [DEBUG | nodes.py:92] > order (service): adding runtime link to shipping (service)
2019-04-16 13:21:13,767 	 [INFO | yml.py:51] > Adding relationship from order (service) to order_db (database)
2019-04-16 13:21:13,767 	 [DEBUG | nodes.py:100] > order (service): adding deployment link to order_db (database)
2019-04-16 13:21:13,767 	 [INFO | yml.py:51] > Adding relationship from order (service) to shipping (service)
2019-04-16 13:21:13,767 	 [DEBUG | nodes.py:100] > order (service): adding deployment link to shipping (service)
2019-04-16 13:21:13,768 	 [INFO | yml.py:51] > Adding relationship from shipping (service) to rabbitmq (micro.nodes.MessageBroker)
2019-04-16 13:21:13,768 	 [DEBUG | nodes.py:92] > shipping (service): adding runtime link to rabbitmq (micro.nodes.MessageBroker)
2019-04-16 13:21:13,768 	 [INFO | yml.py:51] > Adding relationship from shipping (service) to order_db (database)
2019-04-16 13:21:13,768 	 [DEBUG | nodes.py:92] > shipping (service): adding runtime link to order_db (database)
2019-04-16 13:21:13,768 	 [INFO | yml.py:51] > Adding relationship from shipping (service) to order_db (database)
2019-04-16 13:21:13,769 	 [DEBUG | nodes.py:100] > shipping (service): adding deployment link to order_db (database)
2019-04-16 13:21:13,769 	 [INFO | yml.py:51] > Adding relationship from gateway (micro.nodes.ApiGateway) to shipping (service)
2019-04-16 13:21:13,769 	 [DEBUG | nodes.py:92] > gateway (micro.nodes.ApiGateway): adding runtime link to shipping (service)
2019-04-16 13:21:13,769 	 [DEBUG | template.py:74] > Added group edgenodes (edge)
2019-04-16 13:22:03,625 	 [DEBUG | template.py:63] > Added node order (service)
2019-04-16 13:22:03,625 	 [DEBUG | template.py:63] > Added node rabbitmq (micro.nodes.MessageBroker)
2019-04-16 13:22:03,626 	 [DEBUG | template.py:63] > Added node shipping (service)
2019-04-16 13:22:03,626 	 [DEBUG | template.py:63] > Added node order_db (database)
2019-04-16 13:22:03,626 	 [DEBUG | template.py:63] > Added node gateway (micro.nodes.ApiGateway)
2019-04-16 13:22:03,626 	 [INFO | yml.py:51] > Adding relationship from order (service) to order_db (database)
2019-04-16 13:22:03,626 	 [DEBUG | nodes.py:92] > order (service): adding runtime link to order_db (database)
2019-04-16 13:22:03,627 	 [INFO | yml.py:51] > Adding relationship from order (service) to rabbitmq (micro.nodes.MessageBroker)
2019-04-16 13:22:03,627 	 [DEBUG | nodes.py:92] > order (service): adding runtime link to rabbitmq (micro.nodes.MessageBroker)
2019-04-16 13:22:03,627 	 [INFO | yml.py:51] > Adding relationship from order (service) to shipping (service)
2019-04-16 13:22:03,627 	 [DEBUG | nodes.py:92] > order (service): adding runtime link to shipping (service)
2019-04-16 13:22:03,628 	 [INFO | yml.py:51] > Adding relationship from order (service) to order_db (database)
2019-04-16 13:22:03,628 	 [DEBUG | nodes.py:100] > order (service): adding deployment link to order_db (database)
2019-04-16 13:22:03,628 	 [INFO | yml.py:51] > Adding relationship from order (service) to shipping (service)
2019-04-16 13:22:03,628 	 [DEBUG | nodes.py:100] > order (service): adding deployment link to shipping (service)
2019-04-16 13:22:03,628 	 [INFO | yml.py:51] > Adding relationship from shipping (service) to rabbitmq (micro.nodes.MessageBroker)
2019-04-16 13:22:03,629 	 [DEBUG | nodes.py:92] > shipping (service): adding runtime link to rabbitmq (micro.nodes.MessageBroker)
2019-04-16 13:22:03,629 	 [INFO | yml.py:51] > Adding relationship from shipping (service) to order_db (database)
2019-04-16 13:22:03,629 	 [DEBUG | nodes.py:92] > shipping (service): adding runtime link to order_db (database)
2019-04-16 13:22:03,629 	 [INFO | yml.py:51] > Adding relationship from shipping (service) to order_db (database)
2019-04-16 13:22:03,629 	 [DEBUG | nodes.py:100] > shipping (service): adding deployment link to order_db (database)
2019-04-16 13:22:03,630 	 [INFO | yml.py:51] > Adding relationship from gateway (micro.nodes.ApiGateway) to shipping (service)
2019-04-16 13:22:03,630 	 [DEBUG | nodes.py:92] > gateway (micro.nodes.ApiGateway): adding runtime link to shipping (service)
2019-04-16 13:22:03,630 	 [DEBUG | template.py:74] > Added group edgenodes (edge)
2019-04-16 13:22:22,091 	 [DEBUG | template.py:63] > Added node order (service)
2019-04-16 13:22:22,092 	 [DEBUG | template.py:63] > Added node rabbitmq (micro.nodes.MessageBroker)
2019-04-16 13:22:22,093 	 [DEBUG | template.py:63] > Added node shipping (service)
2019-04-16 13:22:22,093 	 [DEBUG | template.py:63] > Added node order_db (database)
2019-04-16 13:22:22,093 	 [DEBUG | template.py:63] > Added node gateway (micro.nodes.ApiGateway)
2019-04-16 13:22:22,094 	 [INFO | yml.py:51] > Adding relationship from order (service) to order_db (database)
2019-04-16 13:22:22,094 	 [DEBUG | nodes.py:92] > order (service): adding runtime link to order_db (database)
2019-04-16 13:22:22,094 	 [INFO | yml.py:51] > Adding relationship from order (service) to rabbitmq (micro.nodes.MessageBroker)
2019-04-16 13:22:22,094 	 [DEBUG | nodes.py:92] > order (service): adding runtime link to rabbitmq (micro.nodes.MessageBroker)
2019-04-16 13:22:22,095 	 [INFO | yml.py:51] > Adding relationship from order (service) to shipping (service)
2019-04-16 13:22:22,095 	 [DEBUG | nodes.py:92] > order (service): adding runtime link to shipping (service)
2019-04-16 13:22:22,095 	 [INFO | yml.py:51] > Adding relationship from order (service) to order_db (database)
2019-04-16 13:22:22,095 	 [DEBUG | nodes.py:100] > order (service): adding deployment link to order_db (database)
2019-04-16 13:22:22,095 	 [INFO | yml.py:51] > Adding relationship from order (service) to shipping (service)
2019-04-16 13:22:22,095 	 [DEBUG | nodes.py:100] > order (service): adding deployment link to shipping (service)
2019-04-16 13:22:22,096 	 [INFO | yml.py:51] > Adding relationship from shipping (service) to rabbitmq (micro.nodes.MessageBroker)
2019-04-16 13:22:22,096 	 [DEBUG | nodes.py:92] > shipping (service): adding runtime link to rabbitmq (micro.nodes.MessageBroker)
2019-04-16 13:22:22,096 	 [INFO | yml.py:51] > Adding relationship from shipping (service) to order_db (database)
2019-04-16 13:22:22,097 	 [DEBUG | nodes.py:92] > shipping (service): adding runtime link to order_db (database)
2019-04-16 13:22:22,097 	 [INFO | yml.py:51] > Adding relationship from shipping (service) to order_db (database)
2019-04-16 13:22:22,097 	 [DEBUG | nodes.py:100] > shipping (service): adding deployment link to order_db (database)
2019-04-16 13:22:22,098 	 [INFO | yml.py:51] > Adding relationship from gateway (micro.nodes.ApiGateway) to shipping (service)
2019-04-16 13:22:22,098 	 [DEBUG | nodes.py:92] > gateway (micro.nodes.ApiGateway): adding runtime link to shipping (service)
2019-04-16 13:22:22,098 	 [DEBUG | template.py:74] > Added group edgenodes (edge)
2019-04-16 13:23:00,166 	 [DEBUG | template.py:63] > Added node order (service)
2019-04-16 13:23:00,166 	 [DEBUG | template.py:63] > Added node rabbitmq (micro.nodes.MessageBroker)
2019-04-16 13:23:00,167 	 [DEBUG | template.py:63] > Added node shipping (service)
2019-04-16 13:23:00,167 	 [DEBUG | template.py:63] > Added node order_db (database)
2019-04-16 13:23:00,167 	 [DEBUG | template.py:63] > Added node gateway (micro.nodes.ApiGateway)
2019-04-16 13:23:00,167 	 [INFO | yml.py:51] > Adding relationship from order (service) to order_db (database)
2019-04-16 13:23:00,168 	 [DEBUG | nodes.py:92] > order (service): adding runtime link to order_db (database)
2019-04-16 13:23:00,168 	 [INFO | yml.py:51] > Adding relationship from order (service) to rabbitmq (micro.nodes.MessageBroker)
2019-04-16 13:23:00,168 	 [DEBUG | nodes.py:92] > order (service): adding runtime link to rabbitmq (micro.nodes.MessageBroker)
2019-04-16 13:23:00,168 	 [INFO | yml.py:51] > Adding relationship from order (service) to shipping (service)
2019-04-16 13:23:00,168 	 [DEBUG | nodes.py:92] > order (service): adding runtime link to shipping (service)
2019-04-16 13:23:00,169 	 [INFO | yml.py:51] > Adding relationship from order (service) to order_db (database)
2019-04-16 13:23:00,169 	 [DEBUG | nodes.py:100] > order (service): adding deployment link to order_db (database)
2019-04-16 13:23:00,169 	 [INFO | yml.py:51] > Adding relationship from order (service) to shipping (service)
2019-04-16 13:23:00,169 	 [DEBUG | nodes.py:100] > order (service): adding deployment link to shipping (service)
2019-04-16 13:23:00,169 	 [INFO | yml.py:51] > Adding relationship from shipping (service) to rabbitmq (micro.nodes.MessageBroker)
2019-04-16 13:23:00,170 	 [DEBUG | nodes.py:92] > shipping (service): adding runtime link to rabbitmq (micro.nodes.MessageBroker)
2019-04-16 13:23:00,170 	 [INFO | yml.py:51] > Adding relationship from shipping (service) to order_db (database)
2019-04-16 13:23:00,170 	 [DEBUG | nodes.py:92] > shipping (service): adding runtime link to order_db (database)
2019-04-16 13:23:00,170 	 [INFO | yml.py:51] > Adding relationship from shipping (service) to order_db (database)
2019-04-16 13:23:00,170 	 [DEBUG | nodes.py:100] > shipping (service): adding deployment link to order_db (database)
2019-04-16 13:23:00,170 	 [INFO | yml.py:51] > Adding relationship from gateway (micro.nodes.ApiGateway) to shipping (service)
2019-04-16 13:23:00,171 	 [DEBUG | nodes.py:92] > gateway (micro.nodes.ApiGateway): adding runtime link to shipping (service)
2019-04-16 13:23:00,171 	 [DEBUG | template.py:74] > Added group edgenodes (edge)
2019-04-16 13:23:05,418 	 [DEBUG | template.py:63] > Added node order (service)
2019-04-16 13:23:05,418 	 [DEBUG | template.py:63] > Added node rabbitmq (micro.nodes.MessageBroker)
2019-04-16 13:23:05,419 	 [DEBUG | template.py:63] > Added node shipping (service)
2019-04-16 13:23:05,419 	 [DEBUG | template.py:63] > Added node order_db (database)
2019-04-16 13:23:05,419 	 [DEBUG | template.py:63] > Added node gateway (micro.nodes.ApiGateway)
2019-04-16 13:23:05,419 	 [INFO | yml.py:51] > Adding relationship from order (service) to order_db (database)
2019-04-16 13:23:05,420 	 [DEBUG | nodes.py:92] > order (service): adding runtime link to order_db (database)
2019-04-16 13:23:05,420 	 [INFO | yml.py:51] > Adding relationship from order (service) to rabbitmq (micro.nodes.MessageBroker)
2019-04-16 13:23:05,420 	 [DEBUG | nodes.py:92] > order (service): adding runtime link to rabbitmq (micro.nodes.MessageBroker)
2019-04-16 13:23:05,420 	 [INFO | yml.py:51] > Adding relationship from order (service) to shipping (service)
2019-04-16 13:23:05,421 	 [DEBUG | nodes.py:92] > order (service): adding runtime link to shipping (service)
2019-04-16 13:23:05,421 	 [INFO | yml.py:51] > Adding relationship from order (service) to order_db (database)
2019-04-16 13:23:05,421 	 [DEBUG | nodes.py:100] > order (service): adding deployment link to order_db (database)
2019-04-16 13:23:05,421 	 [INFO | yml.py:51] > Adding relationship from order (service) to shipping (service)
2019-04-16 13:23:05,421 	 [DEBUG | nodes.py:100] > order (service): adding deployment link to shipping (service)
2019-04-16 13:23:05,422 	 [INFO | yml.py:51] > Adding relationship from shipping (service) to rabbitmq (micro.nodes.MessageBroker)
2019-04-16 13:23:05,422 	 [DEBUG | nodes.py:92] > shipping (service): adding runtime link to rabbitmq (micro.nodes.MessageBroker)
2019-04-16 13:23:05,422 	 [INFO | yml.py:51] > Adding relationship from shipping (service) to order_db (database)
2019-04-16 13:23:05,422 	 [DEBUG | nodes.py:92] > shipping (service): adding runtime link to order_db (database)
2019-04-16 13:23:05,422 	 [INFO | yml.py:51] > Adding relationship from shipping (service) to order_db (database)
2019-04-16 13:23:05,422 	 [DEBUG | nodes.py:100] > shipping (service): adding deployment link to order_db (database)
2019-04-16 13:23:05,423 	 [INFO | yml.py:51] > Adding relationship from gateway (micro.nodes.ApiGateway) to shipping (service)
2019-04-16 13:23:05,423 	 [DEBUG | nodes.py:92] > gateway (micro.nodes.ApiGateway): adding runtime link to shipping (service)
2019-04-16 13:23:05,423 	 [DEBUG | template.py:74] > Added group edgenodes (edge)
2019-04-16 13:23:12,464 	 [DEBUG | template.py:63] > Added node order (service)
2019-04-16 13:23:12,464 	 [DEBUG | template.py:63] > Added node rabbitmq (micro.nodes.MessageBroker)
2019-04-16 13:23:12,464 	 [DEBUG | template.py:63] > Added node shipping (service)
2019-04-16 13:23:12,465 	 [DEBUG | template.py:63] > Added node order_db (database)
2019-04-16 13:23:12,465 	 [DEBUG | template.py:63] > Added node gateway (micro.nodes.ApiGateway)
2019-04-16 13:23:12,465 	 [INFO | yml.py:51] > Adding relationship from order (service) to order_db (database)
2019-04-16 13:23:12,465 	 [DEBUG | nodes.py:92] > order (service): adding runtime link to order_db (database)
2019-04-16 13:23:12,466 	 [INFO | yml.py:51] > Adding relationship from order (service) to rabbitmq (micro.nodes.MessageBroker)
2019-04-16 13:23:12,466 	 [DEBUG | nodes.py:92] > order (service): adding runtime link to rabbitmq (micro.nodes.MessageBroker)
2019-04-16 13:23:12,466 	 [INFO | yml.py:51] > Adding relationship from order (service) to shipping (service)
2019-04-16 13:23:12,466 	 [DEBUG | nodes.py:92] > order (service): adding runtime link to shipping (service)
2019-04-16 13:23:12,466 	 [INFO | yml.py:51] > Adding relationship from order (service) to order_db (database)
2019-04-16 13:23:12,467 	 [DEBUG | nodes.py:100] > order (service): adding deployment link to order_db (database)
2019-04-16 13:23:12,467 	 [INFO | yml.py:51] > Adding relationship from order (service) to shipping (service)
2019-04-16 13:23:12,467 	 [DEBUG | nodes.py:100] > order (service): adding deployment link to shipping (service)
2019-04-16 13:23:12,467 	 [INFO | yml.py:51] > Adding relationship from shipping (service) to rabbitmq (micro.nodes.MessageBroker)
2019-04-16 13:23:12,467 	 [DEBUG | nodes.py:92] > shipping (service): adding runtime link to rabbitmq (micro.nodes.MessageBroker)
2019-04-16 13:23:12,468 	 [INFO | yml.py:51] > Adding relationship from shipping (service) to order_db (database)
2019-04-16 13:23:12,468 	 [DEBUG | nodes.py:92] > shipping (service): adding runtime link to order_db (database)
2019-04-16 13:23:12,468 	 [INFO | yml.py:51] > Adding relationship from shipping (service) to order_db (database)
2019-04-16 13:23:12,468 	 [DEBUG | nodes.py:100] > shipping (service): adding deployment link to order_db (database)
2019-04-16 13:23:12,468 	 [INFO | yml.py:51] > Adding relationship from gateway (micro.nodes.ApiGateway) to shipping (service)
2019-04-16 13:23:12,469 	 [DEBUG | nodes.py:92] > gateway (micro.nodes.ApiGateway): adding runtime link to shipping (service)
2019-04-16 13:23:12,469 	 [DEBUG | template.py:74] > Added group edgenodes (edge)
2019-04-16 13:24:24,691 	 [DEBUG | template.py:63] > Added node order (service)
2019-04-16 13:24:24,692 	 [DEBUG | template.py:63] > Added node rabbitmq (micro.nodes.MessageBroker)
2019-04-16 13:24:24,692 	 [DEBUG | template.py:63] > Added node shipping (service)
2019-04-16 13:24:24,692 	 [DEBUG | template.py:63] > Added node order_db (database)
2019-04-16 13:24:24,692 	 [DEBUG | template.py:63] > Added node gateway (micro.nodes.ApiGateway)
2019-04-16 13:24:24,692 	 [INFO | yml.py:51] > Adding relationship from order (service) to order_db (database)
2019-04-16 13:24:24,693 	 [DEBUG | nodes.py:92] > order (service): adding runtime link to order_db (database)
2019-04-16 13:24:24,693 	 [INFO | yml.py:51] > Adding relationship from order (service) to rabbitmq (micro.nodes.MessageBroker)
2019-04-16 13:24:24,693 	 [DEBUG | nodes.py:92] > order (service): adding runtime link to rabbitmq (micro.nodes.MessageBroker)
2019-04-16 13:24:24,693 	 [INFO | yml.py:51] > Adding relationship from order (service) to shipping (service)
2019-04-16 13:24:24,693 	 [DEBUG | nodes.py:92] > order (service): adding runtime link to shipping (service)
2019-04-16 13:24:24,694 	 [INFO | yml.py:51] > Adding relationship from order (service) to order_db (database)
2019-04-16 13:24:24,694 	 [DEBUG | nodes.py:100] > order (service): adding deployment link to order_db (database)
2019-04-16 13:24:24,694 	 [INFO | yml.py:51] > Adding relationship from order (service) to shipping (service)
2019-04-16 13:24:24,694 	 [DEBUG | nodes.py:100] > order (service): adding deployment link to shipping (service)
2019-04-16 13:24:24,694 	 [INFO | yml.py:51] > Adding relationship from shipping (service) to rabbitmq (micro.nodes.MessageBroker)
2019-04-16 13:24:24,694 	 [DEBUG | nodes.py:92] > shipping (service): adding runtime link to rabbitmq (micro.nodes.MessageBroker)
2019-04-16 13:24:24,695 	 [INFO | yml.py:51] > Adding relationship from shipping (service) to order_db (database)
2019-04-16 13:24:24,695 	 [DEBUG | nodes.py:92] > shipping (service): adding runtime link to order_db (database)
2019-04-16 13:24:24,695 	 [INFO | yml.py:51] > Adding relationship from shipping (service) to order_db (database)
2019-04-16 13:24:24,695 	 [DEBUG | nodes.py:100] > shipping (service): adding deployment link to order_db (database)
2019-04-16 13:24:24,695 	 [INFO | yml.py:51] > Adding relationship from gateway (micro.nodes.ApiGateway) to shipping (service)
2019-04-16 13:24:24,695 	 [DEBUG | nodes.py:92] > gateway (micro.nodes.ApiGateway): adding runtime link to shipping (service)
2019-04-16 13:24:24,696 	 [DEBUG | template.py:74] > Added group edgenodes (edge)
