2019-05-11 09:31:53,494 	 [INFO | ymlloader.py:22] > Loading YML file data/examples/test_relationship.yml
2019-05-11 09:32:16,280 	 [INFO | ymlloader.py:22] > Loading YML file data/examples/test_relationship.yml
2019-05-11 09:33:40,607 	 [INFO | ymlloader.py:22] > Loading YML file data/examples/test_relationship.yml
2019-05-11 09:35:14,613 	 [INFO | ymlloader.py:22] > Loading YML file data/examples/test_relationship.yml
2019-05-11 09:35:25,134 	 [INFO | ymlloader.py:22] > Loading YML file data/examples/test_relationship.yml
2019-05-11 09:41:28,719 	 [INFO | ymlloader.py:22] > Loading YML file data/examples/helloworld.yml
2019-05-11 09:41:28,758 	 [INFO | ymlloader.py:22] > Loading YML file data/examples/helloworld.yml
2019-05-11 09:41:28,801 	 [INFO | ymlloader.py:22] > Loading YML file data/examples/helloworld.yml
2019-05-11 09:41:28,862 	 [INFO | ymlloader.py:22] > Loading YML file data/examples/test_relationship.yml
2019-05-11 09:41:28,896 	 [INFO | ymlloader.py:22] > Loading YML file data/examples/helloworld.yml
2019-05-11 09:41:28,943 	 [INFO | ymlloader.py:22] > Loading YML file data/examples/helloworld.yml
2019-05-11 09:41:28,980 	 [INFO | ymlloader.py:22] > Loading YML file data/examples/helloworld.yml
2019-05-11 09:48:15,250 	 [INFO | ymlloader.py:22] > Loading YML file data/examples/test_relationship.yml
2019-05-11 09:56:05,732 	 [INFO | ymlloader.py:22] > Loading YML file data/examples/helloworld.yml
2019-05-11 10:03:37,739 	 [INFO | ymlloader.py:22] > Loading YML file data/examples/helloworld.yml
2019-05-11 10:03:49,148 	 [INFO | ymlloader.py:22] > Loading YML file data/examples/helloworld.yml
2019-05-11 10:04:23,238 	 [INFO | ymlloader.py:22] > Loading YML file data/examples/test_relationship.yml
2019-05-11 10:05:52,369 	 [INFO | ymlloader.py:22] > Loading YML file data/examples/test_relationship.yml
2019-05-11 10:06:04,406 	 [INFO | ymlloader.py:22] > Loading YML file data/examples/test_relationship.yml
2019-05-11 10:15:28,740 	 [INFO | ymlloader.py:22] > Loading YML file data/examples/test_relationship.yml
2019-05-11 10:15:49,606 	 [INFO | ymlloader.py:22] > Loading YML file data/examples/test_relationship.yml
2019-05-11 10:17:29,757 	 [INFO | ymlloader.py:22] > Loading YML file data/examples/test_relationship.yml
2019-05-11 10:18:16,661 	 [INFO | ymlloader.py:22] > Loading YML file data/examples/test_relationship.yml
2019-05-11 10:18:57,883 	 [INFO | ymlloader.py:22] > Loading YML file data/examples/test_relationship.yml
2019-05-11 10:19:07,268 	 [INFO | ymlloader.py:22] > Loading YML file data/examples/test_relationship.yml
2019-05-11 10:19:13,895 	 [INFO | ymlloader.py:22] > Loading YML file data/examples/test_relationship.yml
2019-05-11 10:19:35,970 	 [INFO | ymlloader.py:22] > Loading YML file data/examples/test_relationship.yml
2019-05-11 10:20:05,715 	 [INFO | ymlloader.py:22] > Loading YML file data/examples/test_relationship.yml
2019-05-11 10:21:17,741 	 [INFO | ymlloader.py:22] > Loading YML file data/examples/test_relationship.yml
2019-05-11 10:21:46,536 	 [INFO | ymlloader.py:22] > Loading YML file data/examples/test_relationship.yml
2019-05-11 10:22:57,384 	 [INFO | ymlloader.py:22] > Loading YML file data/examples/test_relationship.yml
2019-05-11 10:23:04,523 	 [INFO | ymlloader.py:22] > Loading YML file data/examples/test_relationship.yml
2019-05-11 10:23:31,063 	 [INFO | ymlloader.py:22] > Loading YML file data/examples/test_relationship.yml
2019-05-11 10:25:06,074 	 [INFO | ymlloader.py:22] > Loading YML file data/examples/test_relationship.yml
2019-05-11 10:38:47,095 	 [INFO | jsonloader.py:16] > Loading JSON file: data/examples/helloworld.json
2019-05-11 10:39:01,308 	 [INFO | jsonloader.py:16] > Loading JSON file: data/examples/helloworld.json
2019-05-11 10:39:32,148 	 [INFO | jsonloader.py:16] > Loading JSON file: data/examples/helloworld.json
2019-05-11 10:39:39,045 	 [INFO | jsonloader.py:16] > Loading JSON file: data/examples/helloworld.json
2019-05-11 10:40:03,310 	 [INFO | jsonloader.py:16] > Loading JSON file: data/examples/helloworld.json
2019-05-11 10:41:00,868 	 [INFO | jsonloader.py:16] > Loading JSON file: data/examples/helloworld.json
2019-05-11 10:41:15,045 	 [INFO | jsonloader.py:16] > Loading JSON file: data/examples/helloworld.json
2019-05-11 10:42:54,369 	 [INFO | jsonloader.py:16] > Loading JSON file: data/examples/helloworld.json
2019-05-11 10:43:03,478 	 [INFO | jsonloader.py:16] > Loading JSON file: data/examples/helloworld.json
2019-05-11 10:43:31,039 	 [INFO | jsonloader.py:16] > Loading JSON file: data/examples/helloworld.json
2019-05-11 10:48:04,221 	 [INFO | jsonloader.py:16] > Loading JSON file: data/examples/helloworld.json
2019-05-11 10:48:19,545 	 [INFO | jsonloader.py:16] > Loading JSON file: data/examples/helloworld.json
2019-05-11 10:48:45,556 	 [INFO | jsonloader.py:17] > Loading JSON file: data/examples/helloworld.json
2019-05-11 10:49:44,544 	 [INFO | jsonloader.py:17] > Loading JSON file: data/examples/helloworld.json
2019-05-11 10:49:53,022 	 [INFO | ymlloader.py:22] > Loading YML file data/examples/helloworld.yml
2019-05-11 10:49:58,007 	 [INFO | ymlloader.py:22] > Loading YML file data/examples/test_relationship.yml
2019-05-11 10:50:15,847 	 [INFO | jsonloader.py:17] > Loading JSON file: data/examples/helloworld.json
2019-05-11 10:51:13,231 	 [INFO | jsonloader.py:17] > Loading JSON file: data/examples/test_relationship.json
2019-05-11 10:52:32,357 	 [INFO | jsonloader.py:17] > Loading JSON file: data/examples/test_relationship.json
2019-05-11 10:52:50,255 	 [INFO | jsonloader.py:17] > Loading JSON file: data/examples/test_relationship.json
2019-05-11 10:53:21,628 	 [INFO | jsonloader.py:17] > Loading JSON file: data/examples/test_relationship.json
2019-05-11 10:53:24,169 	 [INFO | jsonloader.py:17] > Loading JSON file: data/examples/test_relationship.json
2019-05-11 10:59:54,436 	 [INFO | jsonloader.py:17] > Loading JSON file: data/examples/test_relationship.json
2019-05-11 10:59:58,173 	 [INFO | jsonloader.py:17] > Loading JSON file: data/examples/helloworld.json
2019-05-11 11:00:00,402 	 [INFO | ymlloader.py:22] > Loading YML file data/examples/helloworld.yml
2019-05-11 11:00:06,314 	 [INFO | jsonloader.py:17] > Loading JSON file: data/examples/helloworld.json
2019-05-11 11:00:06,318 	 [INFO | jsonloader.py:17] > Loading JSON file: data/examples/test_relationship.json
2019-05-11 11:00:06,321 	 [INFO | ymlloader.py:22] > Loading YML file data/examples/helloworld.yml
2019-05-11 11:00:06,387 	 [INFO | ymlloader.py:22] > Loading YML file data/examples/test_relationship.yml
2019-05-11 12:52:09,589 	 [INFO | ymlloader.py:22] > Loading YML file data/examples/helloworld.yml
2019-05-11 12:52:13,059 	 [INFO | jsonloader.py:17] > Loading JSON file: data/examples/helloworld.json
2019-05-11 12:52:43,378 	 [INFO | ymlloader.py:22] > Loading YML file data/examples/helloworld.yml
2019-05-11 12:52:43,416 	 [INFO | analyser.py:42] > Group Sniffer NoApiGatewaySmellSniffer(<microanalyser.analyser.sniffer.NoApiGatewaySmellSniffer object at 0x7f06ce744e48>) added
2019-05-11 12:52:43,416 	 [INFO | analyser.py:46] > Running analysis
2019-05-11 12:52:43,417 	 [INFO | analyser.py:34] > Node Sniffer SharedPersistencySmellSniffer(<microanalyser.analyser.sniffer.SharedPersistencySmellSniffer object at 0x7f06ce744d30>) added
2019-05-11 12:52:43,417 	 [INFO | analyser.py:46] > Running analysis
2019-05-11 12:52:43,418 	 [INFO | analyser.py:42] > Group Sniffer SingleLayerTeamSmellSniffer(<microanalyser.analyser.sniffer.SingleLayerTeamSmellSniffer object at 0x7f06ce744d30>) added
2019-05-11 12:52:43,418 	 [INFO | analyser.py:46] > Running analysis
2019-05-11 12:52:43,419 	 [INFO | analyser.py:34] > Node Sniffer WobblyServiceInteractionSmellSniffer(<microanalyser.analyser.sniffer.WobblyServiceInteractionSmellSniffer object at 0x7f06ce744cf8>) added
2019-05-11 12:52:43,419 	 [INFO | analyser.py:46] > Running analysis
2019-05-11 12:52:43,421 	 [INFO | analyser.py:34] > Node Sniffer SharedPersistencySmellSniffer(<microanalyser.analyser.sniffer.SharedPersistencySmellSniffer object at 0x7f06ce744d68>) added
2019-05-11 12:52:55,620 	 [INFO | ymlloader.py:22] > Loading YML file data/examples/helloworld.yml
2019-05-11 12:52:55,655 	 [INFO | analyser.py:42] > Group Sniffer NoApiGatewaySmellSniffer(<microanalyser.analyser.sniffer.NoApiGatewaySmellSniffer object at 0x7f590f7c5dd8>) added
2019-05-11 12:52:55,655 	 [INFO | analyser.py:46] > Running analysis
2019-05-11 12:52:55,656 	 [INFO | analyser.py:34] > Node Sniffer SharedPersistencySmellSniffer(<microanalyser.analyser.sniffer.SharedPersistencySmellSniffer object at 0x7f590f7c5cc0>) added
2019-05-11 12:52:55,656 	 [INFO | analyser.py:46] > Running analysis
2019-05-11 12:52:55,657 	 [INFO | analyser.py:42] > Group Sniffer SingleLayerTeamSmellSniffer(<microanalyser.analyser.sniffer.SingleLayerTeamSmellSniffer object at 0x7f590f7c5cc0>) added
2019-05-11 12:52:55,657 	 [INFO | analyser.py:46] > Running analysis
2019-05-11 12:52:55,658 	 [INFO | analyser.py:34] > Node Sniffer WobblyServiceInteractionSmellSniffer(<microanalyser.analyser.sniffer.WobblyServiceInteractionSmellSniffer object at 0x7f590f7c5c88>) added
2019-05-11 12:52:55,658 	 [INFO | analyser.py:46] > Running analysis
2019-05-11 12:52:55,660 	 [INFO | analyser.py:34] > Node Sniffer SharedPersistencySmellSniffer(<microanalyser.analyser.sniffer.SharedPersistencySmellSniffer object at 0x7f590f7c5cf8>) added
2019-05-11 12:53:18,456 	 [INFO | ymlloader.py:22] > Loading YML file data/examples/helloworld.yml
2019-05-11 12:53:18,500 	 [INFO | analyser.py:42] > Group Sniffer NoApiGatewaySmellSniffer(<microanalyser.analyser.sniffer.NoApiGatewaySmellSniffer object at 0x7ff939a3be48>) added
2019-05-11 12:53:18,500 	 [INFO | analyser.py:46] > Running analysis
2019-05-11 12:53:18,501 	 [INFO | analyser.py:34] > Node Sniffer SharedPersistencySmellSniffer(<microanalyser.analyser.sniffer.SharedPersistencySmellSniffer object at 0x7ff939a3bd30>) added
2019-05-11 12:53:18,501 	 [INFO | analyser.py:46] > Running analysis
2019-05-11 12:53:18,501 	 [INFO | analyser.py:42] > Group Sniffer SingleLayerTeamSmellSniffer(<microanalyser.analyser.sniffer.SingleLayerTeamSmellSniffer object at 0x7ff939a3bd30>) added
2019-05-11 12:53:18,502 	 [INFO | analyser.py:46] > Running analysis
2019-05-11 12:53:18,503 	 [INFO | analyser.py:34] > Node Sniffer WobblyServiceInteractionSmellSniffer(<microanalyser.analyser.sniffer.WobblyServiceInteractionSmellSniffer object at 0x7ff939a3bcf8>) added
2019-05-11 12:53:18,503 	 [INFO | analyser.py:46] > Running analysis
2019-05-11 12:53:18,504 	 [INFO | analyser.py:34] > Node Sniffer SharedPersistencySmellSniffer(<microanalyser.analyser.sniffer.SharedPersistencySmellSniffer object at 0x7ff939a3bcf8>) added
2019-05-11 12:53:37,642 	 [INFO | ymlloader.py:22] > Loading YML file data/examples/helloworld.yml
2019-05-11 12:53:37,678 	 [INFO | analyser.py:42] > Group Sniffer NoApiGatewaySmellSniffer(<microanalyser.analyser.sniffer.NoApiGatewaySmellSniffer object at 0x7ff5cb4c4dd8>) added
2019-05-11 12:53:37,679 	 [INFO | analyser.py:34] > Node Sniffer SharedPersistencySmellSniffer(<microanalyser.analyser.sniffer.SharedPersistencySmellSniffer object at 0x7ff5cb4c4cc0>) added
2019-05-11 12:53:37,679 	 [INFO | analyser.py:42] > Group Sniffer SingleLayerTeamSmellSniffer(<microanalyser.analyser.sniffer.SingleLayerTeamSmellSniffer object at 0x7ff5cb4c4cc0>) added
2019-05-11 12:53:37,681 	 [INFO | analyser.py:34] > Node Sniffer WobblyServiceInteractionSmellSniffer(<microanalyser.analyser.sniffer.WobblyServiceInteractionSmellSniffer object at 0x7ff5cb4c4c88>) added
2019-05-11 12:53:37,682 	 [INFO | analyser.py:34] > Node Sniffer SharedPersistencySmellSniffer(<microanalyser.analyser.sniffer.SharedPersistencySmellSniffer object at 0x7ff5cb4c4c88>) added
2019-05-11 12:53:50,328 	 [INFO | ymlloader.py:22] > Loading YML file data/examples/helloworld.yml
2019-05-11 12:53:50,369 	 [INFO | analyser.py:34] > Node Sniffer WobblyServiceInteractionSmellSniffer(<microanalyser.analyser.sniffer.WobblyServiceInteractionSmellSniffer object at 0x7ff59ca37b70>) added
2019-05-11 12:53:50,369 	 [INFO | analyser.py:42] > Group Sniffer NoApiGatewaySmellSniffer(<microanalyser.analyser.sniffer.NoApiGatewaySmellSniffer object at 0x7ff59ca37a20>) added
2019-05-11 12:53:50,369 	 [INFO | analyser.py:34] > Node Sniffer DirectInteraction(<microanalyser.analyser.sniffer.EndpointBasedServiceInteractionSmellSniffer object at 0x7ff59ca37be0>) added
2019-05-11 12:53:50,369 	 [INFO | analyser.py:34] > Node Sniffer WobblyServiceInteractionSmellSniffer(<microanalyser.analyser.sniffer.WobblyServiceInteractionSmellSniffer object at 0x7ff59ca37b38>) added
2019-05-11 12:53:50,370 	 [INFO | analyser.py:34] > Node Sniffer SharedPersistencySmellSniffer(<microanalyser.analyser.sniffer.SharedPersistencySmellSniffer object at 0x7ff59ca37a90>) added
2019-05-11 12:55:03,608 	 [INFO | ymlloader.py:22] > Loading YML file data/examples/helloworld.yml
2019-05-11 12:55:03,654 	 [INFO | analyser.py:34] > Node Sniffer WobblyServiceInteractionSmellSniffer(<microanalyser.analyser.sniffer.WobblyServiceInteractionSmellSniffer object at 0x7f760a7f91d0>) added
2019-05-11 12:55:03,655 	 [INFO | analyser.py:42] > Group Sniffer NoApiGatewaySmellSniffer(<microanalyser.analyser.sniffer.NoApiGatewaySmellSniffer object at 0x7f760a7f9128>) added
2019-05-11 12:55:03,656 	 [INFO | analyser.py:34] > Node Sniffer DirectInteraction(<microanalyser.analyser.sniffer.EndpointBasedServiceInteractionSmellSniffer object at 0x7f760a7f9eb8>) added
2019-05-11 12:55:03,656 	 [INFO | analyser.py:34] > Node Sniffer WobblyServiceInteractionSmellSniffer(<microanalyser.analyser.sniffer.WobblyServiceInteractionSmellSniffer object at 0x7f760a7f90b8>) added
2019-05-11 12:55:03,657 	 [INFO | analyser.py:34] > Node Sniffer SharedPersistencySmellSniffer(<microanalyser.analyser.sniffer.SharedPersistencySmellSniffer object at 0x7f760a7f9e48>) added
2019-05-11 12:55:45,470 	 [INFO | ymlloader.py:22] > Loading YML file data/examples/helloworld.yml
2019-05-11 12:55:45,506 	 [INFO | analyser.py:34] > Node Sniffer WobblyServiceInteractionSmellSniffer(<microanalyser.analyser.sniffer.WobblyServiceInteractionSmellSniffer object at 0x7f2b276a3128>) added
2019-05-11 12:55:45,506 	 [INFO | analyser.py:42] > Group Sniffer NoApiGatewaySmellSniffer(<microanalyser.analyser.sniffer.NoApiGatewaySmellSniffer object at 0x7f2b276a3f28>) added
2019-05-11 12:55:45,506 	 [INFO | analyser.py:34] > Node Sniffer DirectInteraction(<microanalyser.analyser.sniffer.EndpointBasedServiceInteractionSmellSniffer object at 0x7f2b276a3e10>) added
2019-05-11 12:55:45,507 	 [INFO | analyser.py:34] > Node Sniffer WobblyServiceInteractionSmellSniffer(<microanalyser.analyser.sniffer.WobblyServiceInteractionSmellSniffer object at 0x7f2b276a3eb8>) added
2019-05-11 12:55:45,507 	 [INFO | analyser.py:34] > Node Sniffer SharedPersistencySmellSniffer(<microanalyser.analyser.sniffer.SharedPersistencySmellSniffer object at 0x7f2b276a31d0>) added
2019-05-11 12:56:28,134 	 [INFO | jsonloader.py:17] > Loading JSON file: data/examples/test_relationship.json
2019-05-11 12:56:32,997 	 [INFO | ymlloader.py:22] > Loading YML file data/examples/test_relationship.yml
2019-05-11 12:56:36,732 	 [INFO | jsonloader.py:17] > Loading JSON file: data/examples/helloworld.json
2019-05-11 12:56:38,791 	 [INFO | ymlloader.py:22] > Loading YML file data/examples/helloworld.yml
2019-05-11 12:56:46,545 	 [INFO | ymlloader.py:22] > Loading YML file data/examples/helloworld.yml
2019-05-11 12:59:26,861 	 [INFO | ymlloader.py:22] > Loading YML file data/examples/helloworld.yml
2019-05-11 12:59:45,130 	 [INFO | ymlloader.py:22] > Loading YML file data/examples/helloworld.yml
2019-05-11 13:05:02,374 	 [INFO | ymlloader.py:22] > Loading YML file data/examples/test_relationship.yml
2019-05-11 13:05:19,111 	 [INFO | ymlloader.py:22] > Loading YML file data/examples/test_relationship.yml
2019-05-11 13:05:28,985 	 [INFO | ymlloader.py:22] > Loading YML file data/examples/test_relationship.yml
2019-05-11 13:05:45,468 	 [INFO | ymlloader.py:22] > Loading YML file data/examples/test_relationship.yml
2019-05-11 13:06:14,331 	 [INFO | ymlloader.py:22] > Loading YML file data/examples/test_relationship.yml
2019-05-11 13:06:20,304 	 [INFO | ymlloader.py:22] > Loading YML file data/examples/test_relationship.yml
2019-05-11 13:07:01,514 	 [INFO | ymlloader.py:22] > Loading YML file data/examples/test_relationship.yml
2019-05-11 13:07:06,384 	 [INFO | ymlloader.py:22] > Loading YML file data/examples/test_relationship.yml
2019-05-11 13:07:11,150 	 [INFO | ymlloader.py:22] > Loading YML file data/examples/test_relationship.yml
2019-05-11 13:07:20,293 	 [INFO | ymlloader.py:22] > Loading YML file data/examples/test_relationship.yml
2019-05-11 13:07:41,853 	 [INFO | ymlloader.py:22] > Loading YML file data/examples/test_relationship.yml
2019-05-11 13:08:30,979 	 [INFO | ymlloader.py:22] > Loading YML file data/examples/test_relationship.yml
2019-05-11 13:08:39,817 	 [INFO | ymlloader.py:22] > Loading YML file data/examples/test_relationship.yml
2019-05-11 13:09:07,723 	 [INFO | ymlloader.py:22] > Loading YML file data/examples/test_relationship.yml
2019-05-11 13:09:29,834 	 [INFO | ymlloader.py:22] > Loading YML file data/examples/test_relationship.yml
2019-05-11 13:10:23,757 	 [INFO | ymlloader.py:22] > Loading YML file data/examples/test_relationship.yml
2019-05-11 13:11:00,253 	 [INFO | ymlloader.py:22] > Loading YML file data/examples/test_relationship.yml
2019-05-11 13:11:48,856 	 [INFO | ymlloader.py:22] > Loading YML file data/examples/test_relationship.yml
2019-05-11 13:12:34,204 	 [INFO | ymlloader.py:22] > Loading YML file data/examples/test_relationship.yml
2019-05-11 13:13:26,061 	 [INFO | ymlloader.py:22] > Loading YML file data/examples/test_relationship.yml
2019-05-11 13:13:31,039 	 [INFO | ymlloader.py:22] > Loading YML file data/examples/test_relationship.yml
2019-05-11 14:15:21,160 	 [INFO | ymlloader.py:22] > Loading YML file data/examples/test_relationship.yml
2019-05-11 16:56:48,861 	 [INFO | jsonloader.py:17] > Loading JSON file: data/examples/test_relationship.json
2019-05-11 16:57:23,760 	 [INFO | jsonloader.py:17] > Loading JSON file: data/examples/test_relationship.json
2019-05-11 16:58:07,119 	 [INFO | jsonloader.py:17] > Loading JSON file: data/examples/test_relationship.json
2019-05-11 16:58:31,370 	 [INFO | jsonloader.py:17] > Loading JSON file: data/examples/test_relationship.json
2019-05-11 16:59:36,828 	 [INFO | jsonloader.py:17] > Loading JSON file: data/examples/test_relationship.json
2019-05-11 17:01:00,042 	 [INFO | ymlloader.py:22] > Loading YML file data/examples/test_relationship.yml
2019-05-11 17:02:02,944 	 [INFO | ymlloader.py:22] > Loading YML file data/examples/helloworld.yml
